#
# There is insufficient memory for the Java Runtime Environment to continue.
# Native memory allocation (mmap) failed to map 799014912 bytes for G1 virtual space
# Possible reasons:
#   The system is out of physical RAM or swap space
#   The process is running with CompressedOops enabled, and the Java Heap may be blocking the growth of the native heap
# Possible solutions:
#   Reduce memory load on the system
#   Increase physical memory or swap space
#   Check if swap backing store is full
#   Decrease Java heap size (-Xmx/-Xms)
#   Decrease number of Java threads
#   Decrease Java thread stack sizes (-Xss)
#   Set larger code cache with -XX:ReservedCodeCacheSize=
#   JVM is running with Zero Based Compressed Oops mode in which the Java heap is
#     placed in the first 32GB address space. The Java Heap base address is the
#     maximum limit for the native heap growth. Please use -XX:HeapBaseMinAddress
#     to set the Java Heap base and to place the Java Heap above 32GB virtual address.
# This output file may be truncated or incomplete.
#
#  Out of Memory Error (os_windows.cpp:3532), pid=10580, tid=2168
#
# JRE version: OpenJDK Runtime Environment (17.0.2+8) (build 17.0.2+8-86)
# Java VM: OpenJDK 64-Bit Server VM (17.0.2+8-86, mixed mode, sharing, tiered, compressed oops, compressed class ptrs, g1 gc, windows-amd64)
# No core dump will be written. Minidumps are not enabled by default on client versions of Windows
#

---------------  S U M M A R Y ------------

Command Line: -Dorg.gradle.internal.worker.tmpdir=C:\Users\super\MP\fc-priority-queue-enotvtapke\build\tmp\test\work -Dorg.gradle.native=false -Xmx4g -Dfile.encoding=windows-1251 -Duser.country=RU -Duser.language=ru -Duser.variant -ea worker.org.gradle.process.internal.worker.GradleWorkerMain 'Gradle Test Executor 6'

Host: AMD Ryzen 5 3500U with Radeon Vega Mobile Gfx  , 8 cores, 6G,  Windows 10 , 64 bit Build 19041 (10.0.19041.1889)
Time: Mon Oct 31 23:48:56 2022 RTZ 2 (s 10 , 64 bit Build 19041 (10.0.19041.1889) elapsed time: 9.843561 seconds (0d 0h 0m 9s)

---------------  T H R E A D  ---------------

Current thread (0x00000299dbc77330):  VMThread "VM Thread" [stack: 0x000000f9e1a00000,0x000000f9e1b00000] [id=2168]

Stack: [0x000000f9e1a00000,0x000000f9e1b00000]
Native frames: (J=compiled Java code, j=interpreted, Vv=VM code, C=native code)
V  [jvm.dll+0x670baa]
V  [jvm.dll+0x7cfcb4]
V  [jvm.dll+0x7d145e]
V  [jvm.dll+0x7d1ac3]
V  [jvm.dll+0x242bc5]
V  [jvm.dll+0x66dac9]
V  [jvm.dll+0x662412]
V  [jvm.dll+0x300c0b]
V  [jvm.dll+0x3081a6]
V  [jvm.dll+0x357d0e]
V  [jvm.dll+0x357f3f]
V  [jvm.dll+0x2d7ec8]
V  [jvm.dll+0x2d6194]
V  [jvm.dll+0x2d579c]
V  [jvm.dll+0x3190eb]
V  [jvm.dll+0x7d5f9b]
V  [jvm.dll+0x7d6cd4]
V  [jvm.dll+0x7d71ec]
V  [jvm.dll+0x7d75c4]
V  [jvm.dll+0x7d7690]
V  [jvm.dll+0x77ff7a]
V  [jvm.dll+0x66fa35]
C  [ucrtbase.dll+0x21bb2]
C  [KERNEL32.DLL+0x17034]
C  [ntdll.dll+0x526a1]

VM_Operation (0x000000f9e14f8d40): G1CollectForAllocation, mode: safepoint, requested by thread 0x00000299b6f8ae30


---------------  P R O C E S S  ---------------

Threads class SMR info:
_java_thread_list=0x00000299dea80fe0, length=17, elements={
0x00000299b6f8ae30, 0x00000299dbc7d210, 0x00000299dbc7fdd0, 0x00000299dbc961c0,
0x00000299dbc98b90, 0x00000299dbc99540, 0x00000299dbc9c510, 0x00000299dbca06f0,
0x00000299dbca90f0, 0x00000299dbcbc6c0, 0x00000299dca68470, 0x00000299dca69ca0,
0x00000299dcbfd160, 0x00000299ddbad200, 0x00000299ddeaf080, 0x00000299dd5c0eb0,
0x00000299e4a29800
}

Java Threads: ( => current thread )
  0x00000299b6f8ae30 JavaThread "Test worker" [_thread_blocked, id=8908, stack(0x000000f9e1400000,0x000000f9e1500000)]
  0x00000299dbc7d210 JavaThread "Reference Handler" daemon [_thread_blocked, id=18760, stack(0x000000f9e1b00000,0x000000f9e1c00000)]
  0x00000299dbc7fdd0 JavaThread "Finalizer" daemon [_thread_blocked, id=600, stack(0x000000f9e1c00000,0x000000f9e1d00000)]
  0x00000299dbc961c0 JavaThread "Signal Dispatcher" daemon [_thread_blocked, id=10784, stack(0x000000f9e1d00000,0x000000f9e1e00000)]
  0x00000299dbc98b90 JavaThread "Attach Listener" daemon [_thread_blocked, id=18584, stack(0x000000f9e1e00000,0x000000f9e1f00000)]
  0x00000299dbc99540 JavaThread "Service Thread" daemon [_thread_blocked, id=10256, stack(0x000000f9e1f00000,0x000000f9e2000000)]
  0x00000299dbc9c510 JavaThread "Monitor Deflation Thread" daemon [_thread_blocked, id=4152, stack(0x000000f9e2000000,0x000000f9e2100000)]
  0x00000299dbca06f0 JavaThread "C2 CompilerThread0" daemon [_thread_blocked, id=19040, stack(0x000000f9e2100000,0x000000f9e2200000)]
  0x00000299dbca90f0 JavaThread "C1 CompilerThread0" daemon [_thread_blocked, id=11532, stack(0x000000f9e2200000,0x000000f9e2300000)]
  0x00000299dbcbc6c0 JavaThread "Sweeper thread" daemon [_thread_blocked, id=18384, stack(0x000000f9e2300000,0x000000f9e2400000)]
  0x00000299dca68470 JavaThread "Notification Thread" daemon [_thread_blocked, id=16164, stack(0x000000f9e2400000,0x000000f9e2500000)]
  0x00000299dca69ca0 JavaThread "Common-Cleaner" daemon [_thread_blocked, id=11704, stack(0x000000f9e2600000,0x000000f9e2700000)]
  0x00000299dcbfd160 JavaThread "C2 CompilerThread1" daemon [_thread_blocked, id=412, stack(0x000000f9e2700000,0x000000f9e2800000)]
  0x00000299ddbad200 JavaThread "/127.0.0.1:62248 to /127.0.0.1:62247 workers" [_thread_blocked, id=2844, stack(0x000000f9e2f00000,0x000000f9e3000000)]
  0x00000299ddeaf080 JavaThread "/127.0.0.1:62248 to /127.0.0.1:62247 workers Thread 2" [_thread_blocked, id=9932, stack(0x000000f9e3000000,0x000000f9e3100000)]
  0x00000299dd5c0eb0 JavaThread "/127.0.0.1:62248 to /127.0.0.1:62247 workers Thread 3" [_thread_in_native, id=14560, stack(0x000000f9e3100000,0x000000f9e3200000)]
  0x00000299e4a29800 JavaThread "FixedActiveThreadsExecutor@1184248953-0" [_thread_blocked, id=1776, stack(0x000000f9e3300000,0x000000f9e3400000)]

Other Threads:
=>0x00000299dbc77330 VMThread "VM Thread" [stack: 0x000000f9e1a00000,0x000000f9e1b00000] [id=2168]
  0x00000299dca68940 WatcherThread [stack: 0x000000f9e2500000,0x000000f9e2600000] [id=17308]
  0x00000299b6fdbb50 GCTaskThread "GC Thread#0" [stack: 0x000000f9e1500000,0x000000f9e1600000] [id=18436]
  0x00000299dd3d94f0 GCTaskThread "GC Thread#1" [stack: 0x000000f9e2800000,0x000000f9e2900000] [id=13588]
  0x00000299dccbac80 GCTaskThread "GC Thread#2" [stack: 0x000000f9e2900000,0x000000f9e2a00000] [id=3588]
  0x00000299dddcebb0 GCTaskThread "GC Thread#3" [stack: 0x000000f9e2b00000,0x000000f9e2c00000] [id=15964]
  0x00000299ddaf9cd0 GCTaskThread "GC Thread#4" [stack: 0x000000f9e2c00000,0x000000f9e2d00000] [id=1244]
  0x00000299ddbe5160 GCTaskThread "GC Thread#5" [stack: 0x000000f9e2d00000,0x000000f9e2e00000] [id=18132]
  0x00000299ddbe5410 GCTaskThread "GC Thread#6" [stack: 0x000000f9e2e00000,0x000000f9e2f00000] [id=1608]
  0x00000299dcabb6a0 GCTaskThread "GC Thread#7" [stack: 0x000000f9e3200000,0x000000f9e3300000] [id=19264]
  0x00000299b6feca90 ConcurrentGCThread "G1 Main Marker" [stack: 0x000000f9e1600000,0x000000f9e1700000] [id=19428]
  0x00000299b6fed4a0 ConcurrentGCThread "G1 Conc#0" [stack: 0x000000f9e1700000,0x000000f9e1800000] [id=14348]
  0x00000299dea81ea0 ConcurrentGCThread "G1 Conc#1" [stack: 0x000000f9e3b00000,0x000000f9e3c00000] [id=10016]
  0x00000299b7019810 ConcurrentGCThread "G1 Refine#0" [stack: 0x000000f9e1800000,0x000000f9e1900000] [id=17828]
  0x00000299de80d800 ConcurrentGCThread "G1 Refine#1" [stack: 0x000000f9e3600000,0x000000f9e3700000] [id=1044]
  0x00000299e0b277a0 ConcurrentGCThread "G1 Refine#2" [stack: 0x000000f9e3700000,0x000000f9e3800000] [id=17672]
  0x00000299e17249e0 ConcurrentGCThread "G1 Refine#3" [stack: 0x000000f9e3800000,0x000000f9e3900000] [id=17684]
  0x00000299e1724cc0 ConcurrentGCThread "G1 Refine#4" [stack: 0x000000f9e3900000,0x000000f9e3a00000] [id=16944]
  0x00000299e127bd50 ConcurrentGCThread "G1 Refine#5" [stack: 0x000000f9e3a00000,0x000000f9e3b00000] [id=12784]
  0x00000299de7da1c0 ConcurrentGCThread "G1 Refine#6" [stack: 0x000000f9e3c00000,0x000000f9e3d00000] [id=12444]
  0x00000299b701a0d0 ConcurrentGCThread "G1 Service" [stack: 0x000000f9e1900000,0x000000f9e1a00000] [id=14460]

Threads with active compile tasks:
C2 CompilerThread0     9875 3548       4       org.jetbrains.kotlinx.lincheck.strategy.managed.ObjectManager::addDependency (44 bytes)

VM state: at safepoint (normal execution)

VM Mutex/Monitor currently owned by a thread:  ([mutex/lock_event])
[0x00000299b6f86ec0] Threads_lock - owner thread: 0x00000299dbc77330
[0x00000299b6f87a00] Heap_lock - owner thread: 0x00000299b6f8ae30

Heap address: 0x0000000700000000, size: 4096 MB, Compressed Oops mode: Zero based, Oop shift amount: 3

CDS archive(s) mapped at: [0x0000000800000000-0x0000000800bc0000-0x0000000800bc0000), size 12320768, SharedBaseAddress: 0x0000000800000000, ArchiveRelocationMode: 0.
Compressed class space mapped at: 0x0000000800c00000-0x0000000840c00000, reserved size: 1073741824
Narrow klass base: 0x0000000800000000, Narrow klass shift: 0, Narrow klass range: 0x100000000

GC Precious Log:
 CPUs: 8 total, 8 available
 Memory: 7103M
 Large Page Support: Disabled
 NUMA Support: Disabled
 Compressed Oops: Enabled (Zero based)
 Heap Region Size: 2M
 Heap Min Capacity: 8M
 Heap Initial Capacity: 112M
 Heap Max Capacity: 4G
 Pre-touch: Disabled
 Parallel Workers: 8
 Concurrent Workers: 2
 Concurrent Refinement Workers: 8
 Periodic GC: Disabled

Heap:
 garbage-first heap   total 624640K, used 240089K [0x0000000700000000, 0x0000000800000000)
  region size 2048K, 2 young (4096K), 2 survivors (4096K)
 Metaspace       used 22014K, committed 22400K, reserved 1081344K
  class space    used 2251K, committed 2432K, reserved 1048576K

Heap Regions: E=young(eden), S=young(survivor), O=old, HS=humongous(starts), HC=humongous(continues), CS=collection set, F=free, OA=open archive, CA=closed archive, TAMS=top-at-mark-start (previous, next)
|   0|0x0000000700000000, 0x0000000700200000, 0x0000000700200000|100%| O|  |TAMS 0x0000000700200000, 0x0000000700000000| Untracked 
|   1|0x0000000700200000, 0x0000000700400000, 0x0000000700400000|100%| O|  |TAMS 0x0000000700400000, 0x0000000700200000| Untracked 
|   2|0x0000000700400000, 0x0000000700600000, 0x0000000700600000|100%| O|  |TAMS 0x0000000700600000, 0x0000000700400000| Untracked 
|   3|0x0000000700600000, 0x0000000700800000, 0x0000000700800000|100%| O|  |TAMS 0x0000000700800000, 0x0000000700600000| Untracked 
|   4|0x0000000700800000, 0x0000000700a00000, 0x0000000700a00000|100%| O|  |TAMS 0x0000000700a00000, 0x0000000700800000| Untracked 
|   5|0x0000000700a00000, 0x0000000700c00000, 0x0000000700c00000|100%| O|  |TAMS 0x0000000700c00000, 0x0000000700a00000| Untracked 
|   6|0x0000000700c00000, 0x0000000700e00000, 0x0000000700e00000|100%| O|  |TAMS 0x0000000700e00000, 0x0000000700c00000| Untracked 
|   7|0x0000000700e00000, 0x0000000701000000, 0x0000000701000000|100%| O|  |TAMS 0x0000000701000000, 0x0000000700e00000| Untracked 
|   8|0x0000000701000000, 0x0000000701200000, 0x0000000701200000|100%| O|  |TAMS 0x0000000701200000, 0x0000000701000000| Untracked 
|   9|0x0000000701200000, 0x0000000701400000, 0x0000000701400000|100%| O|  |TAMS 0x0000000701400000, 0x0000000701200000| Untracked 
|  10|0x0000000701400000, 0x0000000701600000, 0x0000000701600000|100%| O|  |TAMS 0x0000000701600000, 0x0000000701400000| Untracked 
|  11|0x0000000701600000, 0x0000000701800000, 0x0000000701800000|100%| O|  |TAMS 0x0000000701800000, 0x0000000701600000| Untracked 
|  12|0x0000000701800000, 0x0000000701a00000, 0x0000000701a00000|100%| O|  |TAMS 0x0000000701a00000, 0x0000000701800000| Untracked 
|  13|0x0000000701a00000, 0x0000000701c00000, 0x0000000701c00000|100%| O|  |TAMS 0x0000000701c00000, 0x0000000701a00000| Untracked 
|  14|0x0000000701c00000, 0x0000000701e00000, 0x0000000701e00000|100%| O|  |TAMS 0x0000000701e00000, 0x0000000701c00000| Untracked 
|  15|0x0000000701e00000, 0x0000000702000000, 0x0000000702000000|100%| O|  |TAMS 0x0000000702000000, 0x0000000701e00000| Untracked 
|  16|0x0000000702000000, 0x0000000702200000, 0x0000000702200000|100%| O|  |TAMS 0x0000000702200000, 0x0000000702000000| Untracked 
|  17|0x0000000702200000, 0x0000000702400000, 0x0000000702400000|100%| O|  |TAMS 0x0000000702400000, 0x0000000702200000| Untracked 
|  18|0x0000000702400000, 0x0000000702600000, 0x0000000702600000|100%| O|  |TAMS 0x0000000702600000, 0x0000000702400000| Untracked 
|  19|0x0000000702600000, 0x0000000702800000, 0x0000000702800000|100%| O|  |TAMS 0x0000000702800000, 0x0000000702600000| Untracked 
|  20|0x0000000702800000, 0x0000000702a00000, 0x0000000702a00000|100%| O|  |TAMS 0x0000000702a00000, 0x0000000702800000| Untracked 
|  21|0x0000000702a00000, 0x0000000702c00000, 0x0000000702c00000|100%| O|  |TAMS 0x0000000702c00000, 0x0000000702a00000| Untracked 
|  22|0x0000000702c00000, 0x0000000702e00000, 0x0000000702e00000|100%| O|  |TAMS 0x0000000702e00000, 0x0000000702c00000| Untracked 
|  23|0x0000000702e00000, 0x0000000703000000, 0x0000000703000000|100%| O|  |TAMS 0x0000000703000000, 0x0000000702e00000| Untracked 
|  24|0x0000000703000000, 0x0000000703200000, 0x0000000703200000|100%| O|  |TAMS 0x0000000703200000, 0x0000000703000000| Untracked 
|  25|0x0000000703200000, 0x0000000703400000, 0x0000000703400000|100%| O|  |TAMS 0x0000000703400000, 0x0000000703200000| Untracked 
|  26|0x0000000703400000, 0x0000000703600000, 0x0000000703600000|100%| O|  |TAMS 0x0000000703600000, 0x0000000703400000| Untracked 
|  27|0x0000000703600000, 0x0000000703800000, 0x0000000703800000|100%| O|  |TAMS 0x0000000703800000, 0x0000000703600000| Untracked 
|  28|0x0000000703800000, 0x0000000703a00000, 0x0000000703a00000|100%| O|  |TAMS 0x0000000703a00000, 0x0000000703800000| Untracked 
|  29|0x0000000703a00000, 0x0000000703c00000, 0x0000000703c00000|100%| O|  |TAMS 0x0000000703c00000, 0x0000000703a00000| Untracked 
|  30|0x0000000703c00000, 0x0000000703e00000, 0x0000000703e00000|100%| O|  |TAMS 0x0000000703e00000, 0x0000000703c00000| Untracked 
|  31|0x0000000703e00000, 0x0000000704000000, 0x0000000704000000|100%| O|  |TAMS 0x0000000704000000, 0x0000000703e00000| Untracked 
|  32|0x0000000704000000, 0x0000000704200000, 0x0000000704200000|100%| O|  |TAMS 0x0000000704200000, 0x0000000704000000| Untracked 
|  33|0x0000000704200000, 0x0000000704400000, 0x0000000704400000|100%| O|  |TAMS 0x0000000704400000, 0x0000000704200000| Untracked 
|  34|0x0000000704400000, 0x0000000704600000, 0x0000000704600000|100%| O|  |TAMS 0x0000000704600000, 0x0000000704400000| Untracked 
|  35|0x0000000704600000, 0x0000000704800000, 0x0000000704800000|100%| O|  |TAMS 0x0000000704800000, 0x0000000704600000| Untracked 
|  36|0x0000000704800000, 0x0000000704a00000, 0x0000000704a00000|100%| O|  |TAMS 0x0000000704a00000, 0x0000000704800000| Untracked 
|  37|0x0000000704a00000, 0x0000000704c00000, 0x0000000704c00000|100%| O|  |TAMS 0x0000000704c00000, 0x0000000704a00000| Untracked 
|  38|0x0000000704c00000, 0x0000000704e00000, 0x0000000704e00000|100%| O|  |TAMS 0x0000000704e00000, 0x0000000704c00000| Untracked 
|  39|0x0000000704e00000, 0x0000000705000000, 0x0000000705000000|100%| O|  |TAMS 0x0000000705000000, 0x0000000704e00000| Untracked 
|  40|0x0000000705000000, 0x0000000705200000, 0x0000000705200000|100%| O|  |TAMS 0x0000000705200000, 0x0000000705000000| Untracked 
|  41|0x0000000705200000, 0x0000000705400000, 0x0000000705400000|100%| O|  |TAMS 0x0000000705400000, 0x0000000705200000| Untracked 
|  42|0x0000000705400000, 0x0000000705600000, 0x0000000705600000|100%| O|  |TAMS 0x0000000705600000, 0x0000000705400000| Untracked 
|  43|0x0000000705600000, 0x0000000705800000, 0x0000000705800000|100%| O|  |TAMS 0x0000000705800000, 0x0000000705600000| Untracked 
|  44|0x0000000705800000, 0x0000000705a00000, 0x0000000705a00000|100%| O|  |TAMS 0x0000000705800000, 0x0000000705800000| Untracked 
|  45|0x0000000705a00000, 0x0000000705c00000, 0x0000000705c00000|100%| O|  |TAMS 0x0000000705a00000, 0x0000000705a00000| Untracked 
|  46|0x0000000705c00000, 0x0000000705e00000, 0x0000000705e00000|100%| O|  |TAMS 0x0000000705c00000, 0x0000000705c00000| Untracked 
|  47|0x0000000705e00000, 0x0000000706000000, 0x0000000706000000|100%| O|  |TAMS 0x0000000705e00000, 0x0000000705e00000| Untracked 
|  48|0x0000000706000000, 0x0000000706200000, 0x0000000706200000|100%| O|  |TAMS 0x0000000706000000, 0x0000000706000000| Untracked 
|  49|0x0000000706200000, 0x0000000706400000, 0x0000000706400000|100%| O|  |TAMS 0x0000000706200000, 0x0000000706200000| Untracked 
|  50|0x0000000706400000, 0x0000000706600000, 0x0000000706600000|100%| O|  |TAMS 0x0000000706400000, 0x0000000706400000| Untracked 
|  51|0x0000000706600000, 0x0000000706800000, 0x0000000706800000|100%| O|  |TAMS 0x0000000706600000, 0x0000000706600000| Untracked 
|  52|0x0000000706800000, 0x0000000706a00000, 0x0000000706a00000|100%| O|  |TAMS 0x0000000706800000, 0x0000000706800000| Untracked 
|  53|0x0000000706a00000, 0x0000000706c00000, 0x0000000706c00000|100%| O|  |TAMS 0x0000000706a00000, 0x0000000706a00000| Untracked 
|  54|0x0000000706c00000, 0x0000000706e00000, 0x0000000706e00000|100%| O|  |TAMS 0x0000000706e00000, 0x0000000706c00000| Untracked 
|  55|0x0000000706e00000, 0x0000000706e00000, 0x0000000707000000|  0%| F|  |TAMS 0x0000000706e00000, 0x0000000706e00000| Untracked 
|  56|0x0000000707000000, 0x0000000707200000, 0x0000000707200000|100%| O|  |TAMS 0x0000000707000000, 0x0000000707000000| Untracked 
|  57|0x0000000707200000, 0x0000000707200000, 0x0000000707400000|  0%| F|  |TAMS 0x0000000707200000, 0x0000000707200000| Untracked 
|  58|0x0000000707400000, 0x0000000707600000, 0x0000000707600000|100%| O|  |TAMS 0x0000000707400000, 0x0000000707400000| Untracked 
|  59|0x0000000707600000, 0x0000000707800000, 0x0000000707800000|100%| O|  |TAMS 0x0000000707600000, 0x0000000707600000| Untracked 
|  60|0x0000000707800000, 0x0000000707a00000, 0x0000000707a00000|100%| O|  |TAMS 0x0000000707800000, 0x0000000707800000| Untracked 
|  61|0x0000000707a00000, 0x0000000707c00000, 0x0000000707c00000|100%| O|  |TAMS 0x0000000707a00000, 0x0000000707a00000| Untracked 
|  62|0x0000000707c00000, 0x0000000707e00000, 0x0000000707e00000|100%| O|  |TAMS 0x0000000707c00000, 0x0000000707c00000| Untracked 
|  63|0x0000000707e00000, 0x0000000708000000, 0x0000000708000000|100%| O|  |TAMS 0x0000000707e00000, 0x0000000707e00000| Untracked 
|  64|0x0000000708000000, 0x0000000708200000, 0x0000000708200000|100%| O|  |TAMS 0x0000000708000000, 0x0000000708000000| Untracked 
|  65|0x0000000708200000, 0x0000000708400000, 0x0000000708400000|100%| O|  |TAMS 0x0000000708200000, 0x0000000708200000| Untracked 
|  66|0x0000000708400000, 0x0000000708600000, 0x0000000708600000|100%| O|  |TAMS 0x0000000708600000, 0x0000000708400000| Untracked 
|  67|0x0000000708600000, 0x0000000708800000, 0x0000000708800000|100%| O|  |TAMS 0x0000000708600000, 0x0000000708600000| Untracked 
|  68|0x0000000708800000, 0x0000000708a00000, 0x0000000708a00000|100%| O|  |TAMS 0x0000000708a00000, 0x0000000708800000| Untracked 
|  69|0x0000000708a00000, 0x0000000708c00000, 0x0000000708c00000|100%| O|  |TAMS 0x0000000708a00000, 0x0000000708a00000| Untracked 
|  70|0x0000000708c00000, 0x0000000708e00000, 0x0000000708e00000|100%| O|  |TAMS 0x0000000708c00000, 0x0000000708c00000| Untracked 
|  71|0x0000000708e00000, 0x0000000708e00000, 0x0000000709000000|  0%| F|  |TAMS 0x0000000708e00000, 0x0000000708e00000| Untracked 
|  72|0x0000000709000000, 0x0000000709000000, 0x0000000709200000|  0%| F|  |TAMS 0x0000000709000000, 0x0000000709000000| Untracked 
|  73|0x0000000709200000, 0x0000000709400000, 0x0000000709400000|100%| O|  |TAMS 0x0000000709200000, 0x0000000709200000| Untracked 
|  74|0x0000000709400000, 0x0000000709600000, 0x0000000709600000|100%| O|  |TAMS 0x0000000709400000, 0x0000000709400000| Untracked 
|  75|0x0000000709600000, 0x0000000709600000, 0x0000000709800000|  0%| F|  |TAMS 0x0000000709600000, 0x0000000709600000| Untracked 
|  76|0x0000000709800000, 0x0000000709800000, 0x0000000709a00000|  0%| F|  |TAMS 0x0000000709800000, 0x0000000709800000| Untracked 
|  77|0x0000000709a00000, 0x0000000709c00000, 0x0000000709c00000|100%| O|  |TAMS 0x0000000709c00000, 0x0000000709a00000| Untracked 
|  78|0x0000000709c00000, 0x0000000709e00000, 0x0000000709e00000|100%| O|  |TAMS 0x0000000709c00000, 0x0000000709c00000| Untracked 
|  79|0x0000000709e00000, 0x000000070a000000, 0x000000070a000000|100%| O|  |TAMS 0x0000000709e00000, 0x0000000709e00000| Untracked 
|  80|0x000000070a000000, 0x000000070a200000, 0x000000070a200000|100%| O|  |TAMS 0x000000070a000000, 0x000000070a000000| Untracked 
|  81|0x000000070a200000, 0x000000070a400000, 0x000000070a400000|100%| O|  |TAMS 0x000000070a200000, 0x000000070a200000| Untracked 
|  82|0x000000070a400000, 0x000000070a600000, 0x000000070a600000|100%| O|  |TAMS 0x000000070a400000, 0x000000070a400000| Untracked 
|  83|0x000000070a600000, 0x000000070a800000, 0x000000070a800000|100%| O|  |TAMS 0x000000070a600000, 0x000000070a600000| Untracked 
|  84|0x000000070a800000, 0x000000070aa00000, 0x000000070aa00000|100%| O|  |TAMS 0x000000070a800000, 0x000000070a800000| Untracked 
|  85|0x000000070aa00000, 0x000000070ac00000, 0x000000070ac00000|100%| O|  |TAMS 0x000000070aa00000, 0x000000070aa00000| Untracked 
|  86|0x000000070ac00000, 0x000000070ac00000, 0x000000070ae00000|  0%| F|  |TAMS 0x000000070ac00000, 0x000000070ac00000| Untracked 
|  87|0x000000070ae00000, 0x000000070ae00000, 0x000000070b000000|  0%| F|  |TAMS 0x000000070ae00000, 0x000000070ae00000| Untracked 
|  88|0x000000070b000000, 0x000000070b000000, 0x000000070b200000|  0%| F|  |TAMS 0x000000070b000000, 0x000000070b000000| Untracked 
|  89|0x000000070b200000, 0x000000070b200000, 0x000000070b400000|  0%| F|  |TAMS 0x000000070b200000, 0x000000070b200000| Untracked 
|  90|0x000000070b400000, 0x000000070b400000, 0x000000070b600000|  0%| F|  |TAMS 0x000000070b400000, 0x000000070b400000| Untracked 
|  91|0x000000070b600000, 0x000000070b600000, 0x000000070b800000|  0%| F|  |TAMS 0x000000070b600000, 0x000000070b600000| Untracked 
|  92|0x000000070b800000, 0x000000070b800000, 0x000000070ba00000|  0%| F|  |TAMS 0x000000070b800000, 0x000000070b800000| Untracked 
|  93|0x000000070ba00000, 0x000000070ba00000, 0x000000070bc00000|  0%| F|  |TAMS 0x000000070ba00000, 0x000000070ba00000| Untracked 
|  94|0x000000070bc00000, 0x000000070bc00000, 0x000000070be00000|  0%| F|  |TAMS 0x000000070bc00000, 0x000000070bc00000| Untracked 
|  95|0x000000070be00000, 0x000000070be00000, 0x000000070c000000|  0%| F|  |TAMS 0x000000070be00000, 0x000000070be00000| Untracked 
|  96|0x000000070c000000, 0x000000070c000000, 0x000000070c200000|  0%| F|  |TAMS 0x000000070c000000, 0x000000070c000000| Untracked 
|  97|0x000000070c200000, 0x000000070c200000, 0x000000070c400000|  0%| F|  |TAMS 0x000000070c200000, 0x000000070c200000| Untracked 
|  98|0x000000070c400000, 0x000000070c600000, 0x000000070c600000|100%| O|  |TAMS 0x000000070c600000, 0x000000070c400000| Untracked 
|  99|0x000000070c600000, 0x000000070c600000, 0x000000070c800000|  0%| F|  |TAMS 0x000000070c600000, 0x000000070c600000| Untracked 
| 100|0x000000070c800000, 0x000000070c800000, 0x000000070ca00000|  0%| F|  |TAMS 0x000000070c800000, 0x000000070c800000| Untracked 
| 101|0x000000070ca00000, 0x000000070ca00000, 0x000000070cc00000|  0%| F|  |TAMS 0x000000070ca00000, 0x000000070ca00000| Untracked 
| 102|0x000000070cc00000, 0x000000070cc00000, 0x000000070ce00000|  0%| F|  |TAMS 0x000000070cc00000, 0x000000070cc00000| Untracked 
| 103|0x000000070ce00000, 0x000000070ce00000, 0x000000070d000000|  0%| F|  |TAMS 0x000000070ce00000, 0x000000070ce00000| Untracked 
| 104|0x000000070d000000, 0x000000070d000000, 0x000000070d200000|  0%| F|  |TAMS 0x000000070d000000, 0x000000070d000000| Untracked 
| 105|0x000000070d200000, 0x000000070d200000, 0x000000070d400000|  0%| F|  |TAMS 0x000000070d200000, 0x000000070d200000| Untracked 
| 106|0x000000070d400000, 0x000000070d400000, 0x000000070d600000|  0%| F|  |TAMS 0x000000070d400000, 0x000000070d400000| Untracked 
| 107|0x000000070d600000, 0x000000070d600000, 0x000000070d800000|  0%| F|  |TAMS 0x000000070d600000, 0x000000070d600000| Untracked 
| 108|0x000000070d800000, 0x000000070d800000, 0x000000070da00000|  0%| F|  |TAMS 0x000000070d800000, 0x000000070d800000| Untracked 
| 109|0x000000070da00000, 0x000000070da00000, 0x000000070dc00000|  0%| F|  |TAMS 0x000000070da00000, 0x000000070da00000| Untracked 
| 110|0x000000070dc00000, 0x000000070dc00000, 0x000000070de00000|  0%| F|  |TAMS 0x000000070dc00000, 0x000000070dc00000| Untracked 
| 111|0x000000070de00000, 0x000000070de00000, 0x000000070e000000|  0%| F|  |TAMS 0x000000070de00000, 0x000000070de00000| Untracked 
| 112|0x000000070e000000, 0x000000070e000000, 0x000000070e200000|  0%| F|  |TAMS 0x000000070e000000, 0x000000070e000000| Untracked 
| 113|0x000000070e200000, 0x000000070e200000, 0x000000070e400000|  0%| F|  |TAMS 0x000000070e200000, 0x000000070e200000| Untracked 
| 114|0x000000070e400000, 0x000000070e400000, 0x000000070e600000|  0%| F|  |TAMS 0x000000070e400000, 0x000000070e400000| Untracked 
| 115|0x000000070e600000, 0x000000070e600000, 0x000000070e800000|  0%| F|  |TAMS 0x000000070e600000, 0x000000070e600000| Untracked 
| 116|0x000000070e800000, 0x000000070e800000, 0x000000070ea00000|  0%| F|  |TAMS 0x000000070e800000, 0x000000070e800000| Untracked 
| 117|0x000000070ea00000, 0x000000070ec00000, 0x000000070ec00000|100%| O|  |TAMS 0x000000070ec00000, 0x000000070ea00000| Untracked 
| 118|0x000000070ec00000, 0x000000070ee00000, 0x000000070ee00000|100%| O|  |TAMS 0x000000070ee00000, 0x000000070ec00000| Untracked 
| 119|0x000000070ee00000, 0x000000070f000000, 0x000000070f000000|100%| O|  |TAMS 0x000000070f000000, 0x000000070ee00000| Untracked 
| 120|0x000000070f000000, 0x000000070f200000, 0x000000070f200000|100%| O|  |TAMS 0x000000070f200000, 0x000000070f000000| Untracked 
| 121|0x000000070f200000, 0x000000070f200000, 0x000000070f400000|  0%| F|  |TAMS 0x000000070f200000, 0x000000070f200000| Untracked 
| 122|0x000000070f400000, 0x000000070f400000, 0x000000070f600000|  0%| F|  |TAMS 0x000000070f400000, 0x000000070f400000| Untracked 
| 123|0x000000070f600000, 0x000000070f600000, 0x000000070f800000|  0%| F|  |TAMS 0x000000070f600000, 0x000000070f600000| Untracked 
| 124|0x000000070f800000, 0x000000070f800000, 0x000000070fa00000|  0%| F|  |TAMS 0x000000070f800000, 0x000000070f800000| Untracked 
| 125|0x000000070fa00000, 0x000000070fc00000, 0x000000070fc00000|100%| O|  |TAMS 0x000000070fc00000, 0x000000070fa00000| Untracked 
| 126|0x000000070fc00000, 0x000000070fe00000, 0x000000070fe00000|100%| O|  |TAMS 0x000000070fe00000, 0x000000070fc00000| Untracked 
| 127|0x000000070fe00000, 0x0000000710000000, 0x0000000710000000|100%| O|  |TAMS 0x0000000710000000, 0x000000070fe00000| Untracked 
| 128|0x0000000710000000, 0x0000000710200000, 0x0000000710200000|100%| O|  |TAMS 0x0000000710200000, 0x0000000710000000| Untracked 
| 129|0x0000000710200000, 0x0000000710400000, 0x0000000710400000|100%| O|  |TAMS 0x0000000710400000, 0x0000000710200000| Untracked 
| 130|0x0000000710400000, 0x0000000710600000, 0x0000000710600000|100%| O|  |TAMS 0x0000000710600000, 0x0000000710400000| Untracked 
| 131|0x0000000710600000, 0x0000000710800000, 0x0000000710800000|100%| O|  |TAMS 0x0000000710800000, 0x0000000710600000| Untracked 
| 132|0x0000000710800000, 0x0000000710a00000, 0x0000000710a00000|100%| O|  |TAMS 0x0000000710a00000, 0x0000000710800000| Untracked 
| 133|0x0000000710a00000, 0x0000000710c00000, 0x0000000710c00000|100%| O|  |TAMS 0x0000000710c00000, 0x0000000710a00000| Untracked 
| 134|0x0000000710c00000, 0x0000000710e00000, 0x0000000710e00000|100%| O|  |TAMS 0x0000000710e00000, 0x0000000710c00000| Untracked 
| 135|0x0000000710e00000, 0x0000000711000000, 0x0000000711000000|100%| O|  |TAMS 0x0000000711000000, 0x0000000710e00000| Untracked 
| 136|0x0000000711000000, 0x0000000711000000, 0x0000000711200000|  0%| F|  |TAMS 0x0000000711000000, 0x0000000711000000| Untracked 
| 137|0x0000000711200000, 0x0000000711200000, 0x0000000711400000|  0%| F|  |TAMS 0x0000000711200000, 0x0000000711200000| Untracked 
| 138|0x0000000711400000, 0x0000000711400000, 0x0000000711600000|  0%| F|  |TAMS 0x0000000711400000, 0x0000000711400000| Untracked 
| 139|0x0000000711600000, 0x0000000711800000, 0x0000000711800000|100%| O|  |TAMS 0x00000007117d8c00, 0x0000000711600000| Untracked 
| 140|0x0000000711800000, 0x0000000711a00000, 0x0000000711a00000|100%| O|  |TAMS 0x0000000711800000, 0x0000000711800000| Untracked 
| 141|0x0000000711a00000, 0x0000000711c00000, 0x0000000711c00000|100%| O|  |TAMS 0x0000000711a00000, 0x0000000711a00000| Untracked 
| 142|0x0000000711c00000, 0x0000000711e00000, 0x0000000711e00000|100%| O|  |TAMS 0x0000000711c00000, 0x0000000711c00000| Untracked 
| 143|0x0000000711e00000, 0x0000000712000000, 0x0000000712000000|100%| O|  |TAMS 0x0000000711e00000, 0x0000000711e00000| Untracked 
| 144|0x0000000712000000, 0x0000000712200000, 0x0000000712200000|100%| O|  |TAMS 0x0000000712000000, 0x0000000712000000| Untracked 
| 145|0x0000000712200000, 0x0000000712400000, 0x0000000712400000|100%| O|  |TAMS 0x0000000712200000, 0x0000000712200000| Untracked 
| 146|0x0000000712400000, 0x0000000712600000, 0x0000000712600000|100%| O|  |TAMS 0x0000000712400000, 0x0000000712400000| Untracked 
| 147|0x0000000712600000, 0x0000000712800000, 0x0000000712800000|100%| O|  |TAMS 0x0000000712600000, 0x0000000712600000| Untracked 
| 148|0x0000000712800000, 0x0000000712a00000, 0x0000000712a00000|100%| O|  |TAMS 0x0000000712800000, 0x0000000712800000| Untracked 
| 149|0x0000000712a00000, 0x0000000712c00000, 0x0000000712c00000|100%| O|  |TAMS 0x0000000712a00000, 0x0000000712a00000| Untracked 
| 150|0x0000000712c00000, 0x0000000712e00000, 0x0000000712e00000|100%| O|  |TAMS 0x0000000712c00000, 0x0000000712c00000| Untracked 
| 151|0x0000000712e00000, 0x0000000713000000, 0x0000000713000000|100%| O|  |TAMS 0x0000000712e00000, 0x0000000712e00000| Untracked 
| 152|0x0000000713000000, 0x0000000713200000, 0x0000000713200000|100%| O|  |TAMS 0x0000000713000000, 0x0000000713000000| Untracked 
| 153|0x0000000713200000, 0x0000000713400000, 0x0000000713400000|100%| O|  |TAMS 0x0000000713200000, 0x0000000713200000| Untracked 
| 154|0x0000000713400000, 0x0000000713600000, 0x0000000713600000|100%| O|  |TAMS 0x0000000713400000, 0x0000000713400000| Untracked 
| 155|0x0000000713600000, 0x0000000713800000, 0x0000000713800000|100%| O|  |TAMS 0x0000000713600000, 0x0000000713600000| Untracked 
| 156|0x0000000713800000, 0x0000000713a00000, 0x0000000713a00000|100%| O|  |TAMS 0x0000000713800000, 0x0000000713800000| Untracked 
| 157|0x0000000713a00000, 0x0000000713c00000, 0x0000000713c00000|100%| O|  |TAMS 0x0000000713a00000, 0x0000000713a00000| Untracked 
| 158|0x0000000713c00000, 0x0000000713e00000, 0x0000000713e00000|100%| O|  |TAMS 0x0000000713c00000, 0x0000000713c00000| Untracked 
| 159|0x0000000713e00000, 0x0000000713e00000, 0x0000000714000000|  0%| F|  |TAMS 0x0000000713e00000, 0x0000000713e00000| Untracked 
| 160|0x0000000714000000, 0x0000000714000000, 0x0000000714200000|  0%| F|  |TAMS 0x0000000714000000, 0x0000000714000000| Untracked 
| 161|0x0000000714200000, 0x0000000714200000, 0x0000000714400000|  0%| F|  |TAMS 0x0000000714200000, 0x0000000714200000| Untracked 
| 162|0x0000000714400000, 0x0000000714400000, 0x0000000714600000|  0%| F|  |TAMS 0x0000000714400000, 0x0000000714400000| Untracked 
| 163|0x0000000714600000, 0x0000000714600000, 0x0000000714800000|  0%| F|  |TAMS 0x0000000714600000, 0x0000000714600000| Untracked 
| 164|0x0000000714800000, 0x0000000714800000, 0x0000000714a00000|  0%| F|  |TAMS 0x0000000714800000, 0x0000000714800000| Untracked 
| 165|0x0000000714a00000, 0x0000000714a00000, 0x0000000714c00000|  0%| F|  |TAMS 0x0000000714a00000, 0x0000000714a00000| Untracked 
| 166|0x0000000714c00000, 0x0000000714c00000, 0x0000000714e00000|  0%| F|  |TAMS 0x0000000714c00000, 0x0000000714c00000| Untracked 
| 167|0x0000000714e00000, 0x0000000714e00000, 0x0000000715000000|  0%| F|  |TAMS 0x0000000714e00000, 0x0000000714e00000| Untracked 
| 168|0x0000000715000000, 0x0000000715000000, 0x0000000715200000|  0%| F|  |TAMS 0x0000000715000000, 0x0000000715000000| Untracked 
| 169|0x0000000715200000, 0x0000000715200000, 0x0000000715400000|  0%| F|  |TAMS 0x0000000715200000, 0x0000000715200000| Untracked 
| 170|0x0000000715400000, 0x0000000715400000, 0x0000000715600000|  0%| F|  |TAMS 0x0000000715400000, 0x0000000715400000| Untracked 
| 171|0x0000000715600000, 0x0000000715600000, 0x0000000715800000|  0%| F|  |TAMS 0x0000000715600000, 0x0000000715600000| Untracked 
| 172|0x0000000715800000, 0x0000000715800000, 0x0000000715a00000|  0%| F|  |TAMS 0x0000000715800000, 0x0000000715800000| Untracked 
| 173|0x0000000715a00000, 0x0000000715a00000, 0x0000000715c00000|  0%| F|  |TAMS 0x0000000715a00000, 0x0000000715a00000| Untracked 
| 174|0x0000000715c00000, 0x0000000715c00000, 0x0000000715e00000|  0%| F|  |TAMS 0x0000000715c00000, 0x0000000715c00000| Untracked 
| 175|0x0000000715e00000, 0x0000000715e00000, 0x0000000716000000|  0%| F|  |TAMS 0x0000000715e00000, 0x0000000715e00000| Untracked 
| 176|0x0000000716000000, 0x0000000716000000, 0x0000000716200000|  0%| F|  |TAMS 0x0000000716000000, 0x0000000716000000| Untracked 
| 177|0x0000000716200000, 0x0000000716200000, 0x0000000716400000|  0%| F|  |TAMS 0x0000000716200000, 0x0000000716200000| Untracked 
| 178|0x0000000716400000, 0x0000000716400000, 0x0000000716600000|  0%| F|  |TAMS 0x0000000716400000, 0x0000000716400000| Untracked 
| 179|0x0000000716600000, 0x0000000716600000, 0x0000000716800000|  0%| F|  |TAMS 0x0000000716600000, 0x0000000716600000| Untracked 
| 180|0x0000000716800000, 0x0000000716800000, 0x0000000716a00000|  0%| F|  |TAMS 0x0000000716800000, 0x0000000716800000| Untracked 
| 181|0x0000000716a00000, 0x0000000716a00000, 0x0000000716c00000|  0%| F|  |TAMS 0x0000000716a00000, 0x0000000716a00000| Untracked 
| 182|0x0000000716c00000, 0x0000000716c00000, 0x0000000716e00000|  0%| F|  |TAMS 0x0000000716c00000, 0x0000000716c00000| Untracked 
| 183|0x0000000716e00000, 0x0000000716e00000, 0x0000000717000000|  0%| F|  |TAMS 0x0000000716e00000, 0x0000000716e00000| Untracked 
| 184|0x0000000717000000, 0x0000000717000000, 0x0000000717200000|  0%| F|  |TAMS 0x0000000717000000, 0x0000000717000000| Untracked 
| 185|0x0000000717200000, 0x0000000717200000, 0x0000000717400000|  0%| F|  |TAMS 0x0000000717200000, 0x0000000717200000| Untracked 
| 186|0x0000000717400000, 0x0000000717400000, 0x0000000717600000|  0%| F|  |TAMS 0x0000000717400000, 0x0000000717400000| Untracked 
| 187|0x0000000717600000, 0x0000000717600000, 0x0000000717800000|  0%| F|  |TAMS 0x0000000717600000, 0x0000000717600000| Untracked 
| 188|0x0000000717800000, 0x0000000717800000, 0x0000000717a00000|  0%| F|  |TAMS 0x0000000717800000, 0x0000000717800000| Untracked 
| 189|0x0000000717a00000, 0x0000000717a00000, 0x0000000717c00000|  0%| F|  |TAMS 0x0000000717a00000, 0x0000000717a00000| Untracked 
| 190|0x0000000717c00000, 0x0000000717c00000, 0x0000000717e00000|  0%| F|  |TAMS 0x0000000717c00000, 0x0000000717c00000| Untracked 
| 191|0x0000000717e00000, 0x0000000717e00000, 0x0000000718000000|  0%| F|  |TAMS 0x0000000717e00000, 0x0000000717e00000| Untracked 
| 192|0x0000000718000000, 0x0000000718000000, 0x0000000718200000|  0%| F|  |TAMS 0x0000000718000000, 0x0000000718000000| Untracked 
| 193|0x0000000718200000, 0x0000000718200000, 0x0000000718400000|  0%| F|  |TAMS 0x0000000718200000, 0x0000000718200000| Untracked 
| 194|0x0000000718400000, 0x0000000718400000, 0x0000000718600000|  0%| F|  |TAMS 0x0000000718400000, 0x0000000718400000| Untracked 
| 195|0x0000000718600000, 0x0000000718600000, 0x0000000718800000|  0%| F|  |TAMS 0x0000000718600000, 0x0000000718600000| Untracked 
| 196|0x0000000718800000, 0x0000000718800000, 0x0000000718a00000|  0%| F|  |TAMS 0x0000000718800000, 0x0000000718800000| Untracked 
| 197|0x0000000718a00000, 0x0000000718a00000, 0x0000000718c00000|  0%| F|  |TAMS 0x0000000718a00000, 0x0000000718a00000| Untracked 
| 198|0x0000000718c00000, 0x0000000718c00000, 0x0000000718e00000|  0%| F|  |TAMS 0x0000000718c00000, 0x0000000718c00000| Untracked 
| 199|0x0000000718e00000, 0x0000000718e00000, 0x0000000719000000|  0%| F|  |TAMS 0x0000000718e00000, 0x0000000718e00000| Untracked 
| 200|0x0000000719000000, 0x0000000719000000, 0x0000000719200000|  0%| F|  |TAMS 0x0000000719000000, 0x0000000719000000| Untracked 
| 201|0x0000000719200000, 0x0000000719200000, 0x0000000719400000|  0%| F|  |TAMS 0x0000000719200000, 0x0000000719200000| Untracked 
| 202|0x0000000719400000, 0x0000000719400000, 0x0000000719600000|  0%| F|  |TAMS 0x0000000719400000, 0x0000000719400000| Untracked 
| 203|0x0000000719600000, 0x0000000719600000, 0x0000000719800000|  0%| F|  |TAMS 0x0000000719600000, 0x0000000719600000| Untracked 
| 204|0x0000000719800000, 0x0000000719800000, 0x0000000719a00000|  0%| F|  |TAMS 0x0000000719800000, 0x0000000719800000| Untracked 
| 205|0x0000000719a00000, 0x0000000719a00000, 0x0000000719c00000|  0%| F|  |TAMS 0x0000000719a00000, 0x0000000719a00000| Untracked 
| 206|0x0000000719c00000, 0x0000000719c00000, 0x0000000719e00000|  0%| F|  |TAMS 0x0000000719c00000, 0x0000000719c00000| Untracked 
| 207|0x0000000719e00000, 0x0000000719e00000, 0x000000071a000000|  0%| F|  |TAMS 0x0000000719e00000, 0x0000000719e00000| Untracked 
| 208|0x000000071a000000, 0x000000071a000000, 0x000000071a200000|  0%| F|  |TAMS 0x000000071a000000, 0x000000071a000000| Untracked 
| 209|0x000000071a200000, 0x000000071a200000, 0x000000071a400000|  0%| F|  |TAMS 0x000000071a200000, 0x000000071a200000| Untracked 
| 210|0x000000071a400000, 0x000000071a400000, 0x000000071a600000|  0%| F|  |TAMS 0x000000071a400000, 0x000000071a400000| Untracked 
| 211|0x000000071a600000, 0x000000071a600000, 0x000000071a800000|  0%| F|  |TAMS 0x000000071a600000, 0x000000071a600000| Untracked 
| 212|0x000000071a800000, 0x000000071a800000, 0x000000071aa00000|  0%| F|  |TAMS 0x000000071a800000, 0x000000071a800000| Untracked 
| 213|0x000000071aa00000, 0x000000071aa00000, 0x000000071ac00000|  0%| F|  |TAMS 0x000000071aa00000, 0x000000071aa00000| Untracked 
| 214|0x000000071ac00000, 0x000000071ac00000, 0x000000071ae00000|  0%| F|  |TAMS 0x000000071ac00000, 0x000000071ac00000| Untracked 
| 215|0x000000071ae00000, 0x000000071ae00000, 0x000000071b000000|  0%| F|  |TAMS 0x000000071ae00000, 0x000000071ae00000| Untracked 
| 216|0x000000071b000000, 0x000000071b000000, 0x000000071b200000|  0%| F|  |TAMS 0x000000071b000000, 0x000000071b000000| Untracked 
| 217|0x000000071b200000, 0x000000071b200000, 0x000000071b400000|  0%| F|  |TAMS 0x000000071b200000, 0x000000071b200000| Untracked 
| 218|0x000000071b400000, 0x000000071b400000, 0x000000071b600000|  0%| F|  |TAMS 0x000000071b400000, 0x000000071b400000| Untracked 
| 219|0x000000071b600000, 0x000000071b600000, 0x000000071b800000|  0%| F|  |TAMS 0x000000071b600000, 0x000000071b600000| Untracked 
| 220|0x000000071b800000, 0x000000071b800000, 0x000000071ba00000|  0%| F|  |TAMS 0x000000071b800000, 0x000000071b800000| Untracked 
| 221|0x000000071ba00000, 0x000000071ba00000, 0x000000071bc00000|  0%| F|  |TAMS 0x000000071ba00000, 0x000000071ba00000| Untracked 
| 222|0x000000071bc00000, 0x000000071bc00000, 0x000000071be00000|  0%| F|  |TAMS 0x000000071bc00000, 0x000000071bc00000| Untracked 
| 223|0x000000071be00000, 0x000000071be00000, 0x000000071c000000|  0%| F|  |TAMS 0x000000071be00000, 0x000000071be00000| Untracked 
| 224|0x000000071c000000, 0x000000071c000000, 0x000000071c200000|  0%| F|  |TAMS 0x000000071c000000, 0x000000071c000000| Untracked 
| 225|0x000000071c200000, 0x000000071c200000, 0x000000071c400000|  0%| F|  |TAMS 0x000000071c200000, 0x000000071c200000| Untracked 
| 226|0x000000071c400000, 0x000000071c400000, 0x000000071c600000|  0%| F|  |TAMS 0x000000071c400000, 0x000000071c400000| Untracked 
| 227|0x000000071c600000, 0x000000071c600000, 0x000000071c800000|  0%| F|  |TAMS 0x000000071c600000, 0x000000071c600000| Untracked 
| 228|0x000000071c800000, 0x000000071c800000, 0x000000071ca00000|  0%| F|  |TAMS 0x000000071c800000, 0x000000071c800000| Untracked 
| 229|0x000000071ca00000, 0x000000071ca00000, 0x000000071cc00000|  0%| F|  |TAMS 0x000000071ca00000, 0x000000071ca00000| Untracked 
| 230|0x000000071cc00000, 0x000000071cc00000, 0x000000071ce00000|  0%| F|  |TAMS 0x000000071cc00000, 0x000000071cc00000| Untracked 
| 231|0x000000071ce00000, 0x000000071ce00000, 0x000000071d000000|  0%| F|  |TAMS 0x000000071ce00000, 0x000000071ce00000| Untracked 
| 232|0x000000071d000000, 0x000000071d000000, 0x000000071d200000|  0%| F|  |TAMS 0x000000071d000000, 0x000000071d000000| Untracked 
| 233|0x000000071d200000, 0x000000071d200000, 0x000000071d400000|  0%| F|  |TAMS 0x000000071d200000, 0x000000071d200000| Untracked 
| 234|0x000000071d400000, 0x000000071d400000, 0x000000071d600000|  0%| F|  |TAMS 0x000000071d400000, 0x000000071d400000| Untracked 
| 235|0x000000071d600000, 0x000000071d600000, 0x000000071d800000|  0%| F|  |TAMS 0x000000071d600000, 0x000000071d600000| Untracked 
| 236|0x000000071d800000, 0x000000071d800000, 0x000000071da00000|  0%| F|  |TAMS 0x000000071d800000, 0x000000071d800000| Untracked 
| 237|0x000000071da00000, 0x000000071da00000, 0x000000071dc00000|  0%| F|  |TAMS 0x000000071da00000, 0x000000071da00000| Untracked 
| 238|0x000000071dc00000, 0x000000071dc00000, 0x000000071de00000|  0%| F|  |TAMS 0x000000071dc00000, 0x000000071dc00000| Untracked 
| 239|0x000000071de00000, 0x000000071de00000, 0x000000071e000000|  0%| F|  |TAMS 0x000000071de00000, 0x000000071de00000| Untracked 
| 240|0x000000071e000000, 0x000000071e000000, 0x000000071e200000|  0%| F|  |TAMS 0x000000071e000000, 0x000000071e000000| Untracked 
| 241|0x000000071e200000, 0x000000071e200000, 0x000000071e400000|  0%| F|  |TAMS 0x000000071e200000, 0x000000071e200000| Untracked 
| 242|0x000000071e400000, 0x000000071e400000, 0x000000071e600000|  0%| F|  |TAMS 0x000000071e400000, 0x000000071e400000| Untracked 
| 243|0x000000071e600000, 0x000000071e600000, 0x000000071e800000|  0%| F|  |TAMS 0x000000071e600000, 0x000000071e600000| Untracked 
| 244|0x000000071e800000, 0x000000071e800000, 0x000000071ea00000|  0%| F|  |TAMS 0x000000071e800000, 0x000000071e800000| Untracked 
| 245|0x000000071ea00000, 0x000000071ea00000, 0x000000071ec00000|  0%| F|  |TAMS 0x000000071ea00000, 0x000000071ea00000| Untracked 
| 246|0x000000071ec00000, 0x000000071ec00000, 0x000000071ee00000|  0%| F|  |TAMS 0x000000071ec00000, 0x000000071ec00000| Untracked 
| 247|0x000000071ee00000, 0x000000071ee00000, 0x000000071f000000|  0%| F|  |TAMS 0x000000071ee00000, 0x000000071ee00000| Untracked 
| 248|0x000000071f000000, 0x000000071f000000, 0x000000071f200000|  0%| F|  |TAMS 0x000000071f000000, 0x000000071f000000| Untracked 
| 249|0x000000071f200000, 0x000000071f200000, 0x000000071f400000|  0%| F|  |TAMS 0x000000071f200000, 0x000000071f200000| Untracked 
| 250|0x000000071f400000, 0x000000071f400000, 0x000000071f600000|  0%| F|  |TAMS 0x000000071f400000, 0x000000071f400000| Untracked 
| 251|0x000000071f600000, 0x000000071f600000, 0x000000071f800000|  0%| F|  |TAMS 0x000000071f600000, 0x000000071f600000| Untracked 
| 252|0x000000071f800000, 0x000000071f800000, 0x000000071fa00000|  0%| F|  |TAMS 0x000000071f800000, 0x000000071f800000| Untracked 
| 253|0x000000071fa00000, 0x000000071fa00000, 0x000000071fc00000|  0%| F|  |TAMS 0x000000071fa00000, 0x000000071fa00000| Untracked 
| 254|0x000000071fc00000, 0x000000071fc00000, 0x000000071fe00000|  0%| F|  |TAMS 0x000000071fc00000, 0x000000071fc00000| Untracked 
| 255|0x000000071fe00000, 0x000000071fe00000, 0x0000000720000000|  0%| F|  |TAMS 0x000000071fe00000, 0x000000071fe00000| Untracked 
| 256|0x0000000720000000, 0x0000000720000000, 0x0000000720200000|  0%| F|  |TAMS 0x0000000720000000, 0x0000000720000000| Untracked 
| 257|0x0000000720200000, 0x0000000720200000, 0x0000000720400000|  0%| F|  |TAMS 0x0000000720200000, 0x0000000720200000| Untracked 
| 258|0x0000000720400000, 0x0000000720400000, 0x0000000720600000|  0%| F|  |TAMS 0x0000000720400000, 0x0000000720400000| Untracked 
| 259|0x0000000720600000, 0x0000000720600000, 0x0000000720800000|  0%| F|  |TAMS 0x0000000720600000, 0x0000000720600000| Untracked 
| 260|0x0000000720800000, 0x0000000720800000, 0x0000000720a00000|  0%| F|  |TAMS 0x0000000720800000, 0x0000000720800000| Untracked 
| 261|0x0000000720a00000, 0x0000000720a00000, 0x0000000720c00000|  0%| F|  |TAMS 0x0000000720a00000, 0x0000000720a00000| Untracked 
| 262|0x0000000720c00000, 0x0000000720c00000, 0x0000000720e00000|  0%| F|  |TAMS 0x0000000720c00000, 0x0000000720c00000| Untracked 
| 263|0x0000000720e00000, 0x0000000720e00000, 0x0000000721000000|  0%| F|  |TAMS 0x0000000720e00000, 0x0000000720e00000| Untracked 
| 264|0x0000000721000000, 0x0000000721000000, 0x0000000721200000|  0%| F|  |TAMS 0x0000000721000000, 0x0000000721000000| Untracked 
| 265|0x0000000721200000, 0x0000000721200000, 0x0000000721400000|  0%| F|  |TAMS 0x0000000721200000, 0x0000000721200000| Untracked 
| 266|0x0000000721400000, 0x0000000721400000, 0x0000000721600000|  0%| F|  |TAMS 0x0000000721400000, 0x0000000721400000| Untracked 
| 267|0x0000000721600000, 0x0000000721600000, 0x0000000721800000|  0%| F|  |TAMS 0x0000000721600000, 0x0000000721600000| Untracked 
| 268|0x0000000721800000, 0x0000000721800000, 0x0000000721a00000|  0%| F|  |TAMS 0x0000000721800000, 0x0000000721800000| Untracked 
| 269|0x0000000721a00000, 0x0000000721a00000, 0x0000000721c00000|  0%| F|  |TAMS 0x0000000721a00000, 0x0000000721a00000| Untracked 
| 270|0x0000000721c00000, 0x0000000721c00000, 0x0000000721e00000|  0%| F|  |TAMS 0x0000000721c00000, 0x0000000721c00000| Untracked 
| 271|0x0000000721e00000, 0x0000000721e00000, 0x0000000722000000|  0%| F|  |TAMS 0x0000000721e00000, 0x0000000721e00000| Untracked 
| 272|0x0000000722000000, 0x0000000722000000, 0x0000000722200000|  0%| F|  |TAMS 0x0000000722000000, 0x0000000722000000| Untracked 
| 273|0x0000000722200000, 0x0000000722200000, 0x0000000722400000|  0%| F|  |TAMS 0x0000000722200000, 0x0000000722200000| Untracked 
| 274|0x0000000722400000, 0x0000000722400000, 0x0000000722600000|  0%| F|  |TAMS 0x0000000722400000, 0x0000000722400000| Untracked 
| 275|0x0000000722600000, 0x0000000722600000, 0x0000000722800000|  0%| F|  |TAMS 0x0000000722600000, 0x0000000722600000| Untracked 
| 276|0x0000000722800000, 0x0000000722800000, 0x0000000722a00000|  0%| F|  |TAMS 0x0000000722800000, 0x0000000722800000| Untracked 
| 277|0x0000000722a00000, 0x0000000722a00000, 0x0000000722c00000|  0%| F|  |TAMS 0x0000000722a00000, 0x0000000722a00000| Untracked 
| 278|0x0000000722c00000, 0x0000000722c00000, 0x0000000722e00000|  0%| F|  |TAMS 0x0000000722c00000, 0x0000000722c00000| Untracked 
| 279|0x0000000722e00000, 0x0000000722e00000, 0x0000000723000000|  0%| F|  |TAMS 0x0000000722e00000, 0x0000000722e00000| Untracked 
| 280|0x0000000723000000, 0x0000000723000000, 0x0000000723200000|  0%| F|  |TAMS 0x0000000723000000, 0x0000000723000000| Untracked 
| 281|0x0000000723200000, 0x0000000723200000, 0x0000000723400000|  0%| F|  |TAMS 0x0000000723200000, 0x0000000723200000| Untracked 
| 282|0x0000000723400000, 0x0000000723400000, 0x0000000723600000|  0%| F|  |TAMS 0x0000000723400000, 0x0000000723400000| Untracked 
| 283|0x0000000723600000, 0x0000000723600000, 0x0000000723800000|  0%| F|  |TAMS 0x0000000723600000, 0x0000000723600000| Untracked 
| 284|0x0000000723800000, 0x0000000723800000, 0x0000000723a00000|  0%| F|  |TAMS 0x0000000723800000, 0x0000000723800000| Untracked 
| 285|0x0000000723a00000, 0x0000000723a00000, 0x0000000723c00000|  0%| F|  |TAMS 0x0000000723a00000, 0x0000000723a00000| Untracked 
| 286|0x0000000723c00000, 0x0000000723c00000, 0x0000000723e00000|  0%| F|  |TAMS 0x0000000723c00000, 0x0000000723c00000| Untracked 
| 287|0x0000000723e00000, 0x0000000723e00000, 0x0000000724000000|  0%| F|  |TAMS 0x0000000723e00000, 0x0000000723e00000| Untracked 
| 288|0x0000000724000000, 0x0000000724000000, 0x0000000724200000|  0%| F|  |TAMS 0x0000000724000000, 0x0000000724000000| Untracked 
| 289|0x0000000724200000, 0x0000000724200000, 0x0000000724400000|  0%| F|  |TAMS 0x0000000724200000, 0x0000000724200000| Untracked 
| 290|0x0000000724400000, 0x0000000724400000, 0x0000000724600000|  0%| F|  |TAMS 0x0000000724400000, 0x0000000724400000| Untracked 
| 291|0x0000000724600000, 0x0000000724600000, 0x0000000724800000|  0%| F|  |TAMS 0x0000000724600000, 0x0000000724600000| Untracked 
| 292|0x0000000724800000, 0x0000000724800000, 0x0000000724a00000|  0%| F|  |TAMS 0x0000000724800000, 0x0000000724800000| Untracked 
| 293|0x0000000724a00000, 0x0000000724a00000, 0x0000000724c00000|  0%| F|  |TAMS 0x0000000724a00000, 0x0000000724a00000| Untracked 
| 294|0x0000000724c00000, 0x0000000724c00000, 0x0000000724e00000|  0%| F|  |TAMS 0x0000000724c00000, 0x0000000724c00000| Untracked 
| 295|0x0000000724e00000, 0x0000000724e00000, 0x0000000725000000|  0%| F|  |TAMS 0x0000000724e00000, 0x0000000724e00000| Untracked 
| 296|0x0000000725000000, 0x0000000725000000, 0x0000000725200000|  0%| F|  |TAMS 0x0000000725000000, 0x0000000725000000| Untracked 
| 297|0x0000000725200000, 0x00000007252764c0, 0x0000000725400000| 23%| S|CS|TAMS 0x0000000725200000, 0x0000000725200000| Complete 
| 298|0x0000000725400000, 0x0000000725600000, 0x0000000725600000|100%| S|CS|TAMS 0x0000000725400000, 0x0000000725400000| Complete 
| 299|0x0000000725600000, 0x0000000725600000, 0x0000000725800000|  0%| F|  |TAMS 0x0000000725600000, 0x0000000725600000| Untracked 
| 300|0x0000000725800000, 0x0000000725800000, 0x0000000725a00000|  0%| F|  |TAMS 0x0000000725800000, 0x0000000725800000| Untracked 
| 301|0x0000000725a00000, 0x0000000725a00000, 0x0000000725c00000|  0%| F|  |TAMS 0x0000000725a00000, 0x0000000725a00000| Untracked 
| 302|0x0000000725c00000, 0x0000000725c00000, 0x0000000725e00000|  0%| F|  |TAMS 0x0000000725c00000, 0x0000000725c00000| Untracked 
| 303|0x0000000725e00000, 0x0000000725e00000, 0x0000000726000000|  0%| F|  |TAMS 0x0000000725e00000, 0x0000000725e00000| Untracked 
| 304|0x0000000726000000, 0x0000000726000000, 0x0000000726200000|  0%| F|  |TAMS 0x0000000726000000, 0x0000000726000000| Untracked 

Card table byte_map: [0x00000299d01e0000,0x00000299d09e0000] _byte_map_base: 0x00000299cc9e0000

Marking Bits (Prev, Next): (CMBitMap*) 0x00000299b6fdc160, (CMBitMap*) 0x00000299b6fdc1a0
 Prev Bits: [0x00000299d11e0000, 0x00000299d51e0000)
 Next Bits: [0x00000299d51e0000, 0x00000299d91e0000)

Polling page: 0x00000299b7030000

Metaspace:

Usage:
  Non-class:     19.30 MB used.
      Class:      2.20 MB used.
       Both:     21.50 MB used.

Virtual space:
  Non-class space:       32.00 MB reserved,      19.50 MB ( 61%) committed,  4 nodes.
      Class space:        1.00 GB reserved,       2.38 MB ( <1%) committed,  1 nodes.
             Both:        1.03 GB reserved,      21.88 MB (  2%) committed. 

Chunk freelists:
   Non-Class:  7.58 MB
       Class:  1.61 MB
        Both:  9.19 MB

MaxMetaspaceSize: unlimited
CompressedClassSpaceSize: 1.00 GB
Initial GC threshold: 21.00 MB
Current GC threshold: 36.50 MB
CDS: on
MetaspaceReclaimPolicy: balanced
 - commit_granule_bytes: 65536.
 - commit_granule_words: 8192.
 - virtual_space_node_default_size: 1048576.
 - enlarge_chunks_in_place: 1.
 - new_chunks_are_fully_committed: 0.
 - uncommit_free_chunks: 1.
 - use_allocation_guard: 0.
 - handle_deallocations: 1.


Internal statistics:

num_allocs_failed_limit: 0.
num_arena_births: 152.
num_arena_deaths: 18.
num_vsnodes_births: 5.
num_vsnodes_deaths: 0.
num_space_committed: 425.
num_space_uncommitted: 75.
num_chunks_returned_to_freelist: 199.
num_chunks_taken_from_freelist: 1029.
num_chunk_merges: 78.
num_chunk_splits: 847.
num_chunks_enlarged: 762.
num_purges: 2.
num_inconsistent_stats: 0.

CodeHeap 'non-profiled nmethods': size=120000Kb used=2694Kb max_used=3073Kb free=117305Kb
 bounds [0x00000299c7a40000, 0x00000299c7d50000, 0x00000299cef70000]
CodeHeap 'profiled nmethods': size=120000Kb used=5708Kb max_used=7654Kb free=114291Kb
 bounds [0x00000299c0510000, 0x00000299c0c90000, 0x00000299c7a40000]
CodeHeap 'non-nmethods': size=5760Kb used=1226Kb max_used=1302Kb free=4533Kb
 bounds [0x00000299bff70000, 0x00000299c01e0000, 0x00000299c0510000]
 total_blobs=3392 nmethods=2860 adapters=444
 compilation: enabled
              stopped_count=0, restarted_count=0
 full_count=0

Compilation events (20 events):
Event: 9.777 Thread 0x00000299dbca90f0 nmethod 3566 0x00000299c7b5ff10 code [0x00000299c7b600a0, 0x00000299c7b60178]
Event: 9.780 Thread 0x00000299dcbfd160 nmethod 3572 0x00000299c7aa5d90 code [0x00000299c7aa5f40, 0x00000299c7aa6548]
Event: 9.780 Thread 0x00000299dcbfd160 3573       4       org.objectweb.asm.commons.AdviceAdapter::visitLdcInsn (66 bytes)
Event: 9.784 Thread 0x00000299dcbfd160 nmethod 3573 0x00000299c7aa5810 code [0x00000299c7aa59c0, 0x00000299c7aa5ba8]
Event: 9.784 Thread 0x00000299dbca90f0 3574       3       org.objectweb.asm.commons.FieldRemapper::visitAnnotation (29 bytes)
Event: 9.785 Thread 0x00000299dbca90f0 nmethod 3574 0x00000299c064e090 code [0x00000299c064e2a0, 0x00000299c064e908]
Event: 9.785 Thread 0x00000299dbca90f0 3575       3       org.objectweb.asm.FieldVisitor::visitAnnotation (19 bytes)
Event: 9.785 Thread 0x00000299dbca90f0 nmethod 3575 0x00000299c06a2c10 code [0x00000299c06a2dc0, 0x00000299c06a3008]
Event: 9.788 Thread 0x00000299dbca90f0 3576       3       org.objectweb.asm.ClassReader::readField (671 bytes)
Event: 9.791 Thread 0x00000299dbca90f0 nmethod 3576 0x00000299c0a8b810 code [0x00000299c0a8bd60, 0x00000299c0a8e428]
Event: 9.800 Thread 0x00000299dbca90f0 3577       3       org.jetbrains.kotlinx.lincheck.strategy.managed.ManagedStrategyTransformer$SharedVariableAccessMethodTransformer::invokeBeforeSharedVariableRead (37 bytes)
Event: 9.801 Thread 0x00000299dbca90f0 nmethod 3577 0x00000299c0583910 code [0x00000299c0583ba0, 0x00000299c0584868]
Event: 9.805 Thread 0x00000299dcbfd160 3578       4       org.objectweb.asm.ClassReader::<init> (371 bytes)
Event: 9.806 Thread 0x00000299dbca90f0 3579       3       org.objectweb.asm.AnnotationWriter::visit (935 bytes)
Event: 9.809 Thread 0x00000299dbca90f0 nmethod 3579 0x00000299c0bda210 code [0x00000299c0bda940, 0x00000299c0bdea78]
Event: 9.810 Thread 0x00000299dbca90f0 3580       3       org.objectweb.asm.signature.SignatureWriter::visitReturnType (33 bytes)
Event: 9.811 Thread 0x00000299dbca90f0 nmethod 3580 0x00000299c0538110 code [0x00000299c0538300, 0x00000299c0538708]
Event: 9.811 Thread 0x00000299dbca90f0 3581       3       org.objectweb.asm.commons.Remapper::mapValue (226 bytes)
Event: 9.814 Thread 0x00000299dbca90f0 nmethod 3581 0x00000299c0901b90 code [0x00000299c0901f80, 0x00000299c0904348]
Event: 9.823 Thread 0x00000299dcbfd160 nmethod 3578 0x00000299c7b4f210 code [0x00000299c7b4f3c0, 0x00000299c7b4ff48]

GC Heap History (20 events):
Event: 4.324 GC heap after
{Heap after GC invocations=15 (full 0):
 garbage-first heap   total 327680K, used 124471K [0x0000000700000000, 0x0000000800000000)
  region size 2048K, 7 young (14336K), 7 survivors (14336K)
 Metaspace       used 19587K, committed 19840K, reserved 1073152K
  class space    used 2127K, committed 2240K, reserved 1048576K
}
Event: 5.100 GC heap before
{Heap before GC invocations=15 (full 0):
 garbage-first heap   total 327680K, used 204343K [0x0000000700000000, 0x0000000800000000)
  region size 2048K, 46 young (94208K), 7 survivors (14336K)
 Metaspace       used 20240K, committed 20544K, reserved 1073152K
  class space    used 2170K, committed 2304K, reserved 1048576K
}
Event: 5.120 GC heap after
{Heap after GC invocations=16 (full 0):
 garbage-first heap   total 327680K, used 147866K [0x0000000700000000, 0x0000000800000000)
  region size 2048K, 6 young (12288K), 6 survivors (12288K)
 Metaspace       used 20240K, committed 20544K, reserved 1073152K
  class space    used 2170K, committed 2304K, reserved 1048576K
}
Event: 5.445 GC heap before
{Heap before GC invocations=16 (full 0):
 garbage-first heap   total 327680K, used 219546K [0x0000000700000000, 0x0000000800000000)
  region size 2048K, 41 young (83968K), 6 survivors (12288K)
 Metaspace       used 20899K, committed 21184K, reserved 1073152K
  class space    used 2211K, committed 2368K, reserved 1048576K
}
Event: 5.461 GC heap after
{Heap after GC invocations=17 (full 0):
 garbage-first heap   total 327680K, used 167545K [0x0000000700000000, 0x0000000800000000)
  region size 2048K, 6 young (12288K), 6 survivors (12288K)
 Metaspace       used 20899K, committed 21184K, reserved 1073152K
  class space    used 2211K, committed 2368K, reserved 1048576K
}
Event: 5.630 GC heap before
{Heap before GC invocations=17 (full 0):
 garbage-first heap   total 327680K, used 235129K [0x0000000700000000, 0x0000000800000000)
  region size 2048K, 39 young (79872K), 6 survivors (12288K)
 Metaspace       used 21386K, committed 21696K, reserved 1073152K
  class space    used 2211K, committed 2368K, reserved 1048576K
}
Event: 5.649 GC heap after
{Heap after GC invocations=18 (full 0):
 garbage-first heap   total 327680K, used 190313K [0x0000000700000000, 0x0000000800000000)
  region size 2048K, 5 young (10240K), 5 survivors (10240K)
 Metaspace       used 21386K, committed 21696K, reserved 1073152K
  class space    used 2211K, committed 2368K, reserved 1048576K
}
Event: 5.996 GC heap before
{Heap before GC invocations=19 (full 0):
 garbage-first heap   total 378880K, used 245609K [0x0000000700000000, 0x0000000800000000)
  region size 2048K, 32 young (65536K), 5 survivors (10240K)
 Metaspace       used 21890K, committed 22208K, reserved 1073152K
  class space    used 2250K, committed 2432K, reserved 1048576K
}
Event: 6.015 GC heap after
{Heap after GC invocations=20 (full 0):
 garbage-first heap   total 378880K, used 210019K [0x0000000700000000, 0x0000000800000000)
  region size 2048K, 4 young (8192K), 4 survivors (8192K)
 Metaspace       used 21890K, committed 22208K, reserved 1073152K
  class space    used 2250K, committed 2432K, reserved 1048576K
}
Event: 6.053 GC heap before
{Heap before GC invocations=20 (full 0):
 garbage-first heap   total 378880K, used 220259K [0x0000000700000000, 0x0000000800000000)
  region size 2048K, 9 young (18432K), 4 survivors (8192K)
 Metaspace       used 21931K, committed 22272K, reserved 1073152K
  class space    used 2253K, committed 2432K, reserved 1048576K
}
Event: 6.065 GC heap after
{Heap after GC invocations=21 (full 0):
 garbage-first heap   total 624640K, used 212000K [0x0000000700000000, 0x0000000800000000)
  region size 2048K, 1 young (2048K), 1 survivors (2048K)
 Metaspace       used 21931K, committed 22272K, reserved 1073152K
  class space    used 2253K, committed 2432K, reserved 1048576K
}
Event: 7.981 GC heap before
{Heap before GC invocations=21 (full 0):
 garbage-first heap   total 624640K, used 412704K [0x0000000700000000, 0x0000000800000000)
  region size 2048K, 99 young (202752K), 1 survivors (2048K)
 Metaspace       used 23597K, committed 24000K, reserved 1073152K
  class space    used 2336K, committed 2496K, reserved 1048576K
}
Event: 8.031 GC heap after
{Heap after GC invocations=22 (full 0):
 garbage-first heap   total 624640K, used 267684K [0x0000000700000000, 0x0000000800000000)
  region size 2048K, 13 young (26624K), 13 survivors (26624K)
 Metaspace       used 23597K, committed 24000K, reserved 1073152K
  class space    used 2336K, committed 2496K, reserved 1048576K
}
Event: 8.732 GC heap before
{Heap before GC invocations=22 (full 0):
 garbage-first heap   total 624640K, used 417188K [0x0000000700000000, 0x0000000800000000)
  region size 2048K, 86 young (176128K), 13 survivors (26624K)
 Metaspace       used 24743K, committed 25152K, reserved 1073152K
  class space    used 2383K, committed 2560K, reserved 1048576K
}
Event: 8.764 GC heap after
{Heap after GC invocations=23 (full 0):
 garbage-first heap   total 624640K, used 309091K [0x0000000700000000, 0x0000000800000000)
  region size 2048K, 11 young (22528K), 11 survivors (22528K)
 Metaspace       used 24743K, committed 25152K, reserved 1073152K
  class space    used 2383K, committed 2560K, reserved 1048576K
}
Event: 9.284 GC heap before
{Heap before GC invocations=23 (full 0):
 garbage-first heap   total 624640K, used 446307K [0x0000000700000000, 0x0000000800000000)
  region size 2048K, 78 young (159744K), 11 survivors (22528K)
 Metaspace       used 25914K, committed 26368K, reserved 1081344K
  class space    used 2461K, committed 2624K, reserved 1048576K
}
Event: 9.309 GC heap after
{Heap after GC invocations=24 (full 0):
 garbage-first heap   total 624640K, used 345995K [0x0000000700000000, 0x0000000800000000)
  region size 2048K, 10 young (20480K), 10 survivors (20480K)
 Metaspace       used 25914K, committed 26368K, reserved 1081344K
  class space    used 2461K, committed 2624K, reserved 1048576K
}
Event: 9.726 GC heap before
{Heap before GC invocations=25 (full 0):
 garbage-first heap   total 624640K, used 327563K [0x0000000700000000, 0x0000000800000000)
  region size 2048K, 68 young (139264K), 10 survivors (20480K)
 Metaspace       used 21932K, committed 22400K, reserved 1081344K
  class space    used 2241K, committed 2432K, reserved 1048576K
}
Event: 9.775 GC heap after
{Heap after GC invocations=26 (full 0):
 garbage-first heap   total 624640K, used 251665K [0x0000000700000000, 0x0000000800000000)
  region size 2048K, 9 young (18432K), 9 survivors (18432K)
 Metaspace       used 21932K, committed 22400K, reserved 1081344K
  class space    used 2241K, committed 2432K, reserved 1048576K
}
Event: 9.824 GC heap before
{Heap before GC invocations=26 (full 0):
 garbage-first heap   total 624640K, used 263953K [0x0000000700000000, 0x0000000800000000)
  region size 2048K, 15 young (30720K), 9 survivors (18432K)
 Metaspace       used 22014K, committed 22400K, reserved 1081344K
  class space    used 2251K, committed 2432K, reserved 1048576K
}

Deoptimization events (20 events):
Event: 9.182 Thread 0x00000299b6f8ae30 Uncommon trap: trap_request=0xffffffe5 fr.pc=0x00000299c7d26ec8 relative=0x0000000000000048
Event: 9.182 Thread 0x00000299b6f8ae30 Uncommon trap: reason=range_check action=reinterpret pc=0x00000299c7d26ec8 method=kotlin.collections.ArraysKt___ArraysKt.getOrNull([Ljava/lang/Object;I)Ljava/lang/Object; @ 7 c2
Event: 9.182 Thread 0x00000299b6f8ae30 DEOPT PACKING pc=0x00000299c7d26ec8 sp=0x000000f9e14fb840
Event: 9.182 Thread 0x00000299b6f8ae30 DEOPT UNPACKING pc=0x00000299bffc23a3 sp=0x000000f9e14fb7e0 mode 2
Event: 9.232 Thread 0x00000299b6f8ae30 Uncommon trap: trap_request=0xffffff45 fr.pc=0x00000299c7d1d7a8 relative=0x0000000000000308
Event: 9.232 Thread 0x00000299b6f8ae30 Uncommon trap: reason=unstable_if action=reinterpret pc=0x00000299c7d1d7a8 method=org.jetbrains.kotlinx.lincheck.strategy.managed.ManagedStrategyTransformer$AFUTrackingTransformer.visitMethodInsn(ILjava/lang/String;Ljava/lang/String;Ljava/lang/String;Z)V 
Event: 9.232 Thread 0x00000299b6f8ae30 DEOPT PACKING pc=0x00000299c7d1d7a8 sp=0x000000f9e14f9dd0
Event: 9.232 Thread 0x00000299b6f8ae30 DEOPT UNPACKING pc=0x00000299bffc23a3 sp=0x000000f9e14f9d20 mode 2
Event: 9.261 Thread 0x00000299b6f8ae30 DEOPT PACKING pc=0x00000299c0b5ddf8 sp=0x000000f9e14f92e0
Event: 9.261 Thread 0x00000299b6f8ae30 DEOPT UNPACKING pc=0x00000299bffc2b43 sp=0x000000f9e14f87c0 mode 0
Event: 9.261 Thread 0x00000299b6f8ae30 DEOPT PACKING pc=0x00000299c0a212a3 sp=0x000000f9e14f9130
Event: 9.261 Thread 0x00000299b6f8ae30 DEOPT UNPACKING pc=0x00000299bffc2b43 sp=0x000000f9e14f85a0 mode 0
Event: 9.415 Thread 0x00000299b6f8ae30 DEOPT PACKING pc=0x00000299c0a1f48d sp=0x000000f9e14f91d0
Event: 9.415 Thread 0x00000299b6f8ae30 DEOPT UNPACKING pc=0x00000299bffc2b43 sp=0x000000f9e14f85e8 mode 0
Event: 9.671 Thread 0x00000299b6f8ae30 Uncommon trap: trap_request=0xffffff45 fr.pc=0x00000299c7af0098 relative=0x0000000000000178
Event: 9.671 Thread 0x00000299b6f8ae30 Uncommon trap: reason=unstable_if action=reinterpret pc=0x00000299c7af0098 method=java.util.WeakHashMap.expungeStaleEntries()V @ 9 c2
Event: 9.671 Thread 0x00000299b6f8ae30 DEOPT PACKING pc=0x00000299c7af0098 sp=0x000000f9e14fc230
Event: 9.671 Thread 0x00000299b6f8ae30 DEOPT UNPACKING pc=0x00000299bffc23a3 sp=0x000000f9e14fc1c8 mode 2
Event: 9.805 Thread 0x00000299b6f8ae30 DEOPT PACKING pc=0x00000299c0b5ddf8 sp=0x000000f9e14f9550
Event: 9.805 Thread 0x00000299b6f8ae30 DEOPT UNPACKING pc=0x00000299bffc2b43 sp=0x000000f9e14f8a30 mode 0

Classes unloaded (20 events):
Event: 9.588 Thread 0x00000299dbc77330 Unloading class 0x0000000800e33730 'FCPriorityQueue$Operation'
Event: 9.588 Thread 0x00000299dbc77330 Unloading class 0x0000000800e33528 'org/jetbrains/kotlinx/lincheck/tran$f*rmed/java/util/concurrent/ConcurrentLinkedQueue$Node'
Event: 9.588 Thread 0x00000299dbc77330 Unloading class 0x0000000800e330d8 'org/jetbrains/kotlinx/lincheck/tran$f*rmed/java/util/concurrent/ConcurrentLinkedQueue'
Event: 9.588 Thread 0x00000299dbc77330 Unloading class 0x0000000800e32ed8 'kotlinx/atomicfu/AtomicBoolean$Companion'
Event: 9.588 Thread 0x00000299dbc77330 Unloading class 0x0000000800e32cd0 'kotlinx/atomicfu/AtomicBoolean'
Event: 9.588 Thread 0x00000299dbc77330 Unloading class 0x0000000800e32ab0 'kotlinx/atomicfu/TraceBase$None'
Event: 9.588 Thread 0x00000299dbc77330 Unloading class 0x0000000800e32890 'kotlinx/atomicfu/TraceBase'
Event: 9.588 Thread 0x00000299dbc77330 Unloading class 0x0000000800e31df0 'kotlinx/atomicfu/AtomicFU'
Event: 9.588 Thread 0x00000299dbc77330 Unloading class 0x0000000800e31be8 'FCPriorityQueue$FcLock'
Event: 9.588 Thread 0x00000299dbc77330 Unloading class 0x0000000800e32438 'org/jetbrains/kotlinx/lincheck/tran$f*rmed/java/util/PriorityQueue'
Event: 9.588 Thread 0x00000299dbc77330 Unloading class 0x0000000800e32000 'org/jetbrains/kotlinx/lincheck/tran$f*rmed/java/util/AbstractQueue'
Event: 9.588 Thread 0x00000299dbc77330 Unloading class 0x0000000800e31878 'org/jetbrains/kotlinx/lincheck/tran$f*rmed/java/util/AbstractCollection'
Event: 9.588 Thread 0x00000299dbc77330 Unloading class 0x0000000800e31678 'FCPriorityQueue$Companion'
Event: 9.588 Thread 0x00000299dbc77330 Unloading class 0x0000000800e31470 'FCPriorityQueue'
Event: 9.588 Thread 0x00000299dbc77330 Unloading class 0x0000000800e31238 'org/jetbrains/kotlinx/lincheck/runner/TestThreadExecution8'
Event: 9.588 Thread 0x00000299dbc77330 Unloading class 0x0000000800e31000 'org/jetbrains/kotlinx/lincheck/runner/TestThreadExecution7'
Event: 9.588 Thread 0x00000299dbc77330 Unloading class 0x0000000800e30c08 'org/jetbrains/kotlinx/lincheck/runner/TestThreadExecution6'
Event: 9.588 Thread 0x00000299dbc77330 Unloading class 0x0000000800e30a00 'FCPriorityQueueTest'
Event: 9.588 Thread 0x00000299dbc77330 Unloading class 0x0000000800e30800 'org/jetbrains/kotlinx/lincheck/strategy/managed/ManagedStrategyStateHolder'
Event: 9.588 Thread 0x00000299dbc77330 Unloading class 0x0000000800e30000 'PriorityQueueSequential'

Classes redefined (0 events):
No events

Internal exceptions (20 events):
Event: 0.701 Thread 0x00000299b6f8ae30 Exception <a 'java/lang/NoSuchMethodError'{0x00000007069a30b0}: 'java.lang.Object java.lang.invoke.DirectMethodHandle$Holder.invokeVirtual(java.lang.Object, java.lang.Object, java.lang.Object, java.lang.Object, java.lang.Object, java.lang.Object, java.lang.Object)'> (0x00000007069a30b0) 
thrown [t:\workspace\open\src\hotspot\share\interpreter\linkResolver.cpp, line 766]
Event: 0.704 Thread 0x00000299b6f8ae30 Exception <a 'java/lang/NoSuchMethodError'{0x00000007069b3930}: 'java.lang.Object java.lang.invoke.Invokers$Holder.invoker(java.lang.Object, java.lang.Object, java.lang.Object)'> (0x00000007069b3930) 
thrown [t:\workspace\open\src\hotspot\share\interpreter\linkResolver.cpp, line 766]
Event: 0.705 Thread 0x00000299b6f8ae30 Exception <a 'java/lang/NoSuchMethodError'{0x00000007069bca58}: 'java.lang.Object java.lang.invoke.DirectMethodHandle$Holder.invokeStatic(java.lang.Object, java.lang.Object, int)'> (0x00000007069bca58) 
thrown [t:\workspace\open\src\hotspot\share\interpreter\linkResolver.cpp, line 766]
Event: 0.707 Thread 0x00000299b6f8ae30 Exception <a 'java/lang/NoSuchMethodError'{0x00000007069c8cc0}: 'void java.lang.invoke.DelegatingMethodHandle$Holder.delegate(java.lang.Object, java.lang.Object, int, java.lang.Object)'> (0x00000007069c8cc0) 
thrown [t:\workspace\open\src\hotspot\share\interpreter\linkResolver.cpp, line 766]
Event: 0.707 Thread 0x00000299b6f8ae30 Exception <a 'java/lang/NoSuchMethodError'{0x00000007069ccef8}: 'int java.lang.invoke.DirectMethodHandle$Holder.invokeSpecial(java.lang.Object, java.lang.Object, java.lang.Object)'> (0x00000007069ccef8) 
thrown [t:\workspace\open\src\hotspot\share\interpreter\linkResolver.cpp, line 766]
Event: 0.711 Thread 0x00000299b6f8ae30 Exception <a 'java/lang/NoSuchMethodError'{0x00000007069e0040}: 'java.lang.Object java.lang.invoke.Invokers$Holder.invokeExact_MT(java.lang.Object, java.lang.Object, java.lang.Object, java.lang.Object)'> (0x00000007069e0040) 
thrown [t:\workspace\open\src\hotspot\share\interpreter\linkResolver.cpp, line 766]
Event: 0.772 Thread 0x00000299b6f8ae30 Exception <a 'java/lang/NoSuchMethodError'{0x00000007067b8248}: 'java.lang.Object java.lang.invoke.DirectMethodHandle$Holder.invokeStaticInit(java.lang.Object)'> (0x00000007067b8248) 
thrown [t:\workspace\open\src\hotspot\share\interpreter\linkResolver.cpp, line 766]
Event: 0.787 Thread 0x00000299b6f8ae30 Exception <a 'java/lang/NoSuchMethodError'{0x00000007067f42b0}: static Ljava/lang/Object;.<clinit>()V> (0x00000007067f42b0) 
thrown [t:\workspace\open\src\hotspot\share\prims\jni.cpp, line 1107]
Event: 0.807 Thread 0x00000299b6f8ae30 Exception <a 'java/lang/NoSuchMethodError'{0x0000000706452b70}: static Lorg/gradle/api/internal/tasks/testing/junit/JUnitTestFramework$TestClassProcessorFactoryImpl;.<clinit>()V> (0x0000000706452b70) 
thrown [t:\workspace\open\src\hotspot\share\prims\jni.cpp, line 1107]
Event: 0.808 Thread 0x00000299b6f8ae30 Exception <a 'java/lang/NoSuchMethodError'{0x000000070645b0e0}: static Lorg/gradle/api/internal/tasks/testing/junit/AbstractJUnitSpec;.<clinit>()V> (0x000000070645b0e0) 
thrown [t:\workspace\open\src\hotspot\share\prims\jni.cpp, line 1107]
Event: 0.810 Thread 0x00000299b6f8ae30 Exception <a 'java/lang/NoSuchMethodError'{0x0000000706462df8}: static Lorg/gradle/api/internal/tasks/testing/junit/JUnitSpec;.<clinit>()V> (0x0000000706462df8) 
thrown [t:\workspace\open\src\hotspot\share\prims\jni.cpp, line 1107]
Event: 0.910 Thread 0x00000299b6f8ae30 Exception <a 'java/lang/NoSuchMethodError'{0x0000000706ef8d58}: 'java.lang.Object java.lang.invoke.DirectMethodHandle$Holder.invokeStaticInit(java.lang.Object, int, int, int, int)'> (0x0000000706ef8d58) 
thrown [t:\workspace\open\src\hotspot\share\interpreter\linkResolver.cpp, line 766]
Event: 0.984 Thread 0x00000299b6f8ae30 Exception <a 'java/lang/NoSuchMethodError'{0x0000000706c73f28}: 'java.lang.Object java.lang.invoke.DirectMethodHandle$Holder.invokeStaticInit(java.lang.Object, java.lang.Object, int, int, int, int)'> (0x0000000706c73f28) 
thrown [t:\workspace\open\src\hotspot\share\interpreter\linkResolver.cpp, line 766]
Event: 1.130 Thread 0x00000299b6f8ae30 Exception <a 'java/lang/NoSuchMethodError'{0x0000000706b36570}: 'java.lang.Object java.lang.invoke.DirectMethodHandle$Holder.invokeInterface(java.lang.Object, java.lang.Object)'> (0x0000000706b36570) 
thrown [t:\workspace\open\src\hotspot\share\interpreter\linkResolver.cpp, line 766]
Event: 1.131 Thread 0x00000299b6f8ae30 Exception <a 'java/lang/IncompatibleClassChangeError'{0x0000000706b39d68}: Found class java.lang.Object, but interface was expected> (0x0000000706b39d68) 
thrown [t:\workspace\open\src\hotspot\share\interpreter\linkResolver.cpp, line 833]
Event: 1.155 Thread 0x00000299b6f8ae30 Exception <a 'java/lang/NoSuchMethodError'{0x0000000706bb43d0}: 'java.lang.Object java.lang.invoke.DirectMethodHandle$Holder.newInvokeSpecial(java.lang.Object, java.lang.Object, java.lang.Object, java.lang.Object, java.lang.Object)'> (0x0000000706bb43d0) 
thrown [t:\workspace\open\src\hotspot\share\interpreter\linkResolver.cpp, line 766]
Event: 1.265 Thread 0x00000299b6f8ae30 Exception <a 'java/lang/NoSuchMethodError'{0x000000070650ce78}: 'java.lang.Object java.lang.invoke.Invokers$Holder.invokeExact_MT(java.lang.Object, java.lang.Object, java.lang.Object, java.lang.Object, java.lang.Object, java.lang.Object)'> (0x000000070650ce78) 
thrown [t:\workspace\open\src\hotspot\share\interpreter\linkResolver.cpp, line 766]
Event: 2.314 Thread 0x00000299b6f8ae30 Exception <a 'java/lang/NoSuchMethodError'{0x00000007057a5438}: 'void java.lang.invoke.DirectMethodHandle$Holder.invokeStatic(java.lang.Object, java.lang.Object, java.lang.Object)'> (0x00000007057a5438) 
thrown [t:\workspace\open\src\hotspot\share\interpreter\linkResolver.cpp, line 766]
Event: 2.317 Thread 0x00000299b6f8ae30 Exception <a 'java/lang/IncompatibleClassChangeError'{0x00000007057bf2d8}: Found class java.lang.Object, but interface was expected> (0x00000007057bf2d8) 
thrown [t:\workspace\open\src\hotspot\share\interpreter\linkResolver.cpp, line 833]
Event: 2.321 Thread 0x00000299b6f8ae30 Exception <a 'java/lang/NoSuchMethodError'{0x00000007057f4208}: 'java.lang.Object java.lang.invoke.DirectMethodHandle$Holder.invokeVirtual(java.lang.Object, java.lang.Object, java.lang.Object)'> (0x00000007057f4208) 
thrown [t:\workspace\open\src\hotspot\share\interpreter\linkResolver.cpp, line 766]

VM Operations (20 events):
Event: 9.023 Executing VM operation: ThreadDump done
Event: 9.156 Executing VM operation: HandshakeAllThreads
Event: 9.156 Executing VM operation: HandshakeAllThreads done
Event: 9.175 Executing VM operation: ThreadDump
Event: 9.176 Executing VM operation: ThreadDump done
Event: 9.182 Executing VM operation: HandshakeAllThreads
Event: 9.182 Executing VM operation: HandshakeAllThreads done
Event: 9.232 Executing VM operation: HandshakeAllThreads
Event: 9.232 Executing VM operation: HandshakeAllThreads done
Event: 9.284 Executing VM operation: G1CollectForAllocation
Event: 9.310 Executing VM operation: G1CollectForAllocation done
Event: 9.584 Executing VM operation: G1Concurrent
Event: 9.598 Executing VM operation: G1Concurrent done
Event: 9.654 Executing VM operation: G1Concurrent
Event: 9.654 Executing VM operation: G1Concurrent done
Event: 9.703 Executing VM operation: ThreadDump
Event: 9.704 Executing VM operation: ThreadDump done
Event: 9.726 Executing VM operation: G1CollectForAllocation
Event: 9.775 Executing VM operation: G1CollectForAllocation done
Event: 9.824 Executing VM operation: G1CollectForAllocation

Events (20 events):
Event: 9.238 Thread 0x00000299dbcbc6c0 flushing nmethod 0x00000299c0b33090
Event: 9.239 Thread 0x00000299dbcbc6c0 flushing nmethod 0x00000299c0b9d010
Event: 9.239 Thread 0x00000299dbcbc6c0 flushing nmethod 0x00000299c0bda210
Event: 9.239 Thread 0x00000299dbcbc6c0 flushing nmethod 0x00000299c0be2c10
Event: 9.239 Thread 0x00000299dbcbc6c0 flushing nmethod 0x00000299c0be6010
Event: 9.239 Thread 0x00000299dbcbc6c0 flushing nmethod 0x00000299c0bfcb10
Event: 9.239 Thread 0x00000299dbcbc6c0 flushing nmethod 0x00000299c0bfd590
Event: 9.239 Thread 0x00000299dbcbc6c0 flushing nmethod 0x00000299c0c04890
Event: 9.239 Thread 0x00000299dbcbc6c0 flushing nmethod 0x00000299c0c04f10
Event: 9.239 Thread 0x00000299dbcbc6c0 flushing nmethod 0x00000299c0c05a90
Event: 9.239 Thread 0x00000299dbcbc6c0 flushing nmethod 0x00000299c0c06410
Event: 9.239 Thread 0x00000299dbcbc6c0 flushing nmethod 0x00000299c0c08510
Event: 9.239 Thread 0x00000299dbcbc6c0 flushing nmethod 0x00000299c0c09010
Event: 9.239 Thread 0x00000299dbcbc6c0 flushing nmethod 0x00000299c0c09410
Event: 9.239 Thread 0x00000299dbcbc6c0 flushing nmethod 0x00000299c0c0a910
Event: 9.239 Thread 0x00000299dbcbc6c0 flushing nmethod 0x00000299c0c0bd10
Event: 9.239 Thread 0x00000299dbcbc6c0 flushing nmethod 0x00000299c0c15610
Event: 9.704 Thread 0x00000299e4a2a1a0 Thread exited: 0x00000299e4a2a1a0
Event: 9.704 Thread 0x00000299e4a284c0 Thread exited: 0x00000299e4a284c0
Event: 9.706 Thread 0x00000299e4a29800 Thread added: 0x00000299e4a29800


Dynamic libraries:
0x00007ff7dd210000 - 0x00007ff7dd21e000 	C:\Users\super\.jdks\openjdk-17.0.2\bin\java.exe
0x00007fff66350000 - 0x00007fff66548000 	C:\WINDOWS\SYSTEM32\ntdll.dll
0x00007fff65300000 - 0x00007fff653bd000 	C:\WINDOWS\System32\KERNEL32.DLL
0x00007fff63d40000 - 0x00007fff64012000 	C:\WINDOWS\System32\KERNELBASE.dll
0x00007fff63c40000 - 0x00007fff63d40000 	C:\WINDOWS\System32\ucrtbase.dll
0x00007fff5b320000 - 0x00007fff5b33a000 	C:\Users\super\.jdks\openjdk-17.0.2\bin\VCRUNTIME140.dll
0x00007fff61940000 - 0x00007fff61958000 	C:\Users\super\.jdks\openjdk-17.0.2\bin\jli.dll
0x00007fff65160000 - 0x00007fff652fd000 	C:\WINDOWS\System32\USER32.dll
0x00007fff62e00000 - 0x00007fff6309a000 	C:\WINDOWS\WinSxS\amd64_microsoft.windows.common-controls_6595b64144ccf1df_6.0.19041.1110_none_60b5254171f9507e\COMCTL32.dll
0x00007fff63b00000 - 0x00007fff63b22000 	C:\WINDOWS\System32\win32u.dll
0x00007fff65fc0000 - 0x00007fff6605e000 	C:\WINDOWS\System32\msvcrt.dll
0x00007fff65790000 - 0x00007fff657bb000 	C:\WINDOWS\System32\GDI32.dll
0x00007fff63b30000 - 0x00007fff63c3f000 	C:\WINDOWS\System32\gdi32full.dll
0x00007fff63a60000 - 0x00007fff63afd000 	C:\WINDOWS\System32\msvcp_win.dll
0x00007fff64460000 - 0x00007fff64490000 	C:\WINDOWS\System32\IMM32.DLL
0x00007fff61930000 - 0x00007fff6193c000 	C:\Users\super\.jdks\openjdk-17.0.2\bin\vcruntime140_1.dll
0x00007fff567d0000 - 0x00007fff5685d000 	C:\Users\super\.jdks\openjdk-17.0.2\bin\msvcp140.dll
0x00007fff1bab0000 - 0x00007fff1c671000 	C:\Users\super\.jdks\openjdk-17.0.2\bin\server\jvm.dll
0x00007fff643b0000 - 0x00007fff6445e000 	C:\WINDOWS\System32\ADVAPI32.dll
0x00007fff65520000 - 0x00007fff655bc000 	C:\WINDOWS\System32\sechost.dll
0x00007fff65e90000 - 0x00007fff65fb5000 	C:\WINDOWS\System32\RPCRT4.dll
0x00007fff64520000 - 0x00007fff64528000 	C:\WINDOWS\System32\PSAPI.DLL
0x00007fff583c0000 - 0x00007fff583ca000 	C:\WINDOWS\SYSTEM32\VERSION.dll
0x00007fff5d0d0000 - 0x00007fff5d0d9000 	C:\WINDOWS\SYSTEM32\WSOCK32.dll
0x00007fff58560000 - 0x00007fff58587000 	C:\WINDOWS\SYSTEM32\WINMM.dll
0x00007fff653e0000 - 0x00007fff6544b000 	C:\WINDOWS\System32\WS2_32.dll
0x00007fff61c10000 - 0x00007fff61c22000 	C:\WINDOWS\SYSTEM32\kernel.appcore.dll
0x00007fff61910000 - 0x00007fff6191a000 	C:\Users\super\.jdks\openjdk-17.0.2\bin\jimage.dll
0x00007fff63380000 - 0x00007fff63564000 	C:\WINDOWS\SYSTEM32\DBGHELP.DLL
0x00007fff63350000 - 0x00007fff6337c000 	C:\WINDOWS\SYSTEM32\dbgcore.DLL
0x00007fff64320000 - 0x00007fff643a2000 	C:\WINDOWS\System32\bcryptPrimitives.dll
0x00007fff5b240000 - 0x00007fff5b265000 	C:\Users\super\.jdks\openjdk-17.0.2\bin\java.dll
0x00007fff56470000 - 0x00007fff56546000 	C:\Users\super\.jdks\openjdk-17.0.2\bin\jsvml.dll
0x00007fff64a10000 - 0x00007fff65153000 	C:\WINDOWS\System32\SHELL32.dll
0x00007fff60dd0000 - 0x00007fff61561000 	C:\WINDOWS\SYSTEM32\windows.storage.dll
0x00007fff65970000 - 0x00007fff65cc4000 	C:\WINDOWS\System32\combase.dll
0x00007fff62cc0000 - 0x00007fff62cf0000 	C:\WINDOWS\SYSTEM32\Wldp.dll
0x00007fff66060000 - 0x00007fff6610d000 	C:\WINDOWS\System32\SHCORE.dll
0x00007fff649b0000 - 0x00007fff64a05000 	C:\WINDOWS\System32\shlwapi.dll
0x00007fff639a0000 - 0x00007fff639bf000 	C:\WINDOWS\SYSTEM32\profapi.dll
0x00007fff5b2b0000 - 0x00007fff5b2c9000 	C:\Users\super\.jdks\openjdk-17.0.2\bin\net.dll
0x00007fff59950000 - 0x00007fff59a5d000 	C:\WINDOWS\SYSTEM32\WINHTTP.dll
0x00007fff62b80000 - 0x00007fff62bea000 	C:\WINDOWS\system32\mswsock.dll
0x00007fff56ad0000 - 0x00007fff56ae6000 	C:\Users\super\.jdks\openjdk-17.0.2\bin\nio.dll
0x00007fff56970000 - 0x00007fff56988000 	C:\Users\super\.jdks\openjdk-17.0.2\bin\zip.dll
0x00007fff5a0a0000 - 0x00007fff5a0b0000 	C:\Users\super\.jdks\openjdk-17.0.2\bin\verify.dll
0x00007fff56790000 - 0x00007fff5679e000 	C:\Users\super\.jdks\openjdk-17.0.2\bin\sunmscapi.dll
0x00007fff640d0000 - 0x00007fff64226000 	C:\WINDOWS\System32\CRYPT32.dll
0x00007fff62dd0000 - 0x00007fff62df7000 	C:\WINDOWS\SYSTEM32\ncrypt.dll
0x00007fff62d90000 - 0x00007fff62dcb000 	C:\WINDOWS\SYSTEM32\NTASN1.dll
0x00007fff522e0000 - 0x00007fff522e7000 	C:\WINDOWS\system32\wshunix.dll
0x00007fff63710000 - 0x00007fff63728000 	C:\WINDOWS\SYSTEM32\CRYPTSP.dll
0x00007fff623e0000 - 0x00007fff62414000 	C:\WINDOWS\system32\rsaenh.dll
0x00007fff642f0000 - 0x00007fff64317000 	C:\WINDOWS\System32\bcrypt.dll
0x00007fff63960000 - 0x00007fff6398e000 	C:\WINDOWS\SYSTEM32\USERENV.dll
0x00007fff62b40000 - 0x00007fff62b4c000 	C:\WINDOWS\SYSTEM32\CRYPTBASE.dll
0x00007fff62750000 - 0x00007fff6278b000 	C:\WINDOWS\SYSTEM32\IPHLPAPI.DLL
0x00007fff64530000 - 0x00007fff64538000 	C:\WINDOWS\System32\NSI.dll
0x00007fff58bb0000 - 0x00007fff58bc7000 	C:\WINDOWS\SYSTEM32\dhcpcsvc6.DLL
0x00007fff58b90000 - 0x00007fff58bad000 	C:\WINDOWS\SYSTEM32\dhcpcsvc.DLL
0x00007fff62790000 - 0x00007fff6285a000 	C:\WINDOWS\SYSTEM32\DNSAPI.dll

dbghelp: loaded successfully - version: 4.0.5 - missing functions: none
symbol engine: initialized successfully - sym options: 0x614 - pdb path: .;C:\Users\super\.jdks\openjdk-17.0.2\bin;C:\WINDOWS\SYSTEM32;C:\WINDOWS\WinSxS\amd64_microsoft.windows.common-controls_6595b64144ccf1df_6.0.19041.1110_none_60b5254171f9507e;C:\Users\super\.jdks\openjdk-17.0.2\bin\server

VM Arguments:
jvm_args: -Dorg.gradle.internal.worker.tmpdir=C:\Users\super\MP\fc-priority-queue-enotvtapke\build\tmp\test\work -Dorg.gradle.native=false -Xmx4g -Dfile.encoding=windows-1251 -Duser.country=RU -Duser.language=ru -Duser.variant -ea 
java_command: worker.org.gradle.process.internal.worker.GradleWorkerMain 'Gradle Test Executor 6'
java_class_path (initial): C:\\Users\\super\\.gradle\\caches\\7.5.1\\workerMain\\gradle-worker.jar;C:\\Users\\super\\MP\\fc-priority-queue-enotvtapke\\build\\classes\\kotlin\\main;C:\\Users\\super\\MP\\fc-priority-queue-enotvtapke\\build\\classes\\atomicfu\\test;C:\\Users\\super\\.gradle\\caches\\modules-2\\files-2.1\\org.jetbrains.kotlinx\\lincheck-jvm\\2.15\\9edee873472aeed8bd4d1cdc08567545a153185\\lincheck-jvm-2.15.jar;C:\\Users\\super\\.gradle\\caches\\modules-2\\files-2.1\\org.jetbrains.kotlin\\kotlin-stdlib-jdk8\\1.7.10\\d70d7d2c56371f7aa18f32e984e3e2e998fe9081\\kotlin-stdlib-jdk8-1.7.10.jar;C:\\Users\\super\\.gradle\\caches\\modules-2\\files-2.1\\org.jetbrains.kotlin\\kotlin-reflect\\1.7.10\\165e600dfea6185cf5efa700756294cc4904dbeb\\kotlin-reflect-1.7.10.jar;C:\\Users\\super\\.gradle\\caches\\modules-2\\files-2.1\\org.jetbrains.kotlin\\kotlin-test-junit\\1.7.10\\27228b08adb999a47ae98ac03e98e1f3132f83ca\\kotlin-test-junit-1.7.10.jar;C:\\Users\\super\\.gradle\\caches\\modules-2\\files-2.1\\com.amazonaws\\aws-java-sdk\\1.12.314\\40d72afa149e472b810e22f4f05ab1f9c1d47f16\\aws-java-sdk-1.12.314.jar;C:\\Users\\super\\.gradle\\caches\\modules-2\\files-2.1\\org.jetbrains.kotlinx\\atomicfu-jvm\\0.18.3\\725642ce0600a3fd4f102e1bfcf5355ac1023209\\atomicfu-jvm-0.18.3.jar;C:\\Users\\super\\.gradle\\caches\\modules-2\\files-2.1\\org.jetbrains.kotlin\\kotlin-stdlib-jdk7\\1.7.10\\1ef73fee66f45d52c67e2aca12fd945dbe0659bf\\kotlin-stdlib-jdk7-1.7.10.jar;C:\\Users\\super\\.gradle\\caches\\modules-2\\files-2.1\\org.jetbrains.kotlin\\kotlin-test\\1.7.10\\4d644a88cc0a386712d4b1c1b4ca748203421e07\\kotlin-test-1.7.10.jar;C:\\Users\\super\\.gradle\\caches\\modules-2\\files-2.1\\org.jetbrains.kotlinx\\kotlinx-coroutines-core-jvm\\1.4.0\\afa1313d91772863b97af8d242860a3a05f03f98\\kotlinx-coroutines-core-jvm-1.4.0.jar;C:\\Users\\super\\.gradle\\caches\\modules-2\\files-2.1\\org.jetbrains.kotlin\\kotlin-stdlib\\1.7.10\\d2abf9e77736acc4450dc4a3f707fa2c10f5099d\\kotlin-stdlib-1.7.10.jar;C:\\
Launcher Type: SUN_STANDARD

[Global flags]
     intx CICompilerCount                          = 4                                         {product} {ergonomic}
     uint ConcGCThreads                            = 2                                         {product} {ergonomic}
     uint G1ConcRefinementThreads                  = 8                                         {product} {ergonomic}
   size_t G1HeapRegionSize                         = 2097152                                   {product} {ergonomic}
    uintx GCDrainStackTargetSize                   = 64                                        {product} {ergonomic}
   size_t InitialHeapSize                          = 117440512                                 {product} {ergonomic}
   size_t MarkStackSize                            = 4194304                                   {product} {ergonomic}
   size_t MaxHeapSize                              = 4294967296                                {product} {command line}
   size_t MaxNewSize                               = 2575302656                                {product} {ergonomic}
   size_t MinHeapDeltaBytes                        = 2097152                                   {product} {ergonomic}
   size_t MinHeapSize                              = 8388608                                   {product} {ergonomic}
    uintx NonNMethodCodeHeapSize                   = 5839372                                {pd product} {ergonomic}
    uintx NonProfiledCodeHeapSize                  = 122909434                              {pd product} {ergonomic}
    uintx ProfiledCodeHeapSize                     = 122909434                              {pd product} {ergonomic}
    uintx ReservedCodeCacheSize                    = 251658240                              {pd product} {ergonomic}
     bool SegmentedCodeCache                       = true                                      {product} {ergonomic}
   size_t SoftMaxHeapSize                          = 4294967296                             {manageable} {ergonomic}
     bool UseCompressedClassPointers               = true                           {product lp64_product} {ergonomic}
     bool UseCompressedOops                        = true                           {product lp64_product} {ergonomic}
     bool UseG1GC                                  = true                                      {product} {ergonomic}
     bool UseLargePagesIndividualAllocation        = false                                  {pd product} {ergonomic}

Logging:
Log output configuration:
 #0: stdout all=warning uptime,level,tags
 #1: stderr all=off uptime,level,tags

Environment Variables:
JAVA_HOME=C:\Users\super\.jdks\openjdk-17.0.2\
PATH=C:\Program Files\Eclipse Adoptium\jdk-17.0.2.8-hotspot\bin;C:\Python310\Scripts\;C:\Python310\;C:\Python39\Scripts\;C:\Python39\;C:\Program Files\Python37\Scripts\;C:\Program Files\Python37\;C:\WINDOWS\system32;C:\WINDOWS;C:\WINDOWS\System32\Wbem;C:\WINDOWS\System32\WindowsPowerShell\v1.0\;C:\WINDOWS\System32\OpenSSH\;C:\Program Files\Git\cmd;C:\ProgramData\chocolatey\bin;C:\ProgramData\pbox;C:\Programs\msys\usr\bin;C:\Programs\maven3\bin;C:\Program Files\nodejs\;C:\Program Files\Docker\Docker\resources\bin;C:\ProgramData\DockerDesktop\version-bin;C:\Strawberry\c\bin;C:\Strawberry\perl\site\bin;C:\Strawberry\perl\bin;C:\Users\super\AppData\Roaming\local\bin;
USERNAME=super
OS=Windows_NT
PROCESSOR_IDENTIFIER=AMD64 Family 23 Model 24 Stepping 1, AuthenticAMD



---------------  S Y S T E M  ---------------

OS:
 Windows 10 , 64 bit Build 19041 (10.0.19041.1889)
OS uptime: 2 days 0:19 hours
Hyper-V role detected

CPU: total 8 (initial active 8) (8 cores per cpu, 2 threads per core) family 23 model 24 stepping 1 microcode 0x0, cx8, cmov, fxsr, ht, mmx, 3dnowpref, sse, sse2, sse3, ssse3, sse4a, sse4.1, sse4.2, popcnt, lzcnt, tsc, tscinvbit, avx, avx2, aes, clmul, bmi1, bmi2, adx, sha, fma, vzeroupper, clflush, clflushopt, hv

Memory: 4k page, system-wide physical 7103M (363M free)
TotalPageFile size 18886M (AvailPageFile size 709M)
current process WorkingSet (physical memory assigned to process): 646M, peak: 646M
current process commit charge ("private bytes"): 809M, peak: 1571M

vm_info: OpenJDK 64-Bit Server VM (17.0.2+8-86) for windows-amd64 JRE (17.0.2+8-86), built on Dec  7 2021 21:49:10 by "mach5one" with MS VC++ 16.8 / 16.9 (VS2019)

END.
