#
# There is insufficient memory for the Java Runtime Environment to continue.
# Native memory allocation (mmap) failed to map 1128267776 bytes for G1 virtual space
# Possible reasons:
#   The system is out of physical RAM or swap space
#   The process is running with CompressedOops enabled, and the Java Heap may be blocking the growth of the native heap
# Possible solutions:
#   Reduce memory load on the system
#   Increase physical memory or swap space
#   Check if swap backing store is full
#   Decrease Java heap size (-Xmx/-Xms)
#   Decrease number of Java threads
#   Decrease Java thread stack sizes (-Xss)
#   Set larger code cache with -XX:ReservedCodeCacheSize=
#   JVM is running with Zero Based Compressed Oops mode in which the Java heap is
#     placed in the first 32GB address space. The Java Heap base address is the
#     maximum limit for the native heap growth. Please use -XX:HeapBaseMinAddress
#     to set the Java Heap base and to place the Java Heap above 32GB virtual address.
# This output file may be truncated or incomplete.
#
#  Out of Memory Error (os_windows.cpp:3532), pid=16340, tid=5056
#
# JRE version: OpenJDK Runtime Environment (17.0.2+8) (build 17.0.2+8-86)
# Java VM: OpenJDK 64-Bit Server VM (17.0.2+8-86, mixed mode, sharing, tiered, compressed oops, compressed class ptrs, g1 gc, windows-amd64)
# No core dump will be written. Minidumps are not enabled by default on client versions of Windows
#

---------------  S U M M A R Y ------------

Command Line: -Dorg.gradle.internal.worker.tmpdir=C:\Users\super\MP\fc-priority-queue-enotvtapke\build\tmp\test\work -Dorg.gradle.native=false -Xmx4g -Dfile.encoding=windows-1251 -Duser.country=RU -Duser.language=ru -Duser.variant -ea worker.org.gradle.process.internal.worker.GradleWorkerMain 'Gradle Test Executor 2'

Host: AMD Ryzen 5 3500U with Radeon Vega Mobile Gfx  , 8 cores, 6G,  Windows 10 , 64 bit Build 19041 (10.0.19041.1889)
Time: Mon Oct 31 23:44:13 2022 RTZ 2 (s 10 , 64 bit Build 19041 (10.0.19041.1889) elapsed time: 10.402251 seconds (0d 0h 0m 10s)

---------------  T H R E A D  ---------------

Current thread (0x000001f0fff542b0):  VMThread "VM Thread" [stack: 0x0000003734800000,0x0000003734900000] [id=5056]

Stack: [0x0000003734800000,0x0000003734900000]
Native frames: (J=compiled Java code, j=interpreted, Vv=VM code, C=native code)
V  [jvm.dll+0x670baa]
V  [jvm.dll+0x7cfcb4]
V  [jvm.dll+0x7d145e]
V  [jvm.dll+0x7d1ac3]
V  [jvm.dll+0x242bc5]
V  [jvm.dll+0x66dac9]
V  [jvm.dll+0x662412]
V  [jvm.dll+0x300c0b]
V  [jvm.dll+0x3081a6]
V  [jvm.dll+0x357d0e]
V  [jvm.dll+0x357f3f]
V  [jvm.dll+0x2d7ec8]
V  [jvm.dll+0x2d6194]
V  [jvm.dll+0x2d579c]
V  [jvm.dll+0x3190eb]
V  [jvm.dll+0x7d5f9b]
V  [jvm.dll+0x7d6cd4]
V  [jvm.dll+0x7d71ec]
V  [jvm.dll+0x7d75c4]
V  [jvm.dll+0x7d7690]
V  [jvm.dll+0x77ff7a]
V  [jvm.dll+0x66fa35]
C  [ucrtbase.dll+0x21bb2]
C  [KERNEL32.DLL+0x17034]
C  [ntdll.dll+0x526a1]

VM_Operation (0x00000037342fb7c0): G1CollectForAllocation, mode: safepoint, requested by thread 0x000001f0dd259350


---------------  P R O C E S S  ---------------

Threads class SMR info:
_java_thread_list=0x000001f082f79120, length=17, elements={
0x000001f0dd259350, 0x000001f0fff59f10, 0x000001f0fff5b520, 0x000001f0fff70c70,
0x000001f0fff73640, 0x000001f0fff757a0, 0x000001f0fff7ca00, 0x000001f0fff833c0,
0x000001f0fff864a0, 0x000001f0fff87d20, 0x000001f0fff7ebb0, 0x000001f0fff7f550,
0x000001f082d0ea50, 0x000001f0fff7ced0, 0x000001f0fff7dd40, 0x000001f0fff7fa20,
0x000001f0fff7f080
}

Java Threads: ( => current thread )
  0x000001f0dd259350 JavaThread "Test worker" [_thread_blocked, id=9080, stack(0x0000003734200000,0x0000003734300000)]
  0x000001f0fff59f10 JavaThread "Reference Handler" daemon [_thread_blocked, id=17952, stack(0x0000003734900000,0x0000003734a00000)]
  0x000001f0fff5b520 JavaThread "Finalizer" daemon [_thread_blocked, id=14708, stack(0x0000003734a00000,0x0000003734b00000)]
  0x000001f0fff70c70 JavaThread "Signal Dispatcher" daemon [_thread_blocked, id=16472, stack(0x0000003734b00000,0x0000003734c00000)]
  0x000001f0fff73640 JavaThread "Attach Listener" daemon [_thread_blocked, id=4008, stack(0x0000003734c00000,0x0000003734d00000)]
  0x000001f0fff757a0 JavaThread "Service Thread" daemon [_thread_blocked, id=10836, stack(0x0000003734d00000,0x0000003734e00000)]
  0x000001f0fff7ca00 JavaThread "Monitor Deflation Thread" daemon [_thread_blocked, id=3700, stack(0x0000003734e00000,0x0000003734f00000)]
  0x000001f0fff833c0 JavaThread "C2 CompilerThread0" daemon [_thread_blocked, id=8668, stack(0x0000003734f00000,0x0000003735000000)]
  0x000001f0fff864a0 JavaThread "C1 CompilerThread0" daemon [_thread_blocked, id=7276, stack(0x0000003735000000,0x0000003735100000)]
  0x000001f0fff87d20 JavaThread "Sweeper thread" daemon [_thread_blocked, id=15012, stack(0x0000003735100000,0x0000003735200000)]
  0x000001f0fff7ebb0 JavaThread "Notification Thread" daemon [_thread_blocked, id=18296, stack(0x0000003735200000,0x0000003735300000)]
  0x000001f0fff7f550 JavaThread "Common-Cleaner" daemon [_thread_blocked, id=16392, stack(0x0000003735400000,0x0000003735500000)]
  0x000001f082d0ea50 JavaThread "C2 CompilerThread1" daemon [_thread_blocked, id=6820, stack(0x0000003735500000,0x0000003735600000)]
  0x000001f0fff7ced0 JavaThread "/127.0.0.1:62212 to /127.0.0.1:62211 workers" [_thread_blocked, id=12856, stack(0x0000003735d00000,0x0000003735e00000)]
  0x000001f0fff7dd40 JavaThread "/127.0.0.1:62212 to /127.0.0.1:62211 workers Thread 2" [_thread_blocked, id=4444, stack(0x0000003735e00000,0x0000003735f00000)]
  0x000001f0fff7fa20 JavaThread "/127.0.0.1:62212 to /127.0.0.1:62211 workers Thread 3" [_thread_in_native, id=17180, stack(0x0000003735f00000,0x0000003736000000)]
  0x000001f0fff7f080 JavaThread "FixedActiveThreadsExecutor@1441014857-0" [_thread_blocked, id=1676, stack(0x0000003736100000,0x0000003736200000)]

Other Threads:
=>0x000001f0fff542b0 VMThread "VM Thread" [stack: 0x0000003734800000,0x0000003734900000] [id=5056]
  0x000001f082c15a80 WatcherThread [stack: 0x0000003735300000,0x0000003735400000] [id=18392]
  0x000001f0dd2b1c90 GCTaskThread "GC Thread#0" [stack: 0x0000003734300000,0x0000003734400000] [id=5584]
  0x000001f0843afeb0 GCTaskThread "GC Thread#1" [stack: 0x0000003735600000,0x0000003735700000] [id=14496]
  0x000001f0845bc9d0 GCTaskThread "GC Thread#2" [stack: 0x0000003735700000,0x0000003735800000] [id=7996]
  0x000001f0845bcc80 GCTaskThread "GC Thread#3" [stack: 0x0000003735800000,0x0000003735900000] [id=14396]
  0x000001f08440b710 GCTaskThread "GC Thread#4" [stack: 0x0000003735a00000,0x0000003735b00000] [id=1176]
  0x000001f0843eb690 GCTaskThread "GC Thread#5" [stack: 0x0000003735b00000,0x0000003735c00000] [id=13084]
  0x000001f083cae040 GCTaskThread "GC Thread#6" [stack: 0x0000003735c00000,0x0000003735d00000] [id=12808]
  0x000001f082b52310 GCTaskThread "GC Thread#7" [stack: 0x0000003736000000,0x0000003736100000] [id=10828]
  0x000001f0dd2c2bd0 ConcurrentGCThread "G1 Main Marker" [stack: 0x0000003734400000,0x0000003734500000] [id=14876]
  0x000001f0dd2c3d80 ConcurrentGCThread "G1 Conc#0" [stack: 0x0000003734500000,0x0000003734600000] [id=7676]
  0x000001f084b0d460 ConcurrentGCThread "G1 Conc#1" [stack: 0x0000003736800000,0x0000003736900000] [id=10804]
  0x000001f0dd2ee190 ConcurrentGCThread "G1 Refine#0" [stack: 0x0000003734600000,0x0000003734700000] [id=18568]
  0x000001f084b758e0 ConcurrentGCThread "G1 Refine#1" [stack: 0x0000003736400000,0x0000003736500000] [id=19276]
  0x000001f0872bded0 ConcurrentGCThread "G1 Refine#2" [stack: 0x0000003736500000,0x0000003736600000] [id=4128]
  0x000001f086c79370 ConcurrentGCThread "G1 Refine#3" [stack: 0x0000003736600000,0x0000003736700000] [id=12104]
  0x000001f086d03fe0 ConcurrentGCThread "G1 Refine#4" [stack: 0x0000003736700000,0x0000003736800000] [id=3712]
  0x000001f084a15bc0 ConcurrentGCThread "G1 Refine#5" [stack: 0x0000003736200000,0x0000003736300000] [id=9000]
  0x000001f087f84e20 ConcurrentGCThread "G1 Refine#6" [stack: 0x0000003736900000,0x0000003736a00000] [id=256]
  0x000001f0872adc00 ConcurrentGCThread "G1 Refine#7" [stack: 0x0000003736a00000,0x0000003736b00000] [id=13244]
  0x000001f0dd2eebb0 ConcurrentGCThread "G1 Service" [stack: 0x0000003734700000,0x0000003734800000] [id=19444]

Threads with active compile tasks:
C2 CompilerThread0    10436 3634       4       org.jetbrains.kotlinx.lincheck.strategy.managed.ManagedStrategy::newSwitchPoint (197 bytes)
C2 CompilerThread1    10436 3629       4       org.jetbrains.kotlinx.lincheck.strategy.managed.ManagedStrategy::beforeSharedVariableRead$lincheck (11 bytes)

VM state: at safepoint (normal execution)

VM Mutex/Monitor currently owned by a thread:  ([mutex/lock_event])
[0x000001f0dd256710] Threads_lock - owner thread: 0x000001f0fff542b0
[0x000001f0dd255120] Heap_lock - owner thread: 0x000001f0dd259350

Heap address: 0x0000000700000000, size: 4096 MB, Compressed Oops mode: Zero based, Oop shift amount: 3

CDS archive(s) mapped at: [0x0000000800000000-0x0000000800bc0000-0x0000000800bc0000), size 12320768, SharedBaseAddress: 0x0000000800000000, ArchiveRelocationMode: 0.
Compressed class space mapped at: 0x0000000800c00000-0x0000000840c00000, reserved size: 1073741824
Narrow klass base: 0x0000000800000000, Narrow klass shift: 0, Narrow klass range: 0x100000000

GC Precious Log:
 CPUs: 8 total, 8 available
 Memory: 7103M
 Large Page Support: Disabled
 NUMA Support: Disabled
 Compressed Oops: Enabled (Zero based)
 Heap Region Size: 2M
 Heap Min Capacity: 8M
 Heap Initial Capacity: 112M
 Heap Max Capacity: 4G
 Pre-touch: Disabled
 Parallel Workers: 8
 Concurrent Workers: 2
 Concurrent Refinement Workers: 8
 Periodic GC: Disabled

Heap:
 garbage-first heap   total 567296K, used 236351K [0x0000000700000000, 0x0000000800000000)
  region size 2048K, 2 young (4096K), 2 survivors (4096K)
 Metaspace       used 22429K, committed 22784K, reserved 1073152K
  class space    used 2282K, committed 2432K, reserved 1048576K

Heap Regions: E=young(eden), S=young(survivor), O=old, HS=humongous(starts), HC=humongous(continues), CS=collection set, F=free, OA=open archive, CA=closed archive, TAMS=top-at-mark-start (previous, next)
|   0|0x0000000700000000, 0x0000000700200000, 0x0000000700200000|100%| O|  |TAMS 0x0000000700200000, 0x0000000700000000| Untracked 
|   1|0x0000000700200000, 0x0000000700400000, 0x0000000700400000|100%| O|  |TAMS 0x0000000700400000, 0x0000000700200000| Untracked 
|   2|0x0000000700400000, 0x0000000700600000, 0x0000000700600000|100%| O|  |TAMS 0x0000000700600000, 0x0000000700400000| Untracked 
|   3|0x0000000700600000, 0x0000000700800000, 0x0000000700800000|100%| O|  |TAMS 0x0000000700800000, 0x0000000700600000| Untracked 
|   4|0x0000000700800000, 0x0000000700a00000, 0x0000000700a00000|100%| O|  |TAMS 0x0000000700a00000, 0x0000000700800000| Untracked 
|   5|0x0000000700a00000, 0x0000000700c00000, 0x0000000700c00000|100%| O|  |TAMS 0x0000000700c00000, 0x0000000700a00000| Untracked 
|   6|0x0000000700c00000, 0x0000000700e00000, 0x0000000700e00000|100%| O|  |TAMS 0x0000000700e00000, 0x0000000700c00000| Untracked 
|   7|0x0000000700e00000, 0x0000000701000000, 0x0000000701000000|100%| O|  |TAMS 0x0000000701000000, 0x0000000700e00000| Untracked 
|   8|0x0000000701000000, 0x0000000701200000, 0x0000000701200000|100%| O|  |TAMS 0x0000000701200000, 0x0000000701000000| Untracked 
|   9|0x0000000701200000, 0x0000000701400000, 0x0000000701400000|100%| O|  |TAMS 0x0000000701400000, 0x0000000701200000| Untracked 
|  10|0x0000000701400000, 0x0000000701600000, 0x0000000701600000|100%| O|  |TAMS 0x0000000701600000, 0x0000000701400000| Untracked 
|  11|0x0000000701600000, 0x0000000701800000, 0x0000000701800000|100%| O|  |TAMS 0x0000000701800000, 0x0000000701600000| Untracked 
|  12|0x0000000701800000, 0x0000000701a00000, 0x0000000701a00000|100%| O|  |TAMS 0x0000000701a00000, 0x0000000701800000| Untracked 
|  13|0x0000000701a00000, 0x0000000701c00000, 0x0000000701c00000|100%| O|  |TAMS 0x0000000701c00000, 0x0000000701a00000| Untracked 
|  14|0x0000000701c00000, 0x0000000701e00000, 0x0000000701e00000|100%| O|  |TAMS 0x0000000701e00000, 0x0000000701c00000| Untracked 
|  15|0x0000000701e00000, 0x0000000702000000, 0x0000000702000000|100%| O|  |TAMS 0x0000000702000000, 0x0000000701e00000| Untracked 
|  16|0x0000000702000000, 0x0000000702200000, 0x0000000702200000|100%| O|  |TAMS 0x0000000702200000, 0x0000000702000000| Untracked 
|  17|0x0000000702200000, 0x0000000702400000, 0x0000000702400000|100%| O|  |TAMS 0x0000000702400000, 0x0000000702200000| Untracked 
|  18|0x0000000702400000, 0x0000000702600000, 0x0000000702600000|100%| O|  |TAMS 0x0000000702600000, 0x0000000702400000| Untracked 
|  19|0x0000000702600000, 0x0000000702800000, 0x0000000702800000|100%| O|  |TAMS 0x0000000702800000, 0x0000000702600000| Untracked 
|  20|0x0000000702800000, 0x0000000702a00000, 0x0000000702a00000|100%| O|  |TAMS 0x0000000702a00000, 0x0000000702800000| Untracked 
|  21|0x0000000702a00000, 0x0000000702c00000, 0x0000000702c00000|100%| O|  |TAMS 0x0000000702c00000, 0x0000000702a00000| Untracked 
|  22|0x0000000702c00000, 0x0000000702e00000, 0x0000000702e00000|100%| O|  |TAMS 0x0000000702e00000, 0x0000000702c00000| Untracked 
|  23|0x0000000702e00000, 0x0000000703000000, 0x0000000703000000|100%| O|  |TAMS 0x0000000703000000, 0x0000000702e00000| Untracked 
|  24|0x0000000703000000, 0x0000000703200000, 0x0000000703200000|100%| O|  |TAMS 0x0000000703200000, 0x0000000703000000| Untracked 
|  25|0x0000000703200000, 0x0000000703400000, 0x0000000703400000|100%| O|  |TAMS 0x0000000703400000, 0x0000000703200000| Untracked 
|  26|0x0000000703400000, 0x0000000703600000, 0x0000000703600000|100%| O|  |TAMS 0x0000000703600000, 0x0000000703400000| Untracked 
|  27|0x0000000703600000, 0x0000000703800000, 0x0000000703800000|100%| O|  |TAMS 0x0000000703800000, 0x0000000703600000| Untracked 
|  28|0x0000000703800000, 0x0000000703a00000, 0x0000000703a00000|100%| O|  |TAMS 0x0000000703a00000, 0x0000000703800000| Untracked 
|  29|0x0000000703a00000, 0x0000000703c00000, 0x0000000703c00000|100%| O|  |TAMS 0x0000000703c00000, 0x0000000703a00000| Untracked 
|  30|0x0000000703c00000, 0x0000000703e00000, 0x0000000703e00000|100%| O|  |TAMS 0x0000000703e00000, 0x0000000703c00000| Untracked 
|  31|0x0000000703e00000, 0x0000000704000000, 0x0000000704000000|100%| O|  |TAMS 0x0000000704000000, 0x0000000703e00000| Untracked 
|  32|0x0000000704000000, 0x0000000704200000, 0x0000000704200000|100%| O|  |TAMS 0x0000000704200000, 0x0000000704000000| Untracked 
|  33|0x0000000704200000, 0x0000000704400000, 0x0000000704400000|100%| O|  |TAMS 0x0000000704400000, 0x0000000704200000| Untracked 
|  34|0x0000000704400000, 0x0000000704600000, 0x0000000704600000|100%| O|  |TAMS 0x0000000704600000, 0x0000000704400000| Untracked 
|  35|0x0000000704600000, 0x0000000704800000, 0x0000000704800000|100%| O|  |TAMS 0x0000000704800000, 0x0000000704600000| Untracked 
|  36|0x0000000704800000, 0x0000000704a00000, 0x0000000704a00000|100%| O|  |TAMS 0x0000000704a00000, 0x0000000704800000| Untracked 
|  37|0x0000000704a00000, 0x0000000704c00000, 0x0000000704c00000|100%| O|  |TAMS 0x0000000704c00000, 0x0000000704a00000| Untracked 
|  38|0x0000000704c00000, 0x0000000704e00000, 0x0000000704e00000|100%| O|  |TAMS 0x0000000704e00000, 0x0000000704c00000| Untracked 
|  39|0x0000000704e00000, 0x0000000705000000, 0x0000000705000000|100%| O|  |TAMS 0x0000000705000000, 0x0000000704e00000| Untracked 
|  40|0x0000000705000000, 0x0000000705200000, 0x0000000705200000|100%| O|  |TAMS 0x0000000705200000, 0x0000000705000000| Untracked 
|  41|0x0000000705200000, 0x0000000705400000, 0x0000000705400000|100%| O|  |TAMS 0x0000000705400000, 0x0000000705200000| Untracked 
|  42|0x0000000705400000, 0x0000000705600000, 0x0000000705600000|100%| O|  |TAMS 0x0000000705600000, 0x0000000705400000| Untracked 
|  43|0x0000000705600000, 0x0000000705800000, 0x0000000705800000|100%| O|  |TAMS 0x0000000705800000, 0x0000000705600000| Untracked 
|  44|0x0000000705800000, 0x0000000705800000, 0x0000000705a00000|  0%| F|  |TAMS 0x0000000705800000, 0x0000000705800000| Untracked 
|  45|0x0000000705a00000, 0x0000000705a00000, 0x0000000705c00000|  0%| F|  |TAMS 0x0000000705a00000, 0x0000000705a00000| Untracked 
|  46|0x0000000705c00000, 0x0000000705e00000, 0x0000000705e00000|100%| O|  |TAMS 0x0000000705c00000, 0x0000000705c00000| Untracked 
|  47|0x0000000705e00000, 0x0000000706000000, 0x0000000706000000|100%| O|  |TAMS 0x0000000705e00000, 0x0000000705e00000| Untracked 
|  48|0x0000000706000000, 0x0000000706200000, 0x0000000706200000|100%| O|  |TAMS 0x0000000706000000, 0x0000000706000000| Untracked 
|  49|0x0000000706200000, 0x0000000706400000, 0x0000000706400000|100%| O|  |TAMS 0x0000000706200000, 0x0000000706200000| Untracked 
|  50|0x0000000706400000, 0x0000000706400000, 0x0000000706600000|  0%| F|  |TAMS 0x0000000706400000, 0x0000000706400000| Untracked 
|  51|0x0000000706600000, 0x0000000706800000, 0x0000000706800000|100%| O|  |TAMS 0x0000000706800000, 0x0000000706600000| Untracked 
|  52|0x0000000706800000, 0x0000000706a00000, 0x0000000706a00000|100%| O|  |TAMS 0x0000000706a00000, 0x0000000706800000| Untracked 
|  53|0x0000000706a00000, 0x0000000706c00000, 0x0000000706c00000|100%| O|  |TAMS 0x0000000706a00000, 0x0000000706a00000| Untracked 
|  54|0x0000000706c00000, 0x0000000706e00000, 0x0000000706e00000|100%| O|  |TAMS 0x0000000706c00000, 0x0000000706c00000| Untracked 
|  55|0x0000000706e00000, 0x0000000707000000, 0x0000000707000000|100%| O|  |TAMS 0x0000000706e00000, 0x0000000706e00000| Untracked 
|  56|0x0000000707000000, 0x0000000707000000, 0x0000000707200000|  0%| F|  |TAMS 0x0000000707000000, 0x0000000707000000| Untracked 
|  57|0x0000000707200000, 0x0000000707400000, 0x0000000707400000|100%| O|  |TAMS 0x0000000707200000, 0x0000000707200000| Untracked 
|  58|0x0000000707400000, 0x0000000707400000, 0x0000000707600000|  0%| F|  |TAMS 0x0000000707400000, 0x0000000707400000| Untracked 
|  59|0x0000000707600000, 0x0000000707600000, 0x0000000707800000|  0%| F|  |TAMS 0x0000000707600000, 0x0000000707600000| Untracked 
|  60|0x0000000707800000, 0x0000000707800000, 0x0000000707a00000|  0%| F|  |TAMS 0x0000000707800000, 0x0000000707800000| Untracked 
|  61|0x0000000707a00000, 0x0000000707a00000, 0x0000000707c00000|  0%| F|  |TAMS 0x0000000707a00000, 0x0000000707a00000| Untracked 
|  62|0x0000000707c00000, 0x0000000707e00000, 0x0000000707e00000|100%| O|  |TAMS 0x0000000707c00000, 0x0000000707c00000| Untracked 
|  63|0x0000000707e00000, 0x0000000708000000, 0x0000000708000000|100%| O|  |TAMS 0x0000000708000000, 0x0000000707e00000| Untracked 
|  64|0x0000000708000000, 0x0000000708000000, 0x0000000708200000|  0%| F|  |TAMS 0x0000000708000000, 0x0000000708000000| Untracked 
|  65|0x0000000708200000, 0x0000000708200000, 0x0000000708400000|  0%| F|  |TAMS 0x0000000708200000, 0x0000000708200000| Untracked 
|  66|0x0000000708400000, 0x0000000708400000, 0x0000000708600000|  0%| F|  |TAMS 0x0000000708400000, 0x0000000708400000| Untracked 
|  67|0x0000000708600000, 0x0000000708800000, 0x0000000708800000|100%| O|  |TAMS 0x0000000708600000, 0x0000000708600000| Untracked 
|  68|0x0000000708800000, 0x0000000708a00000, 0x0000000708a00000|100%| O|  |TAMS 0x0000000708a00000, 0x0000000708800000| Untracked 
|  69|0x0000000708a00000, 0x0000000708c00000, 0x0000000708c00000|100%| O|  |TAMS 0x0000000708c00000, 0x0000000708a00000| Untracked 
|  70|0x0000000708c00000, 0x0000000708e00000, 0x0000000708e00000|100%| O|  |TAMS 0x0000000708e00000, 0x0000000708c00000| Untracked 
|  71|0x0000000708e00000, 0x0000000709000000, 0x0000000709000000|100%| O|  |TAMS 0x0000000708e00000, 0x0000000708e00000| Untracked 
|  72|0x0000000709000000, 0x0000000709200000, 0x0000000709200000|100%| O|  |TAMS 0x0000000709000000, 0x0000000709000000| Untracked 
|  73|0x0000000709200000, 0x0000000709400000, 0x0000000709400000|100%| O|  |TAMS 0x0000000709200000, 0x0000000709200000| Untracked 
|  74|0x0000000709400000, 0x0000000709600000, 0x0000000709600000|100%| O|  |TAMS 0x0000000709400000, 0x0000000709400000| Untracked 
|  75|0x0000000709600000, 0x0000000709800000, 0x0000000709800000|100%| O|  |TAMS 0x0000000709600000, 0x0000000709600000| Untracked 
|  76|0x0000000709800000, 0x0000000709a00000, 0x0000000709a00000|100%| O|  |TAMS 0x0000000709800000, 0x0000000709800000| Untracked 
|  77|0x0000000709a00000, 0x0000000709c00000, 0x0000000709c00000|100%| O|  |TAMS 0x0000000709a00000, 0x0000000709a00000| Untracked 
|  78|0x0000000709c00000, 0x0000000709c00000, 0x0000000709e00000|  0%| F|  |TAMS 0x0000000709c00000, 0x0000000709c00000| Untracked 
|  79|0x0000000709e00000, 0x0000000709e00000, 0x000000070a000000|  0%| F|  |TAMS 0x0000000709e00000, 0x0000000709e00000| Untracked 
|  80|0x000000070a000000, 0x000000070a000000, 0x000000070a200000|  0%| F|  |TAMS 0x000000070a000000, 0x000000070a000000| Untracked 
|  81|0x000000070a200000, 0x000000070a400000, 0x000000070a400000|100%| O|  |TAMS 0x000000070a200000, 0x000000070a200000| Untracked 
|  82|0x000000070a400000, 0x000000070a600000, 0x000000070a600000|100%| O|  |TAMS 0x000000070a400000, 0x000000070a400000| Untracked 
|  83|0x000000070a600000, 0x000000070a800000, 0x000000070a800000|100%| O|  |TAMS 0x000000070a600000, 0x000000070a600000| Untracked 
|  84|0x000000070a800000, 0x000000070aa00000, 0x000000070aa00000|100%| O|  |TAMS 0x000000070a800000, 0x000000070a800000| Untracked 
|  85|0x000000070aa00000, 0x000000070ac00000, 0x000000070ac00000|100%| O|  |TAMS 0x000000070aa00000, 0x000000070aa00000| Untracked 
|  86|0x000000070ac00000, 0x000000070ae00000, 0x000000070ae00000|100%| O|  |TAMS 0x000000070ac00000, 0x000000070ac00000| Untracked 
|  87|0x000000070ae00000, 0x000000070b000000, 0x000000070b000000|100%| O|  |TAMS 0x000000070ae00000, 0x000000070ae00000| Untracked 
|  88|0x000000070b000000, 0x000000070b200000, 0x000000070b200000|100%| O|  |TAMS 0x000000070b000000, 0x000000070b000000| Untracked 
|  89|0x000000070b200000, 0x000000070b200000, 0x000000070b400000|  0%| F|  |TAMS 0x000000070b200000, 0x000000070b200000| Untracked 
|  90|0x000000070b400000, 0x000000070b400000, 0x000000070b600000|  0%| F|  |TAMS 0x000000070b400000, 0x000000070b400000| Untracked 
|  91|0x000000070b600000, 0x000000070b600000, 0x000000070b800000|  0%| F|  |TAMS 0x000000070b600000, 0x000000070b600000| Untracked 
|  92|0x000000070b800000, 0x000000070b800000, 0x000000070ba00000|  0%| F|  |TAMS 0x000000070b800000, 0x000000070b800000| Untracked 
|  93|0x000000070ba00000, 0x000000070ba00000, 0x000000070bc00000|  0%| F|  |TAMS 0x000000070ba00000, 0x000000070ba00000| Untracked 
|  94|0x000000070bc00000, 0x000000070bc00000, 0x000000070be00000|  0%| F|  |TAMS 0x000000070bc00000, 0x000000070bc00000| Untracked 
|  95|0x000000070be00000, 0x000000070be00000, 0x000000070c000000|  0%| F|  |TAMS 0x000000070be00000, 0x000000070be00000| Untracked 
|  96|0x000000070c000000, 0x000000070c000000, 0x000000070c200000|  0%| F|  |TAMS 0x000000070c000000, 0x000000070c000000| Untracked 
|  97|0x000000070c200000, 0x000000070c200000, 0x000000070c400000|  0%| F|  |TAMS 0x000000070c200000, 0x000000070c200000| Untracked 
|  98|0x000000070c400000, 0x000000070c400000, 0x000000070c600000|  0%| F|  |TAMS 0x000000070c400000, 0x000000070c400000| Untracked 
|  99|0x000000070c600000, 0x000000070c600000, 0x000000070c800000|  0%| F|  |TAMS 0x000000070c600000, 0x000000070c600000| Untracked 
| 100|0x000000070c800000, 0x000000070c800000, 0x000000070ca00000|  0%| F|  |TAMS 0x000000070c800000, 0x000000070c800000| Untracked 
| 101|0x000000070ca00000, 0x000000070cc00000, 0x000000070cc00000|100%| O|  |TAMS 0x000000070cc00000, 0x000000070ca00000| Untracked 
| 102|0x000000070cc00000, 0x000000070cc00000, 0x000000070ce00000|  0%| F|  |TAMS 0x000000070cc00000, 0x000000070cc00000| Untracked 
| 103|0x000000070ce00000, 0x000000070ce00000, 0x000000070d000000|  0%| F|  |TAMS 0x000000070ce00000, 0x000000070ce00000| Untracked 
| 104|0x000000070d000000, 0x000000070d200000, 0x000000070d200000|100%| O|  |TAMS 0x000000070d200000, 0x000000070d000000| Untracked 
| 105|0x000000070d200000, 0x000000070d400000, 0x000000070d400000|100%| O|  |TAMS 0x000000070d400000, 0x000000070d200000| Untracked 
| 106|0x000000070d400000, 0x000000070d600000, 0x000000070d600000|100%| O|  |TAMS 0x000000070d600000, 0x000000070d400000| Untracked 
| 107|0x000000070d600000, 0x000000070d800000, 0x000000070d800000|100%| O|  |TAMS 0x000000070d800000, 0x000000070d600000| Untracked 
| 108|0x000000070d800000, 0x000000070da00000, 0x000000070da00000|100%| O|  |TAMS 0x000000070da00000, 0x000000070d800000| Untracked 
| 109|0x000000070da00000, 0x000000070dc00000, 0x000000070dc00000|100%| O|  |TAMS 0x000000070dc00000, 0x000000070da00000| Untracked 
| 110|0x000000070dc00000, 0x000000070de00000, 0x000000070de00000|100%| O|  |TAMS 0x000000070de00000, 0x000000070dc00000| Untracked 
| 111|0x000000070de00000, 0x000000070e000000, 0x000000070e000000|100%| O|  |TAMS 0x000000070e000000, 0x000000070de00000| Untracked 
| 112|0x000000070e000000, 0x000000070e200000, 0x000000070e200000|100%| O|  |TAMS 0x000000070e200000, 0x000000070e000000| Untracked 
| 113|0x000000070e200000, 0x000000070e400000, 0x000000070e400000|100%| O|  |TAMS 0x000000070e400000, 0x000000070e200000| Untracked 
| 114|0x000000070e400000, 0x000000070e400000, 0x000000070e600000|  0%| F|  |TAMS 0x000000070e400000, 0x000000070e400000| Untracked 
| 115|0x000000070e600000, 0x000000070e600000, 0x000000070e800000|  0%| F|  |TAMS 0x000000070e600000, 0x000000070e600000| Untracked 
| 116|0x000000070e800000, 0x000000070e800000, 0x000000070ea00000|  0%| F|  |TAMS 0x000000070e800000, 0x000000070e800000| Untracked 
| 117|0x000000070ea00000, 0x000000070ea00000, 0x000000070ec00000|  0%| F|  |TAMS 0x000000070ea00000, 0x000000070ea00000| Untracked 
| 118|0x000000070ec00000, 0x000000070ec00000, 0x000000070ee00000|  0%| F|  |TAMS 0x000000070ec00000, 0x000000070ec00000| Untracked 
| 119|0x000000070ee00000, 0x000000070f000000, 0x000000070f000000|100%| O|  |TAMS 0x000000070f000000, 0x000000070ee00000| Untracked 
| 120|0x000000070f000000, 0x000000070f200000, 0x000000070f200000|100%| O|  |TAMS 0x000000070f200000, 0x000000070f000000| Untracked 
| 121|0x000000070f200000, 0x000000070f400000, 0x000000070f400000|100%| O|  |TAMS 0x000000070f400000, 0x000000070f200000| Untracked 
| 122|0x000000070f400000, 0x000000070f600000, 0x000000070f600000|100%| O|  |TAMS 0x000000070f600000, 0x000000070f400000| Untracked 
| 123|0x000000070f600000, 0x000000070f800000, 0x000000070f800000|100%| O|  |TAMS 0x000000070f800000, 0x000000070f600000| Untracked 
| 124|0x000000070f800000, 0x000000070fa00000, 0x000000070fa00000|100%| O|  |TAMS 0x000000070fa00000, 0x000000070f800000| Untracked 
| 125|0x000000070fa00000, 0x000000070fc00000, 0x000000070fc00000|100%| O|  |TAMS 0x000000070fc00000, 0x000000070fa00000| Untracked 
| 126|0x000000070fc00000, 0x000000070fe00000, 0x000000070fe00000|100%| O|  |TAMS 0x000000070fe00000, 0x000000070fc00000| Untracked 
| 127|0x000000070fe00000, 0x0000000710000000, 0x0000000710000000|100%| O|  |TAMS 0x0000000710000000, 0x000000070fe00000| Untracked 
| 128|0x0000000710000000, 0x0000000710200000, 0x0000000710200000|100%| O|  |TAMS 0x0000000710200000, 0x0000000710000000| Untracked 
| 129|0x0000000710200000, 0x0000000710400000, 0x0000000710400000|100%| O|  |TAMS 0x0000000710400000, 0x0000000710200000| Untracked 
| 130|0x0000000710400000, 0x0000000710600000, 0x0000000710600000|100%| O|  |TAMS 0x000000071049e800, 0x0000000710400000| Untracked 
| 131|0x0000000710600000, 0x0000000710800000, 0x0000000710800000|100%| O|  |TAMS 0x0000000710600000, 0x0000000710600000| Untracked 
| 132|0x0000000710800000, 0x0000000710a00000, 0x0000000710a00000|100%| O|  |TAMS 0x0000000710800000, 0x0000000710800000| Untracked 
| 133|0x0000000710a00000, 0x0000000710c00000, 0x0000000710c00000|100%| O|  |TAMS 0x0000000710a00000, 0x0000000710a00000| Untracked 
| 134|0x0000000710c00000, 0x0000000710e00000, 0x0000000710e00000|100%| O|  |TAMS 0x0000000710c00000, 0x0000000710c00000| Untracked 
| 135|0x0000000710e00000, 0x0000000711000000, 0x0000000711000000|100%| O|  |TAMS 0x0000000710e00000, 0x0000000710e00000| Untracked 
| 136|0x0000000711000000, 0x0000000711200000, 0x0000000711200000|100%| O|  |TAMS 0x0000000711000000, 0x0000000711000000| Untracked 
| 137|0x0000000711200000, 0x0000000711400000, 0x0000000711400000|100%| O|  |TAMS 0x0000000711200000, 0x0000000711200000| Untracked 
| 138|0x0000000711400000, 0x0000000711600000, 0x0000000711600000|100%| O|  |TAMS 0x0000000711400000, 0x0000000711400000| Untracked 
| 139|0x0000000711600000, 0x0000000711800000, 0x0000000711800000|100%| O|  |TAMS 0x0000000711600000, 0x0000000711600000| Untracked 
| 140|0x0000000711800000, 0x0000000711a00000, 0x0000000711a00000|100%| O|  |TAMS 0x0000000711800000, 0x0000000711800000| Untracked 
| 141|0x0000000711a00000, 0x0000000711c00000, 0x0000000711c00000|100%| O|  |TAMS 0x0000000711a00000, 0x0000000711a00000| Untracked 
| 142|0x0000000711c00000, 0x0000000711e00000, 0x0000000711e00000|100%| O|  |TAMS 0x0000000711c00000, 0x0000000711c00000| Untracked 
| 143|0x0000000711e00000, 0x0000000712000000, 0x0000000712000000|100%| O|  |TAMS 0x0000000711e00000, 0x0000000711e00000| Untracked 
| 144|0x0000000712000000, 0x0000000712200000, 0x0000000712200000|100%| O|  |TAMS 0x0000000712000000, 0x0000000712000000| Untracked 
| 145|0x0000000712200000, 0x0000000712400000, 0x0000000712400000|100%| O|  |TAMS 0x0000000712200000, 0x0000000712200000| Untracked 
| 146|0x0000000712400000, 0x0000000712600000, 0x0000000712600000|100%| O|  |TAMS 0x0000000712400000, 0x0000000712400000| Untracked 
| 147|0x0000000712600000, 0x0000000712600000, 0x0000000712800000|  0%| F|  |TAMS 0x0000000712600000, 0x0000000712600000| Untracked 
| 148|0x0000000712800000, 0x0000000712800000, 0x0000000712a00000|  0%| F|  |TAMS 0x0000000712800000, 0x0000000712800000| Untracked 
| 149|0x0000000712a00000, 0x0000000712a00000, 0x0000000712c00000|  0%| F|  |TAMS 0x0000000712a00000, 0x0000000712a00000| Untracked 
| 150|0x0000000712c00000, 0x0000000712c00000, 0x0000000712e00000|  0%| F|  |TAMS 0x0000000712c00000, 0x0000000712c00000| Untracked 
| 151|0x0000000712e00000, 0x0000000712e00000, 0x0000000713000000|  0%| F|  |TAMS 0x0000000712e00000, 0x0000000712e00000| Untracked 
| 152|0x0000000713000000, 0x0000000713000000, 0x0000000713200000|  0%| F|  |TAMS 0x0000000713000000, 0x0000000713000000| Untracked 
| 153|0x0000000713200000, 0x0000000713200000, 0x0000000713400000|  0%| F|  |TAMS 0x0000000713200000, 0x0000000713200000| Untracked 
| 154|0x0000000713400000, 0x0000000713400000, 0x0000000713600000|  0%| F|  |TAMS 0x0000000713400000, 0x0000000713400000| Untracked 
| 155|0x0000000713600000, 0x0000000713600000, 0x0000000713800000|  0%| F|  |TAMS 0x0000000713600000, 0x0000000713600000| Untracked 
| 156|0x0000000713800000, 0x0000000713800000, 0x0000000713a00000|  0%| F|  |TAMS 0x0000000713800000, 0x0000000713800000| Untracked 
| 157|0x0000000713a00000, 0x0000000713a00000, 0x0000000713c00000|  0%| F|  |TAMS 0x0000000713a00000, 0x0000000713a00000| Untracked 
| 158|0x0000000713c00000, 0x0000000713c00000, 0x0000000713e00000|  0%| F|  |TAMS 0x0000000713c00000, 0x0000000713c00000| Untracked 
| 159|0x0000000713e00000, 0x0000000713e00000, 0x0000000714000000|  0%| F|  |TAMS 0x0000000713e00000, 0x0000000713e00000| Untracked 
| 160|0x0000000714000000, 0x0000000714000000, 0x0000000714200000|  0%| F|  |TAMS 0x0000000714000000, 0x0000000714000000| Untracked 
| 161|0x0000000714200000, 0x0000000714200000, 0x0000000714400000|  0%| F|  |TAMS 0x0000000714200000, 0x0000000714200000| Untracked 
| 162|0x0000000714400000, 0x0000000714400000, 0x0000000714600000|  0%| F|  |TAMS 0x0000000714400000, 0x0000000714400000| Untracked 
| 163|0x0000000714600000, 0x0000000714600000, 0x0000000714800000|  0%| F|  |TAMS 0x0000000714600000, 0x0000000714600000| Untracked 
| 164|0x0000000714800000, 0x0000000714800000, 0x0000000714a00000|  0%| F|  |TAMS 0x0000000714800000, 0x0000000714800000| Untracked 
| 165|0x0000000714a00000, 0x0000000714a00000, 0x0000000714c00000|  0%| F|  |TAMS 0x0000000714a00000, 0x0000000714a00000| Untracked 
| 166|0x0000000714c00000, 0x0000000714c00000, 0x0000000714e00000|  0%| F|  |TAMS 0x0000000714c00000, 0x0000000714c00000| Untracked 
| 167|0x0000000714e00000, 0x0000000714e00000, 0x0000000715000000|  0%| F|  |TAMS 0x0000000714e00000, 0x0000000714e00000| Untracked 
| 168|0x0000000715000000, 0x0000000715000000, 0x0000000715200000|  0%| F|  |TAMS 0x0000000715000000, 0x0000000715000000| Untracked 
| 169|0x0000000715200000, 0x0000000715200000, 0x0000000715400000|  0%| F|  |TAMS 0x0000000715200000, 0x0000000715200000| Untracked 
| 170|0x0000000715400000, 0x0000000715400000, 0x0000000715600000|  0%| F|  |TAMS 0x0000000715400000, 0x0000000715400000| Untracked 
| 171|0x0000000715600000, 0x0000000715600000, 0x0000000715800000|  0%| F|  |TAMS 0x0000000715600000, 0x0000000715600000| Untracked 
| 172|0x0000000715800000, 0x0000000715800000, 0x0000000715a00000|  0%| F|  |TAMS 0x0000000715800000, 0x0000000715800000| Untracked 
| 173|0x0000000715a00000, 0x0000000715a00000, 0x0000000715c00000|  0%| F|  |TAMS 0x0000000715a00000, 0x0000000715a00000| Untracked 
| 174|0x0000000715c00000, 0x0000000715c00000, 0x0000000715e00000|  0%| F|  |TAMS 0x0000000715c00000, 0x0000000715c00000| Untracked 
| 175|0x0000000715e00000, 0x0000000715e00000, 0x0000000716000000|  0%| F|  |TAMS 0x0000000715e00000, 0x0000000715e00000| Untracked 
| 176|0x0000000716000000, 0x0000000716000000, 0x0000000716200000|  0%| F|  |TAMS 0x0000000716000000, 0x0000000716000000| Untracked 
| 177|0x0000000716200000, 0x0000000716200000, 0x0000000716400000|  0%| F|  |TAMS 0x0000000716200000, 0x0000000716200000| Untracked 
| 178|0x0000000716400000, 0x0000000716400000, 0x0000000716600000|  0%| F|  |TAMS 0x0000000716400000, 0x0000000716400000| Untracked 
| 179|0x0000000716600000, 0x0000000716600000, 0x0000000716800000|  0%| F|  |TAMS 0x0000000716600000, 0x0000000716600000| Untracked 
| 180|0x0000000716800000, 0x0000000716800000, 0x0000000716a00000|  0%| F|  |TAMS 0x0000000716800000, 0x0000000716800000| Untracked 
| 181|0x0000000716a00000, 0x0000000716a00000, 0x0000000716c00000|  0%| F|  |TAMS 0x0000000716a00000, 0x0000000716a00000| Untracked 
| 182|0x0000000716c00000, 0x0000000716c00000, 0x0000000716e00000|  0%| F|  |TAMS 0x0000000716c00000, 0x0000000716c00000| Untracked 
| 183|0x0000000716e00000, 0x0000000716e00000, 0x0000000717000000|  0%| F|  |TAMS 0x0000000716e00000, 0x0000000716e00000| Untracked 
| 184|0x0000000717000000, 0x0000000717000000, 0x0000000717200000|  0%| F|  |TAMS 0x0000000717000000, 0x0000000717000000| Untracked 
| 185|0x0000000717200000, 0x0000000717200000, 0x0000000717400000|  0%| F|  |TAMS 0x0000000717200000, 0x0000000717200000| Untracked 
| 186|0x0000000717400000, 0x0000000717400000, 0x0000000717600000|  0%| F|  |TAMS 0x0000000717400000, 0x0000000717400000| Untracked 
| 187|0x0000000717600000, 0x0000000717600000, 0x0000000717800000|  0%| F|  |TAMS 0x0000000717600000, 0x0000000717600000| Untracked 
| 188|0x0000000717800000, 0x0000000717800000, 0x0000000717a00000|  0%| F|  |TAMS 0x0000000717800000, 0x0000000717800000| Untracked 
| 189|0x0000000717a00000, 0x0000000717a00000, 0x0000000717c00000|  0%| F|  |TAMS 0x0000000717a00000, 0x0000000717a00000| Untracked 
| 190|0x0000000717c00000, 0x0000000717c00000, 0x0000000717e00000|  0%| F|  |TAMS 0x0000000717c00000, 0x0000000717c00000| Untracked 
| 191|0x0000000717e00000, 0x0000000717e00000, 0x0000000718000000|  0%| F|  |TAMS 0x0000000717e00000, 0x0000000717e00000| Untracked 
| 192|0x0000000718000000, 0x0000000718000000, 0x0000000718200000|  0%| F|  |TAMS 0x0000000718000000, 0x0000000718000000| Untracked 
| 193|0x0000000718200000, 0x0000000718200000, 0x0000000718400000|  0%| F|  |TAMS 0x0000000718200000, 0x0000000718200000| Untracked 
| 194|0x0000000718400000, 0x0000000718400000, 0x0000000718600000|  0%| F|  |TAMS 0x0000000718400000, 0x0000000718400000| Untracked 
| 195|0x0000000718600000, 0x0000000718600000, 0x0000000718800000|  0%| F|  |TAMS 0x0000000718600000, 0x0000000718600000| Untracked 
| 196|0x0000000718800000, 0x0000000718800000, 0x0000000718a00000|  0%| F|  |TAMS 0x0000000718800000, 0x0000000718800000| Untracked 
| 197|0x0000000718a00000, 0x0000000718a00000, 0x0000000718c00000|  0%| F|  |TAMS 0x0000000718a00000, 0x0000000718a00000| Untracked 
| 198|0x0000000718c00000, 0x0000000718c00000, 0x0000000718e00000|  0%| F|  |TAMS 0x0000000718c00000, 0x0000000718c00000| Untracked 
| 199|0x0000000718e00000, 0x0000000718e00000, 0x0000000719000000|  0%| F|  |TAMS 0x0000000718e00000, 0x0000000718e00000| Untracked 
| 200|0x0000000719000000, 0x0000000719000000, 0x0000000719200000|  0%| F|  |TAMS 0x0000000719000000, 0x0000000719000000| Untracked 
| 201|0x0000000719200000, 0x0000000719200000, 0x0000000719400000|  0%| F|  |TAMS 0x0000000719200000, 0x0000000719200000| Untracked 
| 202|0x0000000719400000, 0x0000000719400000, 0x0000000719600000|  0%| F|  |TAMS 0x0000000719400000, 0x0000000719400000| Untracked 
| 203|0x0000000719600000, 0x0000000719600000, 0x0000000719800000|  0%| F|  |TAMS 0x0000000719600000, 0x0000000719600000| Untracked 
| 204|0x0000000719800000, 0x0000000719800000, 0x0000000719a00000|  0%| F|  |TAMS 0x0000000719800000, 0x0000000719800000| Untracked 
| 205|0x0000000719a00000, 0x0000000719a00000, 0x0000000719c00000|  0%| F|  |TAMS 0x0000000719a00000, 0x0000000719a00000| Untracked 
| 206|0x0000000719c00000, 0x0000000719c00000, 0x0000000719e00000|  0%| F|  |TAMS 0x0000000719c00000, 0x0000000719c00000| Untracked 
| 207|0x0000000719e00000, 0x0000000719e00000, 0x000000071a000000|  0%| F|  |TAMS 0x0000000719e00000, 0x0000000719e00000| Untracked 
| 208|0x000000071a000000, 0x000000071a000000, 0x000000071a200000|  0%| F|  |TAMS 0x000000071a000000, 0x000000071a000000| Untracked 
| 209|0x000000071a200000, 0x000000071a200000, 0x000000071a400000|  0%| F|  |TAMS 0x000000071a200000, 0x000000071a200000| Untracked 
| 210|0x000000071a400000, 0x000000071a400000, 0x000000071a600000|  0%| F|  |TAMS 0x000000071a400000, 0x000000071a400000| Untracked 
| 211|0x000000071a600000, 0x000000071a600000, 0x000000071a800000|  0%| F|  |TAMS 0x000000071a600000, 0x000000071a600000| Untracked 
| 212|0x000000071a800000, 0x000000071a800000, 0x000000071aa00000|  0%| F|  |TAMS 0x000000071a800000, 0x000000071a800000| Untracked 
| 213|0x000000071aa00000, 0x000000071aa00000, 0x000000071ac00000|  0%| F|  |TAMS 0x000000071aa00000, 0x000000071aa00000| Untracked 
| 214|0x000000071ac00000, 0x000000071ac00000, 0x000000071ae00000|  0%| F|  |TAMS 0x000000071ac00000, 0x000000071ac00000| Untracked 
| 215|0x000000071ae00000, 0x000000071ae00000, 0x000000071b000000|  0%| F|  |TAMS 0x000000071ae00000, 0x000000071ae00000| Untracked 
| 216|0x000000071b000000, 0x000000071b000000, 0x000000071b200000|  0%| F|  |TAMS 0x000000071b000000, 0x000000071b000000| Untracked 
| 217|0x000000071b200000, 0x000000071b200000, 0x000000071b400000|  0%| F|  |TAMS 0x000000071b200000, 0x000000071b200000| Untracked 
| 218|0x000000071b400000, 0x000000071b400000, 0x000000071b600000|  0%| F|  |TAMS 0x000000071b400000, 0x000000071b400000| Untracked 
| 219|0x000000071b600000, 0x000000071b600000, 0x000000071b800000|  0%| F|  |TAMS 0x000000071b600000, 0x000000071b600000| Untracked 
| 220|0x000000071b800000, 0x000000071b800000, 0x000000071ba00000|  0%| F|  |TAMS 0x000000071b800000, 0x000000071b800000| Untracked 
| 221|0x000000071ba00000, 0x000000071ba00000, 0x000000071bc00000|  0%| F|  |TAMS 0x000000071ba00000, 0x000000071ba00000| Untracked 
| 222|0x000000071bc00000, 0x000000071bc00000, 0x000000071be00000|  0%| F|  |TAMS 0x000000071bc00000, 0x000000071bc00000| Untracked 
| 223|0x000000071be00000, 0x000000071be00000, 0x000000071c000000|  0%| F|  |TAMS 0x000000071be00000, 0x000000071be00000| Untracked 
| 224|0x000000071c000000, 0x000000071c000000, 0x000000071c200000|  0%| F|  |TAMS 0x000000071c000000, 0x000000071c000000| Untracked 
| 225|0x000000071c200000, 0x000000071c200000, 0x000000071c400000|  0%| F|  |TAMS 0x000000071c200000, 0x000000071c200000| Untracked 
| 226|0x000000071c400000, 0x000000071c400000, 0x000000071c600000|  0%| F|  |TAMS 0x000000071c400000, 0x000000071c400000| Untracked 
| 227|0x000000071c600000, 0x000000071c600000, 0x000000071c800000|  0%| F|  |TAMS 0x000000071c600000, 0x000000071c600000| Untracked 
| 228|0x000000071c800000, 0x000000071c800000, 0x000000071ca00000|  0%| F|  |TAMS 0x000000071c800000, 0x000000071c800000| Untracked 
| 229|0x000000071ca00000, 0x000000071ca00000, 0x000000071cc00000|  0%| F|  |TAMS 0x000000071ca00000, 0x000000071ca00000| Untracked 
| 230|0x000000071cc00000, 0x000000071cc00000, 0x000000071ce00000|  0%| F|  |TAMS 0x000000071cc00000, 0x000000071cc00000| Untracked 
| 231|0x000000071ce00000, 0x000000071ce00000, 0x000000071d000000|  0%| F|  |TAMS 0x000000071ce00000, 0x000000071ce00000| Untracked 
| 232|0x000000071d000000, 0x000000071d000000, 0x000000071d200000|  0%| F|  |TAMS 0x000000071d000000, 0x000000071d000000| Untracked 
| 233|0x000000071d200000, 0x000000071d200000, 0x000000071d400000|  0%| F|  |TAMS 0x000000071d200000, 0x000000071d200000| Untracked 
| 234|0x000000071d400000, 0x000000071d400000, 0x000000071d600000|  0%| F|  |TAMS 0x000000071d400000, 0x000000071d400000| Untracked 
| 235|0x000000071d600000, 0x000000071d600000, 0x000000071d800000|  0%| F|  |TAMS 0x000000071d600000, 0x000000071d600000| Untracked 
| 236|0x000000071d800000, 0x000000071d800000, 0x000000071da00000|  0%| F|  |TAMS 0x000000071d800000, 0x000000071d800000| Untracked 
| 237|0x000000071da00000, 0x000000071da00000, 0x000000071dc00000|  0%| F|  |TAMS 0x000000071da00000, 0x000000071da00000| Untracked 
| 238|0x000000071dc00000, 0x000000071dc00000, 0x000000071de00000|  0%| F|  |TAMS 0x000000071dc00000, 0x000000071dc00000| Untracked 
| 239|0x000000071de00000, 0x000000071de00000, 0x000000071e000000|  0%| F|  |TAMS 0x000000071de00000, 0x000000071de00000| Untracked 
| 240|0x000000071e000000, 0x000000071e000000, 0x000000071e200000|  0%| F|  |TAMS 0x000000071e000000, 0x000000071e000000| Untracked 
| 241|0x000000071e200000, 0x000000071e200000, 0x000000071e400000|  0%| F|  |TAMS 0x000000071e200000, 0x000000071e200000| Untracked 
| 242|0x000000071e400000, 0x000000071e400000, 0x000000071e600000|  0%| F|  |TAMS 0x000000071e400000, 0x000000071e400000| Untracked 
| 243|0x000000071e600000, 0x000000071e600000, 0x000000071e800000|  0%| F|  |TAMS 0x000000071e600000, 0x000000071e600000| Untracked 
| 244|0x000000071e800000, 0x000000071e800000, 0x000000071ea00000|  0%| F|  |TAMS 0x000000071e800000, 0x000000071e800000| Untracked 
| 245|0x000000071ea00000, 0x000000071ea00000, 0x000000071ec00000|  0%| F|  |TAMS 0x000000071ea00000, 0x000000071ea00000| Untracked 
| 246|0x000000071ec00000, 0x000000071ec00000, 0x000000071ee00000|  0%| F|  |TAMS 0x000000071ec00000, 0x000000071ec00000| Untracked 
| 247|0x000000071ee00000, 0x000000071ee00000, 0x000000071f000000|  0%| F|  |TAMS 0x000000071ee00000, 0x000000071ee00000| Untracked 
| 248|0x000000071f000000, 0x000000071f000000, 0x000000071f200000|  0%| F|  |TAMS 0x000000071f000000, 0x000000071f000000| Untracked 
| 249|0x000000071f200000, 0x000000071f200000, 0x000000071f400000|  0%| F|  |TAMS 0x000000071f200000, 0x000000071f200000| Untracked 
| 250|0x000000071f400000, 0x000000071f400000, 0x000000071f600000|  0%| F|  |TAMS 0x000000071f400000, 0x000000071f400000| Untracked 
| 251|0x000000071f600000, 0x000000071f600000, 0x000000071f800000|  0%| F|  |TAMS 0x000000071f600000, 0x000000071f600000| Untracked 
| 252|0x000000071f800000, 0x000000071f800000, 0x000000071fa00000|  0%| F|  |TAMS 0x000000071f800000, 0x000000071f800000| Untracked 
| 253|0x000000071fa00000, 0x000000071fa00000, 0x000000071fc00000|  0%| F|  |TAMS 0x000000071fa00000, 0x000000071fa00000| Untracked 
| 254|0x000000071fc00000, 0x000000071fc00000, 0x000000071fe00000|  0%| F|  |TAMS 0x000000071fc00000, 0x000000071fc00000| Untracked 
| 255|0x000000071fe00000, 0x000000071fe00000, 0x0000000720000000|  0%| F|  |TAMS 0x000000071fe00000, 0x000000071fe00000| Untracked 
| 256|0x0000000720000000, 0x0000000720000000, 0x0000000720200000|  0%| F|  |TAMS 0x0000000720000000, 0x0000000720000000| Untracked 
| 257|0x0000000720200000, 0x0000000720200000, 0x0000000720400000|  0%| F|  |TAMS 0x0000000720200000, 0x0000000720200000| Untracked 
| 258|0x0000000720400000, 0x0000000720400000, 0x0000000720600000|  0%| F|  |TAMS 0x0000000720400000, 0x0000000720400000| Untracked 
| 259|0x0000000720600000, 0x0000000720600000, 0x0000000720800000|  0%| F|  |TAMS 0x0000000720600000, 0x0000000720600000| Untracked 
| 260|0x0000000720800000, 0x0000000720800000, 0x0000000720a00000|  0%| F|  |TAMS 0x0000000720800000, 0x0000000720800000| Untracked 
| 261|0x0000000720a00000, 0x0000000720a00000, 0x0000000720c00000|  0%| F|  |TAMS 0x0000000720a00000, 0x0000000720a00000| Untracked 
| 262|0x0000000720c00000, 0x0000000720c00000, 0x0000000720e00000|  0%| F|  |TAMS 0x0000000720c00000, 0x0000000720c00000| Untracked 
| 263|0x0000000720e00000, 0x0000000720e00000, 0x0000000721000000|  0%| F|  |TAMS 0x0000000720e00000, 0x0000000720e00000| Untracked 
| 264|0x0000000721000000, 0x0000000721000000, 0x0000000721200000|  0%| F|  |TAMS 0x0000000721000000, 0x0000000721000000| Untracked 
| 265|0x0000000721200000, 0x0000000721200000, 0x0000000721400000|  0%| F|  |TAMS 0x0000000721200000, 0x0000000721200000| Untracked 
| 266|0x0000000721400000, 0x0000000721400000, 0x0000000721600000|  0%| F|  |TAMS 0x0000000721400000, 0x0000000721400000| Untracked 
| 267|0x0000000721600000, 0x0000000721600000, 0x0000000721800000|  0%| F|  |TAMS 0x0000000721600000, 0x0000000721600000| Untracked 
| 268|0x0000000721800000, 0x0000000721800000, 0x0000000721a00000|  0%| F|  |TAMS 0x0000000721800000, 0x0000000721800000| Untracked 
| 269|0x0000000721a00000, 0x0000000721a00000, 0x0000000721c00000|  0%| F|  |TAMS 0x0000000721a00000, 0x0000000721a00000| Untracked 
| 270|0x0000000721c00000, 0x0000000721ccfc70, 0x0000000721e00000| 40%| S|CS|TAMS 0x0000000721c00000, 0x0000000721c00000| Complete 
| 271|0x0000000721e00000, 0x0000000722000000, 0x0000000722000000|100%| S|CS|TAMS 0x0000000721e00000, 0x0000000721e00000| Complete 
| 272|0x0000000722000000, 0x0000000722000000, 0x0000000722200000|  0%| F|  |TAMS 0x0000000722000000, 0x0000000722000000| Untracked 
| 273|0x0000000722200000, 0x0000000722200000, 0x0000000722400000|  0%| F|  |TAMS 0x0000000722200000, 0x0000000722200000| Untracked 
| 274|0x0000000722400000, 0x0000000722400000, 0x0000000722600000|  0%| F|  |TAMS 0x0000000722400000, 0x0000000722400000| Untracked 
| 275|0x0000000722600000, 0x0000000722600000, 0x0000000722800000|  0%| F|  |TAMS 0x0000000722600000, 0x0000000722600000| Untracked 
| 276|0x0000000722800000, 0x0000000722800000, 0x0000000722a00000|  0%| F|  |TAMS 0x0000000722800000, 0x0000000722800000| Untracked 

Card table byte_map: [0x000001f0f64c0000,0x000001f0f6cc0000] _byte_map_base: 0x000001f0f2cc0000

Marking Bits (Prev, Next): (CMBitMap*) 0x000001f0dd2b22a0, (CMBitMap*) 0x000001f0dd2b22e0
 Prev Bits: [0x000001f0f74c0000, 0x000001f0fb4c0000)
 Next Bits: [0x000001f0fb4c0000, 0x000001f0ff4c0000)

Polling page: 0x000001f0dd300000

Metaspace:

Usage:
  Non-class:     19.67 MB used.
      Class:      2.23 MB used.
       Both:     21.90 MB used.

Virtual space:
  Non-class space:       24.00 MB reserved,      19.88 MB ( 83%) committed,  3 nodes.
      Class space:        1.00 GB reserved,       2.38 MB ( <1%) committed,  1 nodes.
             Both:        1.02 GB reserved,      22.25 MB (  2%) committed. 

Chunk freelists:
   Non-Class:  3.97 MB
       Class:  1.58 MB
        Both:  5.55 MB

MaxMetaspaceSize: unlimited
CompressedClassSpaceSize: 1.00 GB
Initial GC threshold: 21.00 MB
Current GC threshold: 35.94 MB
CDS: on
MetaspaceReclaimPolicy: balanced
 - commit_granule_bytes: 65536.
 - commit_granule_words: 8192.
 - virtual_space_node_default_size: 1048576.
 - enlarge_chunks_in_place: 1.
 - new_chunks_are_fully_committed: 0.
 - uncommit_free_chunks: 1.
 - use_allocation_guard: 0.
 - handle_deallocations: 1.


Internal statistics:

num_allocs_failed_limit: 0.
num_arena_births: 152.
num_arena_deaths: 18.
num_vsnodes_births: 4.
num_vsnodes_deaths: 0.
num_space_committed: 429.
num_space_uncommitted: 73.
num_chunks_returned_to_freelist: 198.
num_chunks_taken_from_freelist: 1050.
num_chunk_merges: 78.
num_chunk_splits: 861.
num_chunks_enlarged: 768.
num_purges: 4.
num_inconsistent_stats: 0.

CodeHeap 'non-profiled nmethods': size=120000Kb used=2837Kb max_used=3109Kb free=117162Kb
 bounds [0x000001f0edd10000, 0x000001f0ee020000, 0x000001f0f5240000]
CodeHeap 'profiled nmethods': size=120000Kb used=5607Kb max_used=7378Kb free=114392Kb
 bounds [0x000001f0e67e0000, 0x000001f0e6f30000, 0x000001f0edd10000]
CodeHeap 'non-nmethods': size=5760Kb used=1225Kb max_used=1311Kb free=4534Kb
 bounds [0x000001f0e6240000, 0x000001f0e64b0000, 0x000001f0e67e0000]
 total_blobs=3445 nmethods=2913 adapters=444
 compilation: enabled
              stopped_count=0, restarted_count=0
 full_count=0

Compilation events (20 events):
Event: 10.350 Thread 0x000001f0fff864a0 3650       3       org.jetbrains.kotlinx.lincheck.tran$f*rmed.java.util.PriorityQueue::siftUpComparable (232 bytes)
Event: 10.350 Thread 0x000001f0fff864a0 nmethod 3650 0x000001f0e683c590 code [0x000001f0e683c8c0, 0x000001f0e683dfe8]
Event: 10.350 Thread 0x000001f0fff864a0 3659       3       java.util.concurrent.atomic.AtomicIntegerFieldUpdater$AtomicIntegerFieldUpdaterImpl::compareAndSet (19 bytes)
Event: 10.351 Thread 0x000001f0fff864a0 nmethod 3659 0x000001f0e695c690 code [0x000001f0e695c840, 0x000001f0e695caa8]
Event: 10.351 Thread 0x000001f0fff864a0 3657       3       org.jetbrains.kotlinx.lincheck.tran$f*rmed.java.util.concurrent.ConcurrentLinkedQueue$Itr::<init> (337 bytes)
Event: 10.352 Thread 0x000001f0fff864a0 nmethod 3657 0x000001f0e6ddbc90 code [0x000001f0e6ddc080, 0x000001f0e6dddf88]
Event: 10.352 Thread 0x000001f0fff864a0 3653   !   3       FCPriorityQueue$FcLock::tryLock (65 bytes)
Event: 10.353 Thread 0x000001f0fff864a0 nmethod 3653 0x000001f0e6bd5210 code [0x000001f0e6bd5480, 0x000001f0e6bd6328]
Event: 10.353 Thread 0x000001f0fff864a0 3655   !   3       org.jetbrains.kotlinx.lincheck.tran$f*rmed.java.util.concurrent.ConcurrentLinkedQueue::updateHead (189 bytes)
Event: 10.355 Thread 0x000001f0fff864a0 nmethod 3655 0x000001f0e6c01290 code [0x000001f0e6c01860, 0x000001f0e6c04e58]
Event: 10.355 Thread 0x000001f0fff864a0 3654   !   3       kotlinx.atomicfu.AtomicBoolean::compareAndSet (161 bytes)
Event: 10.356 Thread 0x000001f0fff864a0 nmethod 3654 0x000001f0e67fe390 code [0x000001f0e67fe700, 0x000001f0e67ffe18]
Event: 10.356 Thread 0x000001f0fff864a0 3656       3       kotlinx.atomicfu.AtomicBoolean::setValue (105 bytes)
Event: 10.357 Thread 0x000001f0fff864a0 nmethod 3656 0x000001f0e6ccd310 code [0x000001f0e6ccd5e0, 0x000001f0e6cce368]
Event: 10.357 Thread 0x000001f0fff864a0 3658   !   3       FCPriorityQueue$FcLock::unlock (64 bytes)
Event: 10.358 Thread 0x000001f0fff864a0 nmethod 3658 0x000001f0e6d1a790 code [0x000001f0e6d1aa00, 0x000001f0e6d1b888]
Event: 10.372 Thread 0x000001f0fff864a0 3668 %     3       FCPriorityQueue::doOperation @ 11 (46 bytes)
Event: 10.372 Thread 0x000001f0fff864a0 nmethod 3668% 0x000001f0e6958f90 code [0x000001f0e6959180, 0x000001f0e69596d8]
Event: 10.372 Thread 0x000001f0fff864a0 3669       3       FCPriorityQueue::doOperation (46 bytes)
Event: 10.373 Thread 0x000001f0fff864a0 nmethod 3669 0x000001f0e6b95090 code [0x000001f0e6b95280, 0x000001f0e6b95738]

GC Heap History (20 events):
Event: 5.467 GC heap after
{Heap after GC invocations=16 (full 0):
 garbage-first heap   total 364544K, used 147921K [0x0000000700000000, 0x0000000800000000)
  region size 2048K, 8 young (16384K), 8 survivors (16384K)
 Metaspace       used 20445K, committed 20736K, reserved 1073152K
  class space    used 2177K, committed 2304K, reserved 1048576K
}
Event: 6.973 GC heap before
{Heap before GC invocations=16 (full 0):
 garbage-first heap   total 364544K, used 233937K [0x0000000700000000, 0x0000000800000000)
  region size 2048K, 50 young (102400K), 8 survivors (16384K)
 Metaspace       used 20911K, committed 21184K, reserved 1073152K
  class space    used 2213K, committed 2368K, reserved 1048576K
}
Event: 7.007 GC heap after
{Heap after GC invocations=17 (full 0):
 garbage-first heap   total 364544K, used 175264K [0x0000000700000000, 0x0000000800000000)
  region size 2048K, 7 young (14336K), 7 survivors (14336K)
 Metaspace       used 20911K, committed 21184K, reserved 1073152K
  class space    used 2213K, committed 2368K, reserved 1048576K
}
Event: 7.259 GC heap before
{Heap before GC invocations=17 (full 0):
 garbage-first heap   total 364544K, used 253088K [0x0000000700000000, 0x0000000800000000)
  region size 2048K, 45 young (92160K), 7 survivors (14336K)
 Metaspace       used 21725K, committed 22016K, reserved 1073152K
  class space    used 2239K, committed 2368K, reserved 1048576K
}
Event: 7.286 GC heap after
{Heap after GC invocations=18 (full 0):
 garbage-first heap   total 364544K, used 203978K [0x0000000700000000, 0x0000000800000000)
  region size 2048K, 6 young (12288K), 6 survivors (12288K)
 Metaspace       used 21725K, committed 22016K, reserved 1073152K
  class space    used 2239K, committed 2368K, reserved 1048576K
}
Event: 7.634 GC heap before
{Heap before GC invocations=18 (full 0):
 garbage-first heap   total 364544K, used 267466K [0x0000000700000000, 0x0000000800000000)
  region size 2048K, 37 young (75776K), 6 survivors (12288K)
 Metaspace       used 22341K, committed 22656K, reserved 1073152K
  class space    used 2286K, committed 2432K, reserved 1048576K
}
Event: 7.649 GC heap after
{Heap after GC invocations=19 (full 0):
 garbage-first heap   total 364544K, used 214690K [0x0000000700000000, 0x0000000800000000)
  region size 2048K, 5 young (10240K), 5 survivors (10240K)
 Metaspace       used 22341K, committed 22656K, reserved 1073152K
  class space    used 2286K, committed 2432K, reserved 1048576K
}
Event: 7.830 GC heap before
{Heap before GC invocations=19 (full 0):
 garbage-first heap   total 372736K, used 235170K [0x0000000700000000, 0x0000000800000000)
  region size 2048K, 35 young (71680K), 5 survivors (10240K)
 Metaspace       used 20926K, committed 21312K, reserved 1073152K
  class space    used 2211K, committed 2368K, reserved 1048576K
}
Event: 7.847 GC heap after
{Heap after GC invocations=20 (full 0):
 garbage-first heap   total 567296K, used 194525K [0x0000000700000000, 0x0000000800000000)
  region size 2048K, 5 young (10240K), 5 survivors (10240K)
 Metaspace       used 20926K, committed 21312K, reserved 1073152K
  class space    used 2211K, committed 2368K, reserved 1048576K
}
Event: 8.605 GC heap before
{Heap before GC invocations=21 (full 0):
 garbage-first heap   total 567296K, used 368605K [0x0000000700000000, 0x0000000800000000)
  region size 2048K, 90 young (184320K), 5 survivors (10240K)
 Metaspace       used 22599K, committed 22912K, reserved 1073152K
  class space    used 2295K, committed 2432K, reserved 1048576K
}
Event: 8.669 GC heap after
{Heap after GC invocations=22 (full 0):
 garbage-first heap   total 567296K, used 242104K [0x0000000700000000, 0x0000000800000000)
  region size 2048K, 12 young (24576K), 12 survivors (24576K)
 Metaspace       used 22599K, committed 22912K, reserved 1073152K
  class space    used 2295K, committed 2432K, reserved 1048576K
}
Event: 8.678 GC heap before
{Heap before GC invocations=22 (full 0):
 garbage-first heap   total 567296K, used 244152K [0x0000000700000000, 0x0000000800000000)
  region size 2048K, 13 young (26624K), 12 survivors (24576K)
 Metaspace       used 22599K, committed 22912K, reserved 1073152K
  class space    used 2295K, committed 2432K, reserved 1048576K
}
Event: 8.768 GC heap after
{Heap after GC invocations=23 (full 0):
 garbage-first heap   total 567296K, used 243591K [0x0000000700000000, 0x0000000800000000)
  region size 2048K, 2 young (4096K), 2 survivors (4096K)
 Metaspace       used 22599K, committed 22912K, reserved 1073152K
  class space    used 2295K, committed 2432K, reserved 1048576K
}
Event: 9.210 GC heap before
{Heap before GC invocations=23 (full 0):
 garbage-first heap   total 567296K, used 380807K [0x0000000700000000, 0x0000000800000000)
  region size 2048K, 69 young (141312K), 2 survivors (4096K)
 Metaspace       used 23668K, committed 24000K, reserved 1073152K
  class space    used 2336K, committed 2496K, reserved 1048576K
}
Event: 9.238 GC heap after
{Heap after GC invocations=24 (full 0):
 garbage-first heap   total 567296K, used 285306K [0x0000000700000000, 0x0000000800000000)
  region size 2048K, 9 young (18432K), 9 survivors (18432K)
 Metaspace       used 23668K, committed 24000K, reserved 1073152K
  class space    used 2336K, committed 2496K, reserved 1048576K
}
Event: 9.671 GC heap before
{Heap before GC invocations=24 (full 0):
 garbage-first heap   total 567296K, used 406138K [0x0000000700000000, 0x0000000800000000)
  region size 2048K, 68 young (139264K), 9 survivors (18432K)
 Metaspace       used 24291K, committed 24704K, reserved 1073152K
  class space    used 2378K, committed 2560K, reserved 1048576K
}
Event: 9.698 GC heap after
{Heap after GC invocations=25 (full 0):
 garbage-first heap   total 567296K, used 319488K [0x0000000700000000, 0x0000000800000000)
  region size 2048K, 9 young (18432K), 9 survivors (18432K)
 Metaspace       used 24291K, committed 24704K, reserved 1073152K
  class space    used 2378K, committed 2560K, reserved 1048576K
}
Event: 10.275 GC heap before
{Heap before GC invocations=26 (full 0):
 garbage-first heap   total 567296K, used 344064K [0x0000000700000000, 0x0000000800000000)
  region size 2048K, 61 young (124928K), 9 survivors (18432K)
 Metaspace       used 22238K, committed 22592K, reserved 1073152K
  class space    used 2261K, committed 2432K, reserved 1048576K
}
Event: 10.299 GC heap after
{Heap after GC invocations=27 (full 0):
 garbage-first heap   total 567296K, used 265702K [0x0000000700000000, 0x0000000800000000)
  region size 2048K, 8 young (16384K), 8 survivors (16384K)
 Metaspace       used 22238K, committed 22592K, reserved 1073152K
  class space    used 2261K, committed 2432K, reserved 1048576K
}
Event: 10.378 GC heap before
{Heap before GC invocations=27 (full 0):
 garbage-first heap   total 567296K, used 275942K [0x0000000700000000, 0x0000000800000000)
  region size 2048K, 13 young (26624K), 8 survivors (16384K)
 Metaspace       used 22429K, committed 22784K, reserved 1073152K
  class space    used 2282K, committed 2432K, reserved 1048576K
}

Deoptimization events (20 events):
Event: 10.158 Thread 0x000001f0dd259350 Uncommon trap: trap_request=0xffffffde fr.pc=0x000001f0edd22374 relative=0x0000000000000074
Event: 10.158 Thread 0x000001f0dd259350 Uncommon trap: reason=class_check action=maybe_recompile pc=0x000001f0edd22374 method=org.jetbrains.kotlinx.lincheck.strategy.managed.ManagedStrategy.currentThreadNumber()I @ 5 c2
Event: 10.158 Thread 0x000001f0dd259350 DEOPT PACKING pc=0x000001f0edd22374 sp=0x00000037342fb550
Event: 10.158 Thread 0x000001f0dd259350 DEOPT UNPACKING pc=0x000001f0e62923a3 sp=0x00000037342fb4e8 mode 2
Event: 10.159 Thread 0x000001f0dd259350 Uncommon trap: trap_request=0xffffffde fr.pc=0x000001f0edd22374 relative=0x0000000000000074
Event: 10.159 Thread 0x000001f0dd259350 Uncommon trap: reason=class_check action=maybe_recompile pc=0x000001f0edd22374 method=org.jetbrains.kotlinx.lincheck.strategy.managed.ManagedStrategy.currentThreadNumber()I @ 5 c2
Event: 10.159 Thread 0x000001f0dd259350 DEOPT PACKING pc=0x000001f0edd22374 sp=0x00000037342fb550
Event: 10.159 Thread 0x000001f0dd259350 DEOPT UNPACKING pc=0x000001f0e62923a3 sp=0x00000037342fb4e8 mode 2
Event: 10.174 Thread 0x000001f0dd259350 Uncommon trap: trap_request=0xffffffde fr.pc=0x000001f0edd22374 relative=0x0000000000000074
Event: 10.174 Thread 0x000001f0dd259350 Uncommon trap: reason=class_check action=maybe_recompile pc=0x000001f0edd22374 method=org.jetbrains.kotlinx.lincheck.strategy.managed.ManagedStrategy.currentThreadNumber()I @ 5 c2
Event: 10.174 Thread 0x000001f0dd259350 DEOPT PACKING pc=0x000001f0edd22374 sp=0x00000037342fbb50
Event: 10.174 Thread 0x000001f0dd259350 DEOPT UNPACKING pc=0x000001f0e62923a3 sp=0x00000037342fbae8 mode 2
Event: 10.174 Thread 0x000001f0dd259350 Uncommon trap: trap_request=0xffffffde fr.pc=0x000001f0edd22374 relative=0x0000000000000074
Event: 10.174 Thread 0x000001f0dd259350 Uncommon trap: reason=class_check action=maybe_recompile pc=0x000001f0edd22374 method=org.jetbrains.kotlinx.lincheck.strategy.managed.ManagedStrategy.currentThreadNumber()I @ 5 c2
Event: 10.174 Thread 0x000001f0dd259350 DEOPT PACKING pc=0x000001f0edd22374 sp=0x00000037342fbb50
Event: 10.174 Thread 0x000001f0dd259350 DEOPT UNPACKING pc=0x000001f0e62923a3 sp=0x00000037342fbae8 mode 2
Event: 10.322 Thread 0x000001f0dd259350 Uncommon trap: trap_request=0xffffff45 fr.pc=0x000001f0eddb6c8c relative=0x0000000000001d8c
Event: 10.322 Thread 0x000001f0dd259350 Uncommon trap: reason=unstable_if action=reinterpret pc=0x000001f0eddb6c8c method=org.jetbrains.kotlinx.lincheck.strategy.managed.ManagedStrategy.newSwitchPoint(IILorg/jetbrains/kotlinx/lincheck/strategy/managed/TracePoint;)V @ 5 c2
Event: 10.322 Thread 0x000001f0dd259350 DEOPT PACKING pc=0x000001f0eddb6c8c sp=0x00000037342fba80
Event: 10.322 Thread 0x000001f0dd259350 DEOPT UNPACKING pc=0x000001f0e62923a3 sp=0x00000037342fba58 mode 2

Classes unloaded (20 events):
Event: 9.849 Thread 0x000001f0fff542b0 Unloading class 0x0000000800e4b730 'FCPriorityQueue$Operation'
Event: 9.849 Thread 0x000001f0fff542b0 Unloading class 0x0000000800e4b528 'org/jetbrains/kotlinx/lincheck/tran$f*rmed/java/util/concurrent/ConcurrentLinkedQueue$Node'
Event: 9.849 Thread 0x000001f0fff542b0 Unloading class 0x0000000800e4b0d8 'org/jetbrains/kotlinx/lincheck/tran$f*rmed/java/util/concurrent/ConcurrentLinkedQueue'
Event: 9.849 Thread 0x000001f0fff542b0 Unloading class 0x0000000800e4aed8 'kotlinx/atomicfu/AtomicBoolean$Companion'
Event: 9.849 Thread 0x000001f0fff542b0 Unloading class 0x0000000800e4acd0 'kotlinx/atomicfu/AtomicBoolean'
Event: 9.849 Thread 0x000001f0fff542b0 Unloading class 0x0000000800e4aab0 'kotlinx/atomicfu/TraceBase$None'
Event: 9.849 Thread 0x000001f0fff542b0 Unloading class 0x0000000800e4a890 'kotlinx/atomicfu/TraceBase'
Event: 9.849 Thread 0x000001f0fff542b0 Unloading class 0x0000000800e49df0 'kotlinx/atomicfu/AtomicFU'
Event: 9.849 Thread 0x000001f0fff542b0 Unloading class 0x0000000800e49be8 'FCPriorityQueue$FcLock'
Event: 9.849 Thread 0x000001f0fff542b0 Unloading class 0x0000000800e4a438 'org/jetbrains/kotlinx/lincheck/tran$f*rmed/java/util/PriorityQueue'
Event: 9.849 Thread 0x000001f0fff542b0 Unloading class 0x0000000800e4a000 'org/jetbrains/kotlinx/lincheck/tran$f*rmed/java/util/AbstractQueue'
Event: 9.849 Thread 0x000001f0fff542b0 Unloading class 0x0000000800e49878 'org/jetbrains/kotlinx/lincheck/tran$f*rmed/java/util/AbstractCollection'
Event: 9.849 Thread 0x000001f0fff542b0 Unloading class 0x0000000800e49678 'FCPriorityQueue$Companion'
Event: 9.849 Thread 0x000001f0fff542b0 Unloading class 0x0000000800e49470 'FCPriorityQueue'
Event: 9.849 Thread 0x000001f0fff542b0 Unloading class 0x0000000800e49238 'org/jetbrains/kotlinx/lincheck/runner/TestThreadExecution14'
Event: 9.849 Thread 0x000001f0fff542b0 Unloading class 0x0000000800e49000 'org/jetbrains/kotlinx/lincheck/runner/TestThreadExecution13'
Event: 9.849 Thread 0x000001f0fff542b0 Unloading class 0x0000000800e48c08 'org/jetbrains/kotlinx/lincheck/runner/TestThreadExecution12'
Event: 9.849 Thread 0x000001f0fff542b0 Unloading class 0x0000000800e48a00 'FCPriorityQueueTest'
Event: 9.849 Thread 0x000001f0fff542b0 Unloading class 0x0000000800e48800 'org/jetbrains/kotlinx/lincheck/strategy/managed/ManagedStrategyStateHolder'
Event: 9.849 Thread 0x000001f0fff542b0 Unloading class 0x0000000800e48000 'PriorityQueueSequential'

Classes redefined (0 events):
No events

Internal exceptions (20 events):
Event: 0.813 Thread 0x000001f0dd259350 Exception <a 'java/lang/NoSuchMethodError'{0x00000007069a2a98}: 'java.lang.Object java.lang.invoke.DirectMethodHandle$Holder.invokeVirtual(java.lang.Object, java.lang.Object, java.lang.Object, java.lang.Object, java.lang.Object, java.lang.Object, java.lang.Object)'> (0x00000007069a2a98) 
thrown [t:\workspace\open\src\hotspot\share\interpreter\linkResolver.cpp, line 766]
Event: 0.817 Thread 0x000001f0dd259350 Exception <a 'java/lang/NoSuchMethodError'{0x00000007069b38b8}: 'java.lang.Object java.lang.invoke.Invokers$Holder.invoker(java.lang.Object, java.lang.Object, java.lang.Object)'> (0x00000007069b38b8) 
thrown [t:\workspace\open\src\hotspot\share\interpreter\linkResolver.cpp, line 766]
Event: 0.819 Thread 0x000001f0dd259350 Exception <a 'java/lang/NoSuchMethodError'{0x00000007069bc9e0}: 'java.lang.Object java.lang.invoke.DirectMethodHandle$Holder.invokeStatic(java.lang.Object, java.lang.Object, int)'> (0x00000007069bc9e0) 
thrown [t:\workspace\open\src\hotspot\share\interpreter\linkResolver.cpp, line 766]
Event: 0.822 Thread 0x000001f0dd259350 Exception <a 'java/lang/NoSuchMethodError'{0x00000007069c8b10}: 'void java.lang.invoke.DelegatingMethodHandle$Holder.delegate(java.lang.Object, java.lang.Object, int, java.lang.Object)'> (0x00000007069c8b10) 
thrown [t:\workspace\open\src\hotspot\share\interpreter\linkResolver.cpp, line 766]
Event: 0.822 Thread 0x000001f0dd259350 Exception <a 'java/lang/NoSuchMethodError'{0x00000007069ccd48}: 'int java.lang.invoke.DirectMethodHandle$Holder.invokeSpecial(java.lang.Object, java.lang.Object, java.lang.Object)'> (0x00000007069ccd48) 
thrown [t:\workspace\open\src\hotspot\share\interpreter\linkResolver.cpp, line 766]
Event: 0.826 Thread 0x000001f0dd259350 Exception <a 'java/lang/NoSuchMethodError'{0x00000007069dfe90}: 'java.lang.Object java.lang.invoke.Invokers$Holder.invokeExact_MT(java.lang.Object, java.lang.Object, java.lang.Object, java.lang.Object)'> (0x00000007069dfe90) 
thrown [t:\workspace\open\src\hotspot\share\interpreter\linkResolver.cpp, line 766]
Event: 0.909 Thread 0x000001f0dd259350 Exception <a 'java/lang/NoSuchMethodError'{0x00000007067b82a0}: 'java.lang.Object java.lang.invoke.DirectMethodHandle$Holder.invokeStaticInit(java.lang.Object)'> (0x00000007067b82a0) 
thrown [t:\workspace\open\src\hotspot\share\interpreter\linkResolver.cpp, line 766]
Event: 0.930 Thread 0x000001f0dd259350 Exception <a 'java/lang/NoSuchMethodError'{0x00000007067f4310}: static Ljava/lang/Object;.<clinit>()V> (0x00000007067f4310) 
thrown [t:\workspace\open\src\hotspot\share\prims\jni.cpp, line 1107]
Event: 0.954 Thread 0x000001f0dd259350 Exception <a 'java/lang/NoSuchMethodError'{0x0000000706452ae8}: static Lorg/gradle/api/internal/tasks/testing/junit/JUnitTestFramework$TestClassProcessorFactoryImpl;.<clinit>()V> (0x0000000706452ae8) 
thrown [t:\workspace\open\src\hotspot\share\prims\jni.cpp, line 1107]
Event: 0.956 Thread 0x000001f0dd259350 Exception <a 'java/lang/NoSuchMethodError'{0x000000070645b058}: static Lorg/gradle/api/internal/tasks/testing/junit/AbstractJUnitSpec;.<clinit>()V> (0x000000070645b058) 
thrown [t:\workspace\open\src\hotspot\share\prims\jni.cpp, line 1107]
Event: 0.957 Thread 0x000001f0dd259350 Exception <a 'java/lang/NoSuchMethodError'{0x0000000706462d70}: static Lorg/gradle/api/internal/tasks/testing/junit/JUnitSpec;.<clinit>()V> (0x0000000706462d70) 
thrown [t:\workspace\open\src\hotspot\share\prims\jni.cpp, line 1107]
Event: 1.066 Thread 0x000001f0dd259350 Exception <a 'java/lang/NoSuchMethodError'{0x0000000706ef8958}: 'java.lang.Object java.lang.invoke.DirectMethodHandle$Holder.invokeStaticInit(java.lang.Object, int, int, int, int)'> (0x0000000706ef8958) 
thrown [t:\workspace\open\src\hotspot\share\interpreter\linkResolver.cpp, line 766]
Event: 1.174 Thread 0x000001f0dd259350 Exception <a 'java/lang/NoSuchMethodError'{0x0000000706c73b08}: 'java.lang.Object java.lang.invoke.DirectMethodHandle$Holder.invokeStaticInit(java.lang.Object, java.lang.Object, int, int, int, int)'> (0x0000000706c73b08) 
thrown [t:\workspace\open\src\hotspot\share\interpreter\linkResolver.cpp, line 766]
Event: 1.298 Thread 0x000001f0dd259350 Exception <a 'java/lang/NoSuchMethodError'{0x0000000706b364c0}: 'java.lang.Object java.lang.invoke.DirectMethodHandle$Holder.invokeInterface(java.lang.Object, java.lang.Object)'> (0x0000000706b364c0) 
thrown [t:\workspace\open\src\hotspot\share\interpreter\linkResolver.cpp, line 766]
Event: 1.298 Thread 0x000001f0dd259350 Exception <a 'java/lang/IncompatibleClassChangeError'{0x0000000706b39cb8}: Found class java.lang.Object, but interface was expected> (0x0000000706b39cb8) 
thrown [t:\workspace\open\src\hotspot\share\interpreter\linkResolver.cpp, line 833]
Event: 1.316 Thread 0x000001f0dd259350 Exception <a 'java/lang/NoSuchMethodError'{0x0000000706bb3518}: 'java.lang.Object java.lang.invoke.DirectMethodHandle$Holder.newInvokeSpecial(java.lang.Object, java.lang.Object, java.lang.Object, java.lang.Object, java.lang.Object)'> (0x0000000706bb3518) 
thrown [t:\workspace\open\src\hotspot\share\interpreter\linkResolver.cpp, line 766]
Event: 1.434 Thread 0x000001f0dd259350 Exception <a 'java/lang/NoSuchMethodError'{0x000000070650d6c0}: 'java.lang.Object java.lang.invoke.Invokers$Holder.invokeExact_MT(java.lang.Object, java.lang.Object, java.lang.Object, java.lang.Object, java.lang.Object, java.lang.Object)'> (0x000000070650d6c0) 
thrown [t:\workspace\open\src\hotspot\share\interpreter\linkResolver.cpp, line 766]
Event: 2.598 Thread 0x000001f0dd259350 Exception <a 'java/lang/NoSuchMethodError'{0x00000007057ab348}: 'void java.lang.invoke.DirectMethodHandle$Holder.invokeStatic(java.lang.Object, java.lang.Object, java.lang.Object)'> (0x00000007057ab348) 
thrown [t:\workspace\open\src\hotspot\share\interpreter\linkResolver.cpp, line 766]
Event: 2.603 Thread 0x000001f0dd259350 Exception <a 'java/lang/IncompatibleClassChangeError'{0x00000007057c5440}: Found class java.lang.Object, but interface was expected> (0x00000007057c5440) 
thrown [t:\workspace\open\src\hotspot\share\interpreter\linkResolver.cpp, line 833]
Event: 2.607 Thread 0x000001f0dd259350 Exception <a 'java/lang/NoSuchMethodError'{0x00000007057fa370}: 'java.lang.Object java.lang.invoke.DirectMethodHandle$Holder.invokeVirtual(java.lang.Object, java.lang.Object, java.lang.Object)'> (0x00000007057fa370) 
thrown [t:\workspace\open\src\hotspot\share\interpreter\linkResolver.cpp, line 766]

VM Operations (20 events):
Event: 9.238 Executing VM operation: G1CollectForAllocation done
Event: 9.363 Executing VM operation: ThreadDump
Event: 9.363 Executing VM operation: ThreadDump done
Event: 9.671 Executing VM operation: G1CollectForAllocation
Event: 9.698 Executing VM operation: G1CollectForAllocation done
Event: 9.845 Executing VM operation: G1Concurrent
Event: 9.871 Executing VM operation: G1Concurrent done
Event: 9.871 Executing VM operation: HandshakeAllThreads
Event: 9.871 Executing VM operation: HandshakeAllThreads done
Event: 9.888 Executing VM operation: HandshakeAllThreads
Event: 9.888 Executing VM operation: HandshakeAllThreads done
Event: 9.950 Executing VM operation: G1Concurrent
Event: 9.950 Executing VM operation: G1Concurrent done
Event: 10.148 Executing VM operation: ThreadDump
Event: 10.149 Executing VM operation: ThreadDump done
Event: 10.184 Executing VM operation: HandshakeAllThreads
Event: 10.184 Executing VM operation: HandshakeAllThreads done
Event: 10.275 Executing VM operation: G1CollectForAllocation
Event: 10.299 Executing VM operation: G1CollectForAllocation done
Event: 10.378 Executing VM operation: G1CollectForAllocation

Events (20 events):
Event: 10.189 Thread 0x000001f0fff87d20 flushing nmethod 0x000001f0e6d81610
Event: 10.189 Thread 0x000001f0fff87d20 flushing nmethod 0x000001f0e6d81f10
Event: 10.189 Thread 0x000001f0fff87d20 flushing nmethod 0x000001f0e6d83690
Event: 10.189 Thread 0x000001f0fff87d20 flushing nmethod 0x000001f0e6d85690
Event: 10.189 Thread 0x000001f0fff87d20 flushing nmethod 0x000001f0e6d88390
Event: 10.189 Thread 0x000001f0fff87d20 flushing nmethod 0x000001f0e6d8a210
Event: 10.189 Thread 0x000001f0fff87d20 flushing nmethod 0x000001f0e6d96710
Event: 10.189 Thread 0x000001f0fff87d20 flushing nmethod 0x000001f0e6d99510
Event: 10.189 Thread 0x000001f0fff87d20 flushing nmethod 0x000001f0e6da1310
Event: 10.189 Thread 0x000001f0fff87d20 flushing nmethod 0x000001f0e6db0910
Event: 10.189 Thread 0x000001f0fff87d20 flushing nmethod 0x000001f0e6dc3010
Event: 10.189 Thread 0x000001f0fff87d20 flushing nmethod 0x000001f0e6dd0e10
Event: 10.189 Thread 0x000001f0fff87d20 flushing nmethod 0x000001f0e6dd4f10
Event: 10.189 Thread 0x000001f0fff87d20 flushing nmethod 0x000001f0e6dd7110
Event: 10.189 Thread 0x000001f0fff87d20 flushing nmethod 0x000001f0e6df8a90
Event: 10.189 Thread 0x000001f0fff87d20 flushing nmethod 0x000001f0e6dfb790
Event: 10.189 Thread 0x000001f0fff87d20 flushing nmethod 0x000001f0e6e27f10
Event: 10.189 Thread 0x000001f0fff87d20 flushing nmethod 0x000001f0e6e34b10
Event: 10.190 Thread 0x000001f0fff87d20 flushing nmethod 0x000001f0e6eb1b10
Event: 10.190 Thread 0x000001f0fff87d20 flushing nmethod 0x000001f0e6ee2190


Dynamic libraries:
0x00007ff7dd210000 - 0x00007ff7dd21e000 	C:\Users\super\.jdks\openjdk-17.0.2\bin\java.exe
0x00007fff66350000 - 0x00007fff66548000 	C:\WINDOWS\SYSTEM32\ntdll.dll
0x00007fff65300000 - 0x00007fff653bd000 	C:\WINDOWS\System32\KERNEL32.DLL
0x00007fff63d40000 - 0x00007fff64012000 	C:\WINDOWS\System32\KERNELBASE.dll
0x00007fff63c40000 - 0x00007fff63d40000 	C:\WINDOWS\System32\ucrtbase.dll
0x00007fff5b320000 - 0x00007fff5b33a000 	C:\Users\super\.jdks\openjdk-17.0.2\bin\VCRUNTIME140.dll
0x00007fff61940000 - 0x00007fff61958000 	C:\Users\super\.jdks\openjdk-17.0.2\bin\jli.dll
0x00007fff65160000 - 0x00007fff652fd000 	C:\WINDOWS\System32\USER32.dll
0x00007fff63b00000 - 0x00007fff63b22000 	C:\WINDOWS\System32\win32u.dll
0x00007fff65790000 - 0x00007fff657bb000 	C:\WINDOWS\System32\GDI32.dll
0x00007fff63b30000 - 0x00007fff63c3f000 	C:\WINDOWS\System32\gdi32full.dll
0x00007fff62e00000 - 0x00007fff6309a000 	C:\WINDOWS\WinSxS\amd64_microsoft.windows.common-controls_6595b64144ccf1df_6.0.19041.1110_none_60b5254171f9507e\COMCTL32.dll
0x00007fff63a60000 - 0x00007fff63afd000 	C:\WINDOWS\System32\msvcp_win.dll
0x00007fff65fc0000 - 0x00007fff6605e000 	C:\WINDOWS\System32\msvcrt.dll
0x00007fff64460000 - 0x00007fff64490000 	C:\WINDOWS\System32\IMM32.DLL
0x00007fff61930000 - 0x00007fff6193c000 	C:\Users\super\.jdks\openjdk-17.0.2\bin\vcruntime140_1.dll
0x00007fff567d0000 - 0x00007fff5685d000 	C:\Users\super\.jdks\openjdk-17.0.2\bin\msvcp140.dll
0x00007fff1bab0000 - 0x00007fff1c671000 	C:\Users\super\.jdks\openjdk-17.0.2\bin\server\jvm.dll
0x00007fff643b0000 - 0x00007fff6445e000 	C:\WINDOWS\System32\ADVAPI32.dll
0x00007fff65520000 - 0x00007fff655bc000 	C:\WINDOWS\System32\sechost.dll
0x00007fff65e90000 - 0x00007fff65fb5000 	C:\WINDOWS\System32\RPCRT4.dll
0x00007fff64520000 - 0x00007fff64528000 	C:\WINDOWS\System32\PSAPI.DLL
0x00007fff5d0d0000 - 0x00007fff5d0d9000 	C:\WINDOWS\SYSTEM32\WSOCK32.dll
0x00007fff58560000 - 0x00007fff58587000 	C:\WINDOWS\SYSTEM32\WINMM.dll
0x00007fff583c0000 - 0x00007fff583ca000 	C:\WINDOWS\SYSTEM32\VERSION.dll
0x00007fff653e0000 - 0x00007fff6544b000 	C:\WINDOWS\System32\WS2_32.dll
0x00007fff61c10000 - 0x00007fff61c22000 	C:\WINDOWS\SYSTEM32\kernel.appcore.dll
0x00007fff61910000 - 0x00007fff6191a000 	C:\Users\super\.jdks\openjdk-17.0.2\bin\jimage.dll
0x00007fff63380000 - 0x00007fff63564000 	C:\WINDOWS\SYSTEM32\DBGHELP.DLL
0x00007fff63350000 - 0x00007fff6337c000 	C:\WINDOWS\SYSTEM32\dbgcore.DLL
0x00007fff64320000 - 0x00007fff643a2000 	C:\WINDOWS\System32\bcryptPrimitives.dll
0x00007fff5b240000 - 0x00007fff5b265000 	C:\Users\super\.jdks\openjdk-17.0.2\bin\java.dll
0x00007fff56470000 - 0x00007fff56546000 	C:\Users\super\.jdks\openjdk-17.0.2\bin\jsvml.dll
0x00007fff64a10000 - 0x00007fff65153000 	C:\WINDOWS\System32\SHELL32.dll
0x00007fff60dd0000 - 0x00007fff61561000 	C:\WINDOWS\SYSTEM32\windows.storage.dll
0x00007fff65970000 - 0x00007fff65cc4000 	C:\WINDOWS\System32\combase.dll
0x00007fff62cc0000 - 0x00007fff62cf0000 	C:\WINDOWS\SYSTEM32\Wldp.dll
0x00007fff66060000 - 0x00007fff6610d000 	C:\WINDOWS\System32\SHCORE.dll
0x00007fff649b0000 - 0x00007fff64a05000 	C:\WINDOWS\System32\shlwapi.dll
0x00007fff639a0000 - 0x00007fff639bf000 	C:\WINDOWS\SYSTEM32\profapi.dll
0x00007fff5b2b0000 - 0x00007fff5b2c9000 	C:\Users\super\.jdks\openjdk-17.0.2\bin\net.dll
0x00007fff59950000 - 0x00007fff59a5d000 	C:\WINDOWS\SYSTEM32\WINHTTP.dll
0x00007fff62b80000 - 0x00007fff62bea000 	C:\WINDOWS\system32\mswsock.dll
0x00007fff56ad0000 - 0x00007fff56ae6000 	C:\Users\super\.jdks\openjdk-17.0.2\bin\nio.dll
0x00007fff56970000 - 0x00007fff56988000 	C:\Users\super\.jdks\openjdk-17.0.2\bin\zip.dll
0x00007fff5a0a0000 - 0x00007fff5a0b0000 	C:\Users\super\.jdks\openjdk-17.0.2\bin\verify.dll
0x00007fff56790000 - 0x00007fff5679e000 	C:\Users\super\.jdks\openjdk-17.0.2\bin\sunmscapi.dll
0x00007fff640d0000 - 0x00007fff64226000 	C:\WINDOWS\System32\CRYPT32.dll
0x00007fff62dd0000 - 0x00007fff62df7000 	C:\WINDOWS\SYSTEM32\ncrypt.dll
0x00007fff62d90000 - 0x00007fff62dcb000 	C:\WINDOWS\SYSTEM32\NTASN1.dll
0x00007fff522e0000 - 0x00007fff522e7000 	C:\WINDOWS\system32\wshunix.dll
0x00007fff63710000 - 0x00007fff63728000 	C:\WINDOWS\SYSTEM32\CRYPTSP.dll
0x00007fff623e0000 - 0x00007fff62414000 	C:\WINDOWS\system32\rsaenh.dll
0x00007fff642f0000 - 0x00007fff64317000 	C:\WINDOWS\System32\bcrypt.dll
0x00007fff63960000 - 0x00007fff6398e000 	C:\WINDOWS\SYSTEM32\USERENV.dll
0x00007fff62b40000 - 0x00007fff62b4c000 	C:\WINDOWS\SYSTEM32\CRYPTBASE.dll
0x00007fff62750000 - 0x00007fff6278b000 	C:\WINDOWS\SYSTEM32\IPHLPAPI.DLL
0x00007fff64530000 - 0x00007fff64538000 	C:\WINDOWS\System32\NSI.dll
0x00007fff58bb0000 - 0x00007fff58bc7000 	C:\WINDOWS\SYSTEM32\dhcpcsvc6.DLL
0x00007fff58b90000 - 0x00007fff58bad000 	C:\WINDOWS\SYSTEM32\dhcpcsvc.DLL
0x00007fff62790000 - 0x00007fff6285a000 	C:\WINDOWS\SYSTEM32\DNSAPI.dll

dbghelp: loaded successfully - version: 4.0.5 - missing functions: none
symbol engine: initialized successfully - sym options: 0x614 - pdb path: .;C:\Users\super\.jdks\openjdk-17.0.2\bin;C:\WINDOWS\SYSTEM32;C:\WINDOWS\WinSxS\amd64_microsoft.windows.common-controls_6595b64144ccf1df_6.0.19041.1110_none_60b5254171f9507e;C:\Users\super\.jdks\openjdk-17.0.2\bin\server

VM Arguments:
jvm_args: -Dorg.gradle.internal.worker.tmpdir=C:\Users\super\MP\fc-priority-queue-enotvtapke\build\tmp\test\work -Dorg.gradle.native=false -Xmx4g -Dfile.encoding=windows-1251 -Duser.country=RU -Duser.language=ru -Duser.variant -ea 
java_command: worker.org.gradle.process.internal.worker.GradleWorkerMain 'Gradle Test Executor 2'
java_class_path (initial): C:\\Users\\super\\.gradle\\caches\\7.5.1\\workerMain\\gradle-worker.jar;C:\\Users\\super\\MP\\fc-priority-queue-enotvtapke\\build\\classes\\kotlin\\main;C:\\Users\\super\\MP\\fc-priority-queue-enotvtapke\\build\\classes\\atomicfu\\test;C:\\Users\\super\\.gradle\\caches\\modules-2\\files-2.1\\org.jetbrains.kotlinx\\lincheck-jvm\\2.15\\9edee873472aeed8bd4d1cdc08567545a153185\\lincheck-jvm-2.15.jar;C:\\Users\\super\\.gradle\\caches\\modules-2\\files-2.1\\org.jetbrains.kotlin\\kotlin-stdlib-jdk8\\1.7.10\\d70d7d2c56371f7aa18f32e984e3e2e998fe9081\\kotlin-stdlib-jdk8-1.7.10.jar;C:\\Users\\super\\.gradle\\caches\\modules-2\\files-2.1\\org.jetbrains.kotlin\\kotlin-reflect\\1.7.10\\165e600dfea6185cf5efa700756294cc4904dbeb\\kotlin-reflect-1.7.10.jar;C:\\Users\\super\\.gradle\\caches\\modules-2\\files-2.1\\org.jetbrains.kotlin\\kotlin-test-junit\\1.7.10\\27228b08adb999a47ae98ac03e98e1f3132f83ca\\kotlin-test-junit-1.7.10.jar;C:\\Users\\super\\.gradle\\caches\\modules-2\\files-2.1\\com.amazonaws\\aws-java-sdk\\1.12.314\\40d72afa149e472b810e22f4f05ab1f9c1d47f16\\aws-java-sdk-1.12.314.jar;C:\\Users\\super\\.gradle\\caches\\modules-2\\files-2.1\\org.jetbrains.kotlinx\\atomicfu-jvm\\0.18.3\\725642ce0600a3fd4f102e1bfcf5355ac1023209\\atomicfu-jvm-0.18.3.jar;C:\\Users\\super\\.gradle\\caches\\modules-2\\files-2.1\\org.jetbrains.kotlin\\kotlin-stdlib-jdk7\\1.7.10\\1ef73fee66f45d52c67e2aca12fd945dbe0659bf\\kotlin-stdlib-jdk7-1.7.10.jar;C:\\Users\\super\\.gradle\\caches\\modules-2\\files-2.1\\org.jetbrains.kotlin\\kotlin-test\\1.7.10\\4d644a88cc0a386712d4b1c1b4ca748203421e07\\kotlin-test-1.7.10.jar;C:\\Users\\super\\.gradle\\caches\\modules-2\\files-2.1\\org.jetbrains.kotlinx\\kotlinx-coroutines-core-jvm\\1.4.0\\afa1313d91772863b97af8d242860a3a05f03f98\\kotlinx-coroutines-core-jvm-1.4.0.jar;C:\\Users\\super\\.gradle\\caches\\modules-2\\files-2.1\\org.jetbrains.kotlin\\kotlin-stdlib\\1.7.10\\d2abf9e77736acc4450dc4a3f707fa2c10f5099d\\kotlin-stdlib-1.7.10.jar;C:\\
Launcher Type: SUN_STANDARD

[Global flags]
     intx CICompilerCount                          = 4                                         {product} {ergonomic}
     uint ConcGCThreads                            = 2                                         {product} {ergonomic}
     uint G1ConcRefinementThreads                  = 8                                         {product} {ergonomic}
   size_t G1HeapRegionSize                         = 2097152                                   {product} {ergonomic}
    uintx GCDrainStackTargetSize                   = 64                                        {product} {ergonomic}
   size_t InitialHeapSize                          = 117440512                                 {product} {ergonomic}
   size_t MarkStackSize                            = 4194304                                   {product} {ergonomic}
   size_t MaxHeapSize                              = 4294967296                                {product} {command line}
   size_t MaxNewSize                               = 2575302656                                {product} {ergonomic}
   size_t MinHeapDeltaBytes                        = 2097152                                   {product} {ergonomic}
   size_t MinHeapSize                              = 8388608                                   {product} {ergonomic}
    uintx NonNMethodCodeHeapSize                   = 5839372                                {pd product} {ergonomic}
    uintx NonProfiledCodeHeapSize                  = 122909434                              {pd product} {ergonomic}
    uintx ProfiledCodeHeapSize                     = 122909434                              {pd product} {ergonomic}
    uintx ReservedCodeCacheSize                    = 251658240                              {pd product} {ergonomic}
     bool SegmentedCodeCache                       = true                                      {product} {ergonomic}
   size_t SoftMaxHeapSize                          = 4294967296                             {manageable} {ergonomic}
     bool UseCompressedClassPointers               = true                           {product lp64_product} {ergonomic}
     bool UseCompressedOops                        = true                           {product lp64_product} {ergonomic}
     bool UseG1GC                                  = true                                      {product} {ergonomic}
     bool UseLargePagesIndividualAllocation        = false                                  {pd product} {ergonomic}

Logging:
Log output configuration:
 #0: stdout all=warning uptime,level,tags
 #1: stderr all=off uptime,level,tags

Environment Variables:
JAVA_HOME=C:\Users\super\.jdks\openjdk-17.0.2\
PATH=C:\Program Files\Eclipse Adoptium\jdk-17.0.2.8-hotspot\bin;C:\Python310\Scripts\;C:\Python310\;C:\Python39\Scripts\;C:\Python39\;C:\Program Files\Python37\Scripts\;C:\Program Files\Python37\;C:\WINDOWS\system32;C:\WINDOWS;C:\WINDOWS\System32\Wbem;C:\WINDOWS\System32\WindowsPowerShell\v1.0\;C:\WINDOWS\System32\OpenSSH\;C:\Program Files\Git\cmd;C:\ProgramData\chocolatey\bin;C:\ProgramData\pbox;C:\Programs\msys\usr\bin;C:\Programs\maven3\bin;C:\Program Files\nodejs\;C:\Program Files\Docker\Docker\resources\bin;C:\ProgramData\DockerDesktop\version-bin;C:\Strawberry\c\bin;C:\Strawberry\perl\site\bin;C:\Strawberry\perl\bin;C:\Users\super\AppData\Roaming\local\bin;
USERNAME=super
OS=Windows_NT
PROCESSOR_IDENTIFIER=AMD64 Family 23 Model 24 Stepping 1, AuthenticAMD



---------------  S Y S T E M  ---------------

OS:
 Windows 10 , 64 bit Build 19041 (10.0.19041.1889)
OS uptime: 2 days 0:14 hours
Hyper-V role detected

CPU: total 8 (initial active 8) (8 cores per cpu, 2 threads per core) family 23 model 24 stepping 1 microcode 0x0, cx8, cmov, fxsr, ht, mmx, 3dnowpref, sse, sse2, sse3, ssse3, sse4a, sse4.1, sse4.2, popcnt, lzcnt, tsc, tscinvbit, avx, avx2, aes, clmul, bmi1, bmi2, adx, sha, fma, vzeroupper, clflush, clflushopt, hv

Memory: 4k page, system-wide physical 7103M (425M free)
TotalPageFile size 18886M (AvailPageFile size 1039M)
current process WorkingSet (physical memory assigned to process): 524M, peak: 524M
current process commit charge ("private bytes"): 751M, peak: 1827M

vm_info: OpenJDK 64-Bit Server VM (17.0.2+8-86) for windows-amd64 JRE (17.0.2+8-86), built on Dec  7 2021 21:49:10 by "mach5one" with MS VC++ 16.8 / 16.9 (VS2019)

END.
