mem2.bash 91691

MiB Mem : 1817.2 total, 1622.1 free, 114.2 used, 80.9 buff/cache
MiB Swap: 820.0 total, 723.7 free, 96.3 used. 1579.9 avail Mem
mem1.bash mem2.bash systemd-journal systemd top
91691 user 20 0 242448 23008 2928 R 41.2 1.2 0:00.47 mem2.bash

MiB Mem : 1817.2 total, 1553.4 free, 182.8 used, 81.0 buff/cache
MiB Swap: 820.0 total, 723.7 free, 96.3 used. 1511.1 avail Mem
mem1.bash mem2.bash systemd-journal systemd top
91691 user 20 0 277164 57592 2928 R 33.3 3.1 0:01.26 mem2.bash

MiB Mem : 1817.2 total, 1489.9 free, 246.3 used, 81.0 buff/cache
MiB Swap: 820.0 total, 723.7 free, 96.3 used. 1450.1 avail Mem
mem1.bash mem2.bash systemd-journal systemd top
91691 user 20 0 306600 87160 2928 R 37.5 4.7 0:02.01 mem2.bash

MiB Mem : 1817.2 total, 1422.0 free, 314.2 used, 81.0 buff/cache
MiB Swap: 820.0 total, 723.7 free, 96.3 used. 1382.0 avail Mem
mem1.bash mem2.bash systemd-journal systemd top
91691 user 20 0 341844 122272 2928 R 35.0 6.6 0:02.83 mem2.bash

MiB Mem : 1817.2 total, 1358.8 free, 377.4 used, 81.0 buff/cache
MiB Swap: 820.0 total, 723.7 free, 96.3 used. 1316.3 avail Mem
mem1.bash mem2.bash systemd-journal systemd top
91691 user 20 0 374316 154744 2928 R 35.3 8.3 0:03.62 mem2.bash

MiB Mem : 1817.2 total, 1293.5 free, 442.6 used, 81.0 buff/cache
MiB Swap: 820.0 total, 723.7 free, 96.3 used. 1253.5 avail Mem
mem1.bash mem2.bash systemd-journal systemd top
91691 user 20 0 407052 187480 2928 R 35.3 10.1 0:04.41 mem2.bash

MiB Mem : 1817.2 total, 1229.9 free, 506.2 used, 81.0 buff/cache
MiB Swap: 820.0 total, 723.7 free, 96.3 used. 1188.1 avail Mem
mem1.bash mem2.bash systemd-journal systemd top
91691 user 20 0 440976 221536 2928 R 43.8 11.9 0:05.20 mem2.bash

MiB Mem : 1817.2 total, 1162.6 free, 573.6 used, 81.0 buff/cache
MiB Swap: 820.0 total, 723.7 free, 96.3 used. 1120.5 avail Mem
mem1.bash mem2.bash systemd-journal systemd top
91691 user 20 0 474504 255064 2928 R 41.2 13.7 0:05.99 mem2.bash

MiB Mem : 1817.2 total, 1094.4 free, 641.8 used, 81.0 buff/cache
MiB Swap: 820.0 total, 723.7 free, 96.3 used. 1052.0 avail Mem
mem1.bash mem2.bash systemd-journal systemd top
91691 user 20 0 508296 288856 2928 R 29.4 15.5 0:06.77 mem2.bash

MiB Mem : 1817.2 total, 1030.3 free, 705.9 used, 81.0 buff/cache
MiB Swap: 820.0 total, 723.7 free, 96.3 used. 988.0 avail Mem
mem1.bash mem2.bash systemd-journal systemd top
91691 user 20 0 542616 323176 2928 R 30.0 17.4 0:07.55 mem2.bash

MiB Mem : 1817.2 total, 961.6 free, 774.5 used, 81.0 buff/cache
MiB Swap: 820.0 total, 723.7 free, 96.3 used. 920.7 avail Mem
mem1.bash mem2.bash systemd-journal systemd top
91691 user 20 0 576936 357496 2928 R 38.9 19.2 0:08.34 mem2.bash

MiB Mem : 1817.2 total, 894.4 free, 841.8 used, 81.0 buff/cache
MiB Swap: 820.0 total, 723.7 free, 96.3 used. 853.0 avail Mem
mem1.bash mem2.bash systemd-journal systemd top
91691 user 20 0 610596 391024 2928 R 31.2 21.0 0:09.11 mem2.bash

MiB Mem : 1817.2 total, 829.3 free, 906.9 used, 81.0 buff/cache
MiB Swap: 820.0 total, 723.7 free, 96.3 used. 786.2 avail Mem
mem1.bash mem2.bash systemd-journal systemd top
91691 user 20 0 644256 424816 2928 R 36.8 22.8 0:09.91 mem2.bash

MiB Mem : 1817.2 total, 763.3 free, 972.8 used, 81.0 buff/cache
MiB Swap: 820.0 total, 723.7 free, 96.3 used. 719.8 avail Mem
mem1.bash mem2.bash systemd-journal systemd top
91691 user 20 0 678048 458608 2928 R 26.3 24.6 0:10.71 mem2.bash

MiB Mem : 1817.2 total, 695.3 free, 1040.9 used, 81.0 buff/cache
MiB Swap: 820.0 total, 723.7 free, 96.3 used. 655.2 avail Mem
mem1.bash mem2.bash systemd-journal systemd top
91691 user 20 0 710520 491080 2928 R 26.3 26.4 0:11.48 mem2.bash

MiB Mem : 1817.2 total, 630.2 free, 1106.0 used, 81.0 buff/cache
MiB Swap: 820.0 total, 723.7 free, 96.3 used. 589.2 avail Mem
mem1.bash mem2.bash systemd-journal systemd top
91691 user 20 0 744972 525400 2928 R 29.4 28.2 0:12.27 mem2.bash

MiB Mem : 1817.2 total, 569.4 free, 1166.8 used, 81.0 buff/cache
MiB Swap: 820.0 total, 723.7 free, 96.3 used. 526.5 avail Mem
mem1.bash mem2.bash systemd-journal systemd top
91691 user 20 0 777840 558400 2928 R 31.2 30.0 0:13.06 mem2.bash

MiB Mem : 1817.2 total, 500.0 free, 1236.2 used, 81.0 buff/cache
MiB Swap: 820.0 total, 723.7 free, 96.3 used. 458.2 avail Mem
mem1.bash mem2.bash systemd-journal systemd top
91691 user 20 0 812820 593248 2928 R 43.8 31.9 0:13.85 mem2.bash

MiB Mem : 1817.2 total, 431.7 free, 1304.5 used, 81.0 buff/cache
MiB Swap: 820.0 total, 723.7 free, 96.3 used. 390.8 avail Mem
mem1.bash mem2.bash systemd-journal systemd top
91691 user 20 0 845424 625984 2928 R 31.2 33.6 0:14.63 mem2.bash

MiB Mem : 1817.2 total, 363.8 free, 1372.4 used, 81.0 buff/cache
MiB Swap: 820.0 total, 723.7 free, 96.3 used. 322.7 avail Mem
mem1.bash mem2.bash systemd-journal systemd top
91691 user 20 0 883308 663736 2928 R 42.1 35.7 0:15.46 mem2.bash

MiB Mem : 1817.2 total, 295.8 free, 1440.3 used, 81.0 buff/cache
MiB Swap: 820.0 total, 723.7 free, 96.3 used. 255.9 avail Mem
mem1.bash mem2.bash systemd-journal systemd top
91691 user 20 0 915384 695944 2928 R 35.3 37.4 0:16.23 mem2.bash

MiB Mem : 1817.2 total, 226.7 free, 1509.5 used, 81.0 buff/cache
MiB Swap: 820.0 total, 723.7 free, 96.3 used. 184.2 avail Mem
mem1.bash mem2.bash systemd-journal systemd top
91691 user 20 0 951684 732112 2928 R 43.8 39.3 0:17.03 mem2.bash

MiB Mem : 1817.2 total, 159.7 free, 1576.5 used, 81.0 buff/cache
MiB Swap: 820.0 total, 723.7 free, 96.3 used. 119.8 avail Mem
mem1.bash mem2.bash systemd-journal systemd top
91691 user 20 0 984684 765112 2928 R 41.2 41.1 0:17.82 mem2.bash

MiB Mem : 1817.2 total, 95.9 free, 1640.3 used, 81.0 buff/cache
MiB Swap: 820.0 total, 723.7 free, 96.3 used. 54.6 avail Mem
mem1.bash mem2.bash systemd-journal systemd top
91691 user 20 0 1018080 798640 2928 R 35.0 42.9 0:18.60 mem2.bash

MiB Mem : 1817.2 total, 71.9 free, 1700.4 used, 44.9 buff/cache
MiB Swap: 820.0 total, 700.7 free, 119.3 used. 34.1 avail Mem
mem1.bash mem2.bash systemd-journal top top
91691 user 20 0 1048440 784440 2556 R 33.3 42.2 0:19.39 mem2.bash

MiB Mem : 1817.2 total, 70.0 free, 1696.7 used, 50.5 buff/cache
MiB Swap: 820.0 total, 651.7 free, 168.2 used. 14.4 avail Mem
mem1.bash mem2.bash systemd-journal top top
91691 user 20 0 1080120 780056 2556 R 28.0 41.9 0:20.16 mem2.bash

MiB Mem : 1817.2 total, 70.8 free, 1695.8 used, 50.6 buff/cache
MiB Swap: 820.0 total, 593.9 free, 226.0 used. 14.4 avail Mem
mem1.bash mem2.bash systemd-journal top top
91691 user 20 0 1107312 777676 2556 R 33.3 41.8 0:20.90 mem2.bash

MiB Mem : 1817.2 total, 68.0 free, 1700.0 used, 49.1 buff/cache
MiB Swap: 820.0 total, 531.2 free, 288.8 used. 11.2 avail Mem
mem1.bash mem2.bash systemd-journal top top
91691 user 20 0 1136220 776696 2556 R 38.9 41.7 0:21.64 mem2.bash

MiB Mem : 1817.2 total, 66.1 free, 1702.7 used, 48.4 buff/cache
MiB Swap: 820.0 total, 469.1 free, 350.9 used. 14.8 avail Mem
mem1.bash mem2.bash systemd-journal top top
91691 user 20 0 1164336 776048 2556 R 38.9 41.7 0:22.35 mem2.bash

MiB Mem : 1817.2 total, 72.6 free, 1697.2 used, 47.3 buff/cache
MiB Swap: 820.0 total, 413.2 free, 406.8 used. 20.7 avail Mem
mem1.bash mem2.bash systemd-journal top top
91691 user 20 0 1188756 772448 2556 R 41.2 41.5 0:22.98 mem2.bash

MiB Mem : 1817.2 total, 70.9 free, 1698.3 used, 48.0 buff/cache
MiB Swap: 820.0 total, 357.1 free, 462.9 used. 22.9 avail Mem
mem1.bash mem2.bash systemd-journal top top
91691 user 20 0 1216080 771292 2556 R 33.3 41.4 0:23.65 mem2.bash

MiB Mem : 1817.2 total, 71.5 free, 1698.6 used, 47.0 buff/cache
MiB Swap: 820.0 total, 307.0 free, 513.0 used. 13.8 avail Mem
mem1.bash mem2.bash systemd-journal top top
91691 user 20 0 1244724 769372 2556 R 40.0 41.3 0:24.37 mem2.bash

MiB Mem : 1817.2 total, 71.2 free, 1700.0 used, 45.9 buff/cache
MiB Swap: 820.0 total, 242.3 free, 577.7 used. 19.0 avail Mem
mem1.bash mem2.bash systemd-journal top top
91691 user 20 0 1275744 765420 2556 R 8.3 41.1 0:25.14 mem2.bash

MiB Mem : 1817.2 total, 70.8 free, 1699.1 used, 47.2 buff/cache
MiB Swap: 820.0 total, 171.5 free, 648.5 used. 24.0 avail Mem
mem1.bash mem2.bash systemd-journal top top
91691 user 20 0 1304520 763780 2556 R 37.5 41.0 0:25.83 mem2.bash

MiB Mem : 1817.2 total, 70.0 free, 1698.2 used, 49.0 buff/cache
MiB Swap: 820.0 total, 115.6 free, 704.4 used. 22.8 avail Mem
mem1.bash mem2.bash systemd-journal top top
91691 user 20 0 1333164 764556 2556 R 31.2 41.1 0:26.54 mem2.bash

MiB Mem : 1817.2 total, 74.3 free, 1694.5 used, 48.3 buff/cache
MiB Swap: 820.0 total, 48.3 free, 771.7 used. 23.3 avail Mem
mem1.bash mem2.bash systemd-journal top top
91691 user 20 0 1361412 765676 2556 R 23.8 41.1 0:27.26 mem2.bash

MiB Mem : 1817.2 total, 69.0 free, 1700.1 used, 48.0 buff/cache
MiB Swap: 820.0 total, 0.4 free, 819.6 used. 13.2 avail Mem
mem2.bash systemd-journal top top systemd
91691 user 20 0 1415532 799328 1668 R 76.5 43.0 0:28.79 mem2.bash

MiB Mem : 1817.2 total, 823.6 free, 931.5 used, 62.1 buff/cache
MiB Swap: 820.0 total, 336.4 free, 483.6 used. 774.6 avail Mem
mem2.bash systemd-journal top awk tuned
91691 user 20 0 1470576 854240 1668 R 81.2 45.9 0:30.20 mem2.bash

MiB Mem : 1817.2 total, 766.6 free, 987.9 used, 62.7 buff/cache
MiB Swap: 820.0 total, 336.4 free, 483.6 used. 717.2 avail Mem
mem2.bash systemd-journal top awk tuned
91691 user 20 0 1528656 912500 1860 R 76.5 49.0 0:31.66 mem2.bash

MiB Mem : 1817.2 total, 711.0 free, 1043.5 used, 62.7 buff/cache
MiB Swap: 820.0 total, 336.4 free, 483.6 used. 661.4 avail Mem
mem2.bash systemd-journal top awk tuned
91691 user 20 0 1585944 969788 1860 R 81.2 52.1 0:33.16 mem2.bash

MiB Mem : 1817.2 total, 656.1 free, 1098.4 used, 62.7 buff/cache
MiB Swap: 820.0 total, 336.4 free, 483.6 used. 605.8 avail Mem
mem2.bash systemd-journal top awk tuned
91691 user 20 0 1642308 1.0g 1860 R 76.5 55.2 0:34.63 mem2.bash

MiB Mem : 1817.2 total, 595.4 free, 1159.1 used, 62.7 buff/cache
MiB Swap: 820.0 total, 336.4 free, 483.6 used. 544.6 avail Mem
mem2.bash systemd-journal top awk tuned
91691 user 20 0 1706196 1.0g 1860 R 75.0 58.6 0:36.14 mem2.bash

MiB Mem : 1817.2 total, 533.0 free, 1221.5 used, 62.7 buff/cache
MiB Swap: 820.0 total, 336.4 free, 483.6 used. 485.1 avail Mem
mem2.bash systemd-journal top awk tuned
91691 user 20 0 1767576 1.1g 1860 R 66.7 61.9 0:37.62 mem2.bash

MiB Mem : 1817.2 total, 470.3 free, 1284.2 used, 62.7 buff/cache
MiB Swap: 820.0 total, 336.4 free, 483.6 used. 419.2 avail Mem
mem2.bash systemd-journal top awk tuned
91691 user 20 0 1832916 1.2g 1860 R 75.0 65.4 0:39.15 mem2.bash

MiB Mem : 1817.2 total, 412.4 free, 1342.1 used, 62.7 buff/cache
MiB Swap: 820.0 total, 336.4 free, 483.6 used. 364.3 avail Mem
mem2.bash systemd-journal top awk tuned
91691 user 20 0 1891656 1.2g 1860 R 80.0 68.5 0:40.62 mem2.bash

MiB Mem : 1817.2 total, 356.1 free, 1398.4 used, 62.7 buff/cache
MiB Swap: 820.0 total, 336.4 free, 483.6 used. 307.0 avail Mem
mem2.bash systemd-journal top awk tuned
91691 user 20 0 1947096 1.3g 1860 R 61.1 71.5 0:42.10 mem2.bash

MiB Mem : 1817.2 total, 301.0 free, 1453.5 used, 62.7 buff/cache
MiB Swap: 820.0 total, 336.4 free, 483.6 used. 251.0 avail Mem
mem2.bash systemd-journal top awk tuned
91691 user 20 0 2006364 1.3g 1860 R 81.2 74.7 0:43.59 mem2.bash

MiB Mem : 1817.2 total, 243.6 free, 1510.9 used, 62.7 buff/cache
MiB Swap: 820.0 total, 336.4 free, 483.6 used. 193.0 avail Mem
mem2.bash systemd-journal top awk tuned
91691 user 20 0 2068140 1.4g 1860 R 81.2 78.0 0:45.11 mem2.bash

MiB Mem : 1817.2 total, 177.1 free, 1577.4 used, 62.7 buff/cache
MiB Swap: 820.0 total, 336.4 free, 483.6 used. 127.9 avail Mem
mem2.bash systemd-journal top awk tuned
91691 user 20 0 2131368 1.4g 1860 R 82.4 81.4 0:46.65 mem2.bash

MiB Mem : 1817.2 total, 115.8 free, 1638.6 used, 62.8 buff/cache
MiB Swap: 820.0 total, 336.4 free, 483.6 used. 66.0 avail Mem
mem2.bash systemd-journal top awk tuned
91691 user 20 0 2197104 1.5g 1860 R 81.2 85.0 0:48.14 mem2.bash

MiB Mem : 1817.2 total, 77.7 free, 1677.4 used, 62.1 buff/cache
MiB Swap: 820.0 total, 311.9 free, 508.1 used. 28.5 avail Mem
mem2.bash systemd-journal top awk tuned
91691 user 20 0 2255184 1.5g 1860 R 23.8 85.9 0:49.45 mem2.bash

MiB Mem : 1817.2 total, 69.7 free, 1686.6 used, 60.9 buff/cache
MiB Swap: 820.0 total, 266.3 free, 553.7 used. 18.9 avail Mem
mem2.bash systemd-journal top awk tuned
91691 user 20 0 2306796 1.5g 1860 R 76.5 85.9 0:50.70 mem2.bash

MiB Mem : 1817.2 total, 66.4 free, 1691.6 used, 59.2 buff/cache
MiB Swap: 820.0 total, 202.3 free, 617.6 used. 31.0 avail Mem
mem2.bash systemd-journal top awk tuned
91691 user 20 0 2360784 1.5g 1860 R 80.0 86.4 0:52.06 mem2.bash

MiB Mem : 1817.2 total, 70.5 free, 1689.8 used, 56.9 buff/cache
MiB Swap: 820.0 total, 161.0 free, 659.0 used. 16.8 avail Mem
mem2.bash systemd-journal top awk tuned
91691 user 20 0 2410680 1.5g 1860 R 68.8 85.7 0:53.29 mem2.bash

MiB Mem : 1817.2 total, 76.3 free, 1685.9 used, 55.0 buff/cache
MiB Swap: 820.0 total, 101.0 free, 719.0 used. 22.6 avail Mem
mem2.bash systemd-journal top top awk
91691 user 20 0 2467440 1.5g 1860 R 73.3 85.4 0:54.62 mem2.bash

MiB Mem : 1817.2 total, 78.9 free, 1685.5 used, 52.7 buff/cache
MiB Swap: 820.0 total, 40.4 free, 779.6 used. 23.0 avail Mem
mem2.bash systemd-journal top top awk
91691 user 20 0 2524596 1.5g 1860 R 33.3 85.2 0:55.96 mem2.bash

MiB Mem : 1817.2 total, 1669.6 free, 95.0 used, 52.6 buff/cache
MiB Swap: 820.0 total, 722.8 free, 97.2 used. 1620.1 avail Mem
systemd-journal top awk tuned systemd

[131637.105263] Out of memory: Killed process 91691 (mem2.bash) total-vm:2596668kB, anon-rss:1634336kB, file-rss:0kB, shmem-rss:0kB, UID:1000 pgtables:4716kB oom_score_adj:0 [131637.447113] oom_reaper: reaped process 91691 (mem2.bash), now anon-rss:0kB, file-rss:0kB, shmem-rss:0kB
3000000
